ARM GAS  C:\Users\cnpan\AppData\Local\Temp\ccbVQtPQ.s 			page 1


   1              		.syntax unified
   2              		.cpu cortex-m0
   3              		.fpu softvfp
   4              		.eabi_attribute 20, 1
   5              		.eabi_attribute 21, 1
   6              		.eabi_attribute 23, 3
   7              		.eabi_attribute 24, 1
   8              		.eabi_attribute 25, 1
   9              		.eabi_attribute 26, 1
  10              		.eabi_attribute 30, 6
  11              		.eabi_attribute 34, 0
  12              		.eabi_attribute 18, 4
  13              		.thumb
  14              		.syntax unified
  15              		.file	"cyfitter_cfg.c"
  16              		.text
  17              	.Ltext0:
  18              		.cfi_sections	.debug_frame
  19              		.section	.text.CYMEMZERO,"ax",%progbits
  20              		.align	2
  21              		.code	16
  22              		.thumb_func
  23              		.type	CYMEMZERO, %function
  24              	CYMEMZERO:
  25              	.LFB2:
  26              		.file 1 "Generated_Source\\PSoC4\\cyfitter_cfg.c"
   1:Generated_Source\PSoC4/cyfitter_cfg.c **** 
   2:Generated_Source\PSoC4/cyfitter_cfg.c **** /*******************************************************************************
   3:Generated_Source\PSoC4/cyfitter_cfg.c **** * File Name: cyfitter_cfg.c
   4:Generated_Source\PSoC4/cyfitter_cfg.c **** * 
   5:Generated_Source\PSoC4/cyfitter_cfg.c **** * PSoC Creator  4.1 Update 1
   6:Generated_Source\PSoC4/cyfitter_cfg.c **** *
   7:Generated_Source\PSoC4/cyfitter_cfg.c **** * Description:
   8:Generated_Source\PSoC4/cyfitter_cfg.c **** * This file contains device initialization code.
   9:Generated_Source\PSoC4/cyfitter_cfg.c **** * Except for the user defined sections in CyClockStartupError(), this file should not be modified.
  10:Generated_Source\PSoC4/cyfitter_cfg.c **** * This file is automatically generated by PSoC Creator.
  11:Generated_Source\PSoC4/cyfitter_cfg.c **** *
  12:Generated_Source\PSoC4/cyfitter_cfg.c **** ********************************************************************************
  13:Generated_Source\PSoC4/cyfitter_cfg.c **** * Copyright (c) 2007-2017 Cypress Semiconductor.  All rights reserved.
  14:Generated_Source\PSoC4/cyfitter_cfg.c **** * You may use this file only in accordance with the license, terms, conditions, 
  15:Generated_Source\PSoC4/cyfitter_cfg.c **** * disclaimers, and limitations in the end user license agreement accompanying 
  16:Generated_Source\PSoC4/cyfitter_cfg.c **** * the software package with which this file was provided.
  17:Generated_Source\PSoC4/cyfitter_cfg.c **** ********************************************************************************/
  18:Generated_Source\PSoC4/cyfitter_cfg.c **** 
  19:Generated_Source\PSoC4/cyfitter_cfg.c **** #include <string.h>
  20:Generated_Source\PSoC4/cyfitter_cfg.c **** #include "cytypes.h"
  21:Generated_Source\PSoC4/cyfitter_cfg.c **** #include "cydevice_trm.h"
  22:Generated_Source\PSoC4/cyfitter_cfg.c **** #include "cyfitter.h"
  23:Generated_Source\PSoC4/cyfitter_cfg.c **** #include "CyLib.h"
  24:Generated_Source\PSoC4/cyfitter_cfg.c **** #include "cyfitter_cfg.h"
  25:Generated_Source\PSoC4/cyfitter_cfg.c **** 
  26:Generated_Source\PSoC4/cyfitter_cfg.c **** 
  27:Generated_Source\PSoC4/cyfitter_cfg.c **** #if defined(__GNUC__) || defined(__ARMCC_VERSION)
  28:Generated_Source\PSoC4/cyfitter_cfg.c ****     #define CYPACKED 
  29:Generated_Source\PSoC4/cyfitter_cfg.c ****     #define CYPACKED_ATTR __attribute__ ((packed))
  30:Generated_Source\PSoC4/cyfitter_cfg.c ****     #define CYALIGNED __attribute__ ((aligned))
  31:Generated_Source\PSoC4/cyfitter_cfg.c ****     #define CY_CFG_UNUSED __attribute__ ((unused))
ARM GAS  C:\Users\cnpan\AppData\Local\Temp\ccbVQtPQ.s 			page 2


  32:Generated_Source\PSoC4/cyfitter_cfg.c ****     #ifndef CY_CFG_SECTION
  33:Generated_Source\PSoC4/cyfitter_cfg.c ****         #define CY_CFG_SECTION __attribute__ ((section(".psocinit")))
  34:Generated_Source\PSoC4/cyfitter_cfg.c ****     #endif
  35:Generated_Source\PSoC4/cyfitter_cfg.c ****     
  36:Generated_Source\PSoC4/cyfitter_cfg.c ****     #if defined(__ARMCC_VERSION)
  37:Generated_Source\PSoC4/cyfitter_cfg.c ****         #define CY_CFG_MEMORY_BARRIER() __memory_changed()
  38:Generated_Source\PSoC4/cyfitter_cfg.c ****     #else
  39:Generated_Source\PSoC4/cyfitter_cfg.c ****         #define CY_CFG_MEMORY_BARRIER() __sync_synchronize()
  40:Generated_Source\PSoC4/cyfitter_cfg.c ****     #endif
  41:Generated_Source\PSoC4/cyfitter_cfg.c ****     
  42:Generated_Source\PSoC4/cyfitter_cfg.c **** #elif defined(__ICCARM__)
  43:Generated_Source\PSoC4/cyfitter_cfg.c ****     #include <intrinsics.h>
  44:Generated_Source\PSoC4/cyfitter_cfg.c **** 
  45:Generated_Source\PSoC4/cyfitter_cfg.c ****     #define CYPACKED __packed
  46:Generated_Source\PSoC4/cyfitter_cfg.c ****     #define CYPACKED_ATTR 
  47:Generated_Source\PSoC4/cyfitter_cfg.c ****     #define CYALIGNED _Pragma("data_alignment=4")
  48:Generated_Source\PSoC4/cyfitter_cfg.c ****     #define CY_CFG_UNUSED _Pragma("diag_suppress=Pe177")
  49:Generated_Source\PSoC4/cyfitter_cfg.c ****     #define CY_CFG_SECTION _Pragma("location=\".psocinit\"")
  50:Generated_Source\PSoC4/cyfitter_cfg.c ****     
  51:Generated_Source\PSoC4/cyfitter_cfg.c ****     #define CY_CFG_MEMORY_BARRIER() __DMB()
  52:Generated_Source\PSoC4/cyfitter_cfg.c ****     
  53:Generated_Source\PSoC4/cyfitter_cfg.c **** #else
  54:Generated_Source\PSoC4/cyfitter_cfg.c ****     #error Unsupported toolchain
  55:Generated_Source\PSoC4/cyfitter_cfg.c **** #endif
  56:Generated_Source\PSoC4/cyfitter_cfg.c **** 
  57:Generated_Source\PSoC4/cyfitter_cfg.c **** #ifndef CYCODE
  58:Generated_Source\PSoC4/cyfitter_cfg.c ****     #define CYCODE
  59:Generated_Source\PSoC4/cyfitter_cfg.c **** #endif
  60:Generated_Source\PSoC4/cyfitter_cfg.c **** #ifndef CYDATA
  61:Generated_Source\PSoC4/cyfitter_cfg.c ****     #define CYDATA
  62:Generated_Source\PSoC4/cyfitter_cfg.c **** #endif
  63:Generated_Source\PSoC4/cyfitter_cfg.c **** #ifndef CYFAR
  64:Generated_Source\PSoC4/cyfitter_cfg.c ****     #define CYFAR
  65:Generated_Source\PSoC4/cyfitter_cfg.c **** #endif
  66:Generated_Source\PSoC4/cyfitter_cfg.c **** #ifndef CYXDATA
  67:Generated_Source\PSoC4/cyfitter_cfg.c ****     #define CYXDATA
  68:Generated_Source\PSoC4/cyfitter_cfg.c **** #endif
  69:Generated_Source\PSoC4/cyfitter_cfg.c **** 
  70:Generated_Source\PSoC4/cyfitter_cfg.c **** 
  71:Generated_Source\PSoC4/cyfitter_cfg.c **** CY_CFG_UNUSED
  72:Generated_Source\PSoC4/cyfitter_cfg.c **** static void CYMEMZERO(void *s, size_t n);
  73:Generated_Source\PSoC4/cyfitter_cfg.c **** CY_CFG_UNUSED
  74:Generated_Source\PSoC4/cyfitter_cfg.c **** static void CYMEMZERO(void *s, size_t n)
  75:Generated_Source\PSoC4/cyfitter_cfg.c **** {
  27              		.loc 1 75 0
  28              		.cfi_startproc
  29              		@ args = 0, pretend = 0, frame = 8
  30              		@ frame_needed = 1, uses_anonymous_args = 0
  31 0000 80B5     		push	{r7, lr}
  32              		.cfi_def_cfa_offset 8
  33              		.cfi_offset 7, -8
  34              		.cfi_offset 14, -4
  35 0002 82B0     		sub	sp, sp, #8
  36              		.cfi_def_cfa_offset 16
  37 0004 00AF     		add	r7, sp, #0
  38              		.cfi_def_cfa_register 7
  39 0006 7860     		str	r0, [r7, #4]
ARM GAS  C:\Users\cnpan\AppData\Local\Temp\ccbVQtPQ.s 			page 3


  40 0008 3960     		str	r1, [r7]
  76:Generated_Source\PSoC4/cyfitter_cfg.c **** 	(void)memset(s, 0, n);
  41              		.loc 1 76 0
  42 000a 3A68     		ldr	r2, [r7]
  43 000c 7B68     		ldr	r3, [r7, #4]
  44 000e 0021     		movs	r1, #0
  45 0010 1800     		movs	r0, r3
  46 0012 FFF7FEFF 		bl	memset
  77:Generated_Source\PSoC4/cyfitter_cfg.c **** }
  47              		.loc 1 77 0
  48 0016 C046     		nop
  49 0018 BD46     		mov	sp, r7
  50 001a 02B0     		add	sp, sp, #8
  51              		@ sp needed
  52 001c 80BD     		pop	{r7, pc}
  53              		.cfi_endproc
  54              	.LFE2:
  55              		.size	CYMEMZERO, .-CYMEMZERO
  56 001e C046     		.section	.text.CYCONFIGCPY,"ax",%progbits
  57              		.align	2
  58              		.code	16
  59              		.thumb_func
  60              		.type	CYCONFIGCPY, %function
  61              	CYCONFIGCPY:
  62              	.LFB3:
  78:Generated_Source\PSoC4/cyfitter_cfg.c **** CY_CFG_UNUSED
  79:Generated_Source\PSoC4/cyfitter_cfg.c **** static void CYCONFIGCPY(void *dest, const void *src, size_t n);
  80:Generated_Source\PSoC4/cyfitter_cfg.c **** CY_CFG_UNUSED
  81:Generated_Source\PSoC4/cyfitter_cfg.c **** static void CYCONFIGCPY(void *dest, const void *src, size_t n)
  82:Generated_Source\PSoC4/cyfitter_cfg.c **** {
  63              		.loc 1 82 0
  64              		.cfi_startproc
  65              		@ args = 0, pretend = 0, frame = 16
  66              		@ frame_needed = 1, uses_anonymous_args = 0
  67 0000 80B5     		push	{r7, lr}
  68              		.cfi_def_cfa_offset 8
  69              		.cfi_offset 7, -8
  70              		.cfi_offset 14, -4
  71 0002 84B0     		sub	sp, sp, #16
  72              		.cfi_def_cfa_offset 24
  73 0004 00AF     		add	r7, sp, #0
  74              		.cfi_def_cfa_register 7
  75 0006 F860     		str	r0, [r7, #12]
  76 0008 B960     		str	r1, [r7, #8]
  77 000a 7A60     		str	r2, [r7, #4]
  83:Generated_Source\PSoC4/cyfitter_cfg.c **** 	(void)memcpy(dest, src, n);
  78              		.loc 1 83 0
  79 000c 7A68     		ldr	r2, [r7, #4]
  80 000e B968     		ldr	r1, [r7, #8]
  81 0010 FB68     		ldr	r3, [r7, #12]
  82 0012 1800     		movs	r0, r3
  83 0014 FFF7FEFF 		bl	memcpy
  84:Generated_Source\PSoC4/cyfitter_cfg.c **** }
  84              		.loc 1 84 0
  85 0018 C046     		nop
  86 001a BD46     		mov	sp, r7
  87 001c 04B0     		add	sp, sp, #16
ARM GAS  C:\Users\cnpan\AppData\Local\Temp\ccbVQtPQ.s 			page 4


  88              		@ sp needed
  89 001e 80BD     		pop	{r7, pc}
  90              		.cfi_endproc
  91              	.LFE3:
  92              		.size	CYCONFIGCPY, .-CYCONFIGCPY
  93              		.section	.text.CYCONFIGCPYCODE,"ax",%progbits
  94              		.align	2
  95              		.code	16
  96              		.thumb_func
  97              		.type	CYCONFIGCPYCODE, %function
  98              	CYCONFIGCPYCODE:
  99              	.LFB4:
  85:Generated_Source\PSoC4/cyfitter_cfg.c **** CY_CFG_UNUSED
  86:Generated_Source\PSoC4/cyfitter_cfg.c **** static void CYCONFIGCPYCODE(void *dest, const void *src, size_t n);
  87:Generated_Source\PSoC4/cyfitter_cfg.c **** CY_CFG_UNUSED
  88:Generated_Source\PSoC4/cyfitter_cfg.c **** static void CYCONFIGCPYCODE(void *dest, const void *src, size_t n)
  89:Generated_Source\PSoC4/cyfitter_cfg.c **** {
 100              		.loc 1 89 0
 101              		.cfi_startproc
 102              		@ args = 0, pretend = 0, frame = 16
 103              		@ frame_needed = 1, uses_anonymous_args = 0
 104 0000 80B5     		push	{r7, lr}
 105              		.cfi_def_cfa_offset 8
 106              		.cfi_offset 7, -8
 107              		.cfi_offset 14, -4
 108 0002 84B0     		sub	sp, sp, #16
 109              		.cfi_def_cfa_offset 24
 110 0004 00AF     		add	r7, sp, #0
 111              		.cfi_def_cfa_register 7
 112 0006 F860     		str	r0, [r7, #12]
 113 0008 B960     		str	r1, [r7, #8]
 114 000a 7A60     		str	r2, [r7, #4]
  90:Generated_Source\PSoC4/cyfitter_cfg.c **** 	(void)memcpy(dest, src, n);
 115              		.loc 1 90 0
 116 000c 7A68     		ldr	r2, [r7, #4]
 117 000e B968     		ldr	r1, [r7, #8]
 118 0010 FB68     		ldr	r3, [r7, #12]
 119 0012 1800     		movs	r0, r3
 120 0014 FFF7FEFF 		bl	memcpy
  91:Generated_Source\PSoC4/cyfitter_cfg.c **** }
 121              		.loc 1 91 0
 122 0018 C046     		nop
 123 001a BD46     		mov	sp, r7
 124 001c 04B0     		add	sp, sp, #16
 125              		@ sp needed
 126 001e 80BD     		pop	{r7, pc}
 127              		.cfi_endproc
 128              	.LFE4:
 129              		.size	CYCONFIGCPYCODE, .-CYCONFIGCPYCODE
 130              		.section	.psocinit,"ax",%progbits
 131              		.align	2
 132              		.code	16
 133              		.thumb_func
 134              		.type	ClockSetup, %function
 135              	ClockSetup:
 136              	.LFB5:
  92:Generated_Source\PSoC4/cyfitter_cfg.c **** 
ARM GAS  C:\Users\cnpan\AppData\Local\Temp\ccbVQtPQ.s 			page 5


  93:Generated_Source\PSoC4/cyfitter_cfg.c **** 
  94:Generated_Source\PSoC4/cyfitter_cfg.c **** 
  95:Generated_Source\PSoC4/cyfitter_cfg.c **** 
  96:Generated_Source\PSoC4/cyfitter_cfg.c **** /* Clock startup error codes                                                   */
  97:Generated_Source\PSoC4/cyfitter_cfg.c **** #define CYCLOCKSTART_NO_ERROR    0u
  98:Generated_Source\PSoC4/cyfitter_cfg.c **** #define CYCLOCKSTART_XTAL_ERROR  1u
  99:Generated_Source\PSoC4/cyfitter_cfg.c **** #define CYCLOCKSTART_32KHZ_ERROR 2u
 100:Generated_Source\PSoC4/cyfitter_cfg.c **** #define CYCLOCKSTART_PLL_ERROR   3u
 101:Generated_Source\PSoC4/cyfitter_cfg.c **** #define CYCLOCKSTART_FLL_ERROR   4u
 102:Generated_Source\PSoC4/cyfitter_cfg.c **** 
 103:Generated_Source\PSoC4/cyfitter_cfg.c **** 
 104:Generated_Source\PSoC4/cyfitter_cfg.c **** #ifdef CY_NEED_CYCLOCKSTARTUPERROR
 105:Generated_Source\PSoC4/cyfitter_cfg.c **** /*******************************************************************************
 106:Generated_Source\PSoC4/cyfitter_cfg.c **** * Function Name: CyClockStartupError
 107:Generated_Source\PSoC4/cyfitter_cfg.c **** ********************************************************************************
 108:Generated_Source\PSoC4/cyfitter_cfg.c **** * Summary:
 109:Generated_Source\PSoC4/cyfitter_cfg.c **** *  If an error is encountered during clock configuration (crystal startup error,
 110:Generated_Source\PSoC4/cyfitter_cfg.c **** *  PLL lock error, etc.), the system will end up here.  Unless reimplemented by
 111:Generated_Source\PSoC4/cyfitter_cfg.c **** *  the customer, this function will stop in an infinite loop.
 112:Generated_Source\PSoC4/cyfitter_cfg.c **** *
 113:Generated_Source\PSoC4/cyfitter_cfg.c **** * Parameters:
 114:Generated_Source\PSoC4/cyfitter_cfg.c **** *   void
 115:Generated_Source\PSoC4/cyfitter_cfg.c **** *
 116:Generated_Source\PSoC4/cyfitter_cfg.c **** * Return:
 117:Generated_Source\PSoC4/cyfitter_cfg.c **** *   void
 118:Generated_Source\PSoC4/cyfitter_cfg.c **** *
 119:Generated_Source\PSoC4/cyfitter_cfg.c **** *******************************************************************************/
 120:Generated_Source\PSoC4/cyfitter_cfg.c **** CY_CFG_UNUSED
 121:Generated_Source\PSoC4/cyfitter_cfg.c **** static void CyClockStartupError(uint8 errorCode);
 122:Generated_Source\PSoC4/cyfitter_cfg.c **** CY_CFG_UNUSED
 123:Generated_Source\PSoC4/cyfitter_cfg.c **** static void CyClockStartupError(uint8 errorCode)
 124:Generated_Source\PSoC4/cyfitter_cfg.c **** {
 125:Generated_Source\PSoC4/cyfitter_cfg.c ****     /* To remove the compiler warning if errorCode not used. */
 126:Generated_Source\PSoC4/cyfitter_cfg.c **** #if defined(CY_PSOC3) && (CY_PSOC3)
 127:Generated_Source\PSoC4/cyfitter_cfg.c ****     errorCode = errorCode;
 128:Generated_Source\PSoC4/cyfitter_cfg.c **** #else
 129:Generated_Source\PSoC4/cyfitter_cfg.c ****     (void)errorCode;
 130:Generated_Source\PSoC4/cyfitter_cfg.c **** #endif /* CY_PSOC3 */
 131:Generated_Source\PSoC4/cyfitter_cfg.c **** 
 132:Generated_Source\PSoC4/cyfitter_cfg.c ****     /* If we have a clock startup error (bad MHz crystal, PLL lock, etc.),  */
 133:Generated_Source\PSoC4/cyfitter_cfg.c ****     /* we will end up here to allow the customer to implement something to  */
 134:Generated_Source\PSoC4/cyfitter_cfg.c ****     /* deal with the clock condition.                                       */
 135:Generated_Source\PSoC4/cyfitter_cfg.c **** 
 136:Generated_Source\PSoC4/cyfitter_cfg.c **** #ifdef CY_CFG_CLOCK_STARTUP_ERROR_CALLBACK
 137:Generated_Source\PSoC4/cyfitter_cfg.c ****     CY_CFG_Clock_Startup_ErrorCallback();
 138:Generated_Source\PSoC4/cyfitter_cfg.c **** #else
 139:Generated_Source\PSoC4/cyfitter_cfg.c ****     /*  If not using CY_CFG_CLOCK_STARTUP_ERROR_CALLBACK, place your clock startup code here. */
 140:Generated_Source\PSoC4/cyfitter_cfg.c ****     /* `#START CyClockStartupError` */
 141:Generated_Source\PSoC4/cyfitter_cfg.c **** 
 142:Generated_Source\PSoC4/cyfitter_cfg.c **** 
 143:Generated_Source\PSoC4/cyfitter_cfg.c **** 
 144:Generated_Source\PSoC4/cyfitter_cfg.c ****     /* `#END` */
 145:Generated_Source\PSoC4/cyfitter_cfg.c **** 
 146:Generated_Source\PSoC4/cyfitter_cfg.c ****     while(1) {}
 147:Generated_Source\PSoC4/cyfitter_cfg.c **** #endif /* CY_CFG_CLOCK_STARTUP_ERROR_CALLBACK */
 148:Generated_Source\PSoC4/cyfitter_cfg.c **** }
 149:Generated_Source\PSoC4/cyfitter_cfg.c **** #endif
ARM GAS  C:\Users\cnpan\AppData\Local\Temp\ccbVQtPQ.s 			page 6


 150:Generated_Source\PSoC4/cyfitter_cfg.c **** 
 151:Generated_Source\PSoC4/cyfitter_cfg.c **** 
 152:Generated_Source\PSoC4/cyfitter_cfg.c **** 
 153:Generated_Source\PSoC4/cyfitter_cfg.c **** /*******************************************************************************
 154:Generated_Source\PSoC4/cyfitter_cfg.c **** * Function Name: ClockSetup
 155:Generated_Source\PSoC4/cyfitter_cfg.c **** ********************************************************************************
 156:Generated_Source\PSoC4/cyfitter_cfg.c **** *
 157:Generated_Source\PSoC4/cyfitter_cfg.c **** * Summary:
 158:Generated_Source\PSoC4/cyfitter_cfg.c **** *   Performs the initialization of all of the clocks in the device based on the
 159:Generated_Source\PSoC4/cyfitter_cfg.c **** *   settings in the Clock tab of the DWR.  This includes enabling the requested
 160:Generated_Source\PSoC4/cyfitter_cfg.c **** *   clocks and setting the necessary dividers to produce the desired frequency. 
 161:Generated_Source\PSoC4/cyfitter_cfg.c **** *
 162:Generated_Source\PSoC4/cyfitter_cfg.c **** * Parameters:
 163:Generated_Source\PSoC4/cyfitter_cfg.c **** *   void
 164:Generated_Source\PSoC4/cyfitter_cfg.c **** *
 165:Generated_Source\PSoC4/cyfitter_cfg.c **** * Return:
 166:Generated_Source\PSoC4/cyfitter_cfg.c **** *   void
 167:Generated_Source\PSoC4/cyfitter_cfg.c **** *
 168:Generated_Source\PSoC4/cyfitter_cfg.c **** *******************************************************************************/
 169:Generated_Source\PSoC4/cyfitter_cfg.c **** static void ClockSetup(void);
 170:Generated_Source\PSoC4/cyfitter_cfg.c **** CY_CFG_SECTION
 171:Generated_Source\PSoC4/cyfitter_cfg.c **** static void ClockSetup(void)
 172:Generated_Source\PSoC4/cyfitter_cfg.c **** {
 137              		.loc 1 172 0
 138              		.cfi_startproc
 139              		@ args = 0, pretend = 0, frame = 0
 140              		@ frame_needed = 1, uses_anonymous_args = 0
 141 0000 80B5     		push	{r7, lr}
 142              		.cfi_def_cfa_offset 8
 143              		.cfi_offset 7, -8
 144              		.cfi_offset 14, -4
 145 0002 00AF     		add	r7, sp, #0
 146              		.cfi_def_cfa_register 7
 173:Generated_Source\PSoC4/cyfitter_cfg.c **** 
 174:Generated_Source\PSoC4/cyfitter_cfg.c **** 	/* Set Flash Cycles based on max possible frequency in case a glitch occurs during ClockSetup(). *
 175:Generated_Source\PSoC4/cyfitter_cfg.c **** 	CY_SET_REG32((void CYXDATA *)(CYREG_CPUSS_FLASH_CTL), (0x0012u));
 147              		.loc 1 175 0
 148 0004 254B     		ldr	r3, .L5
 149 0006 1222     		movs	r2, #18
 150 0008 1A60     		str	r2, [r3]
 176:Generated_Source\PSoC4/cyfitter_cfg.c **** 
 177:Generated_Source\PSoC4/cyfitter_cfg.c **** 	/* Start the WCO */
 178:Generated_Source\PSoC4/cyfitter_cfg.c **** 	CySysClkWcoStart();
 151              		.loc 1 178 0
 152 000a FFF7FEFF 		bl	CySysClkWcoStart
 179:Generated_Source\PSoC4/cyfitter_cfg.c **** 	CyDelayCycles(12000000u); /* WCO may take up to 500ms to start */
 153              		.loc 1 179 0
 154 000e 244B     		ldr	r3, .L5+4
 155 0010 1800     		movs	r0, r3
 156 0012 FFF7FEFF 		bl	CyDelayCycles
 180:Generated_Source\PSoC4/cyfitter_cfg.c **** 	(void)CySysClkWcoSetPowerMode(CY_SYS_CLK_WCO_LPM);    /* Switch to the low power mode */
 157              		.loc 1 180 0
 158 0016 0120     		movs	r0, #1
 159 0018 FFF7FEFF 		bl	CySysClkWcoSetPowerMode
 181:Generated_Source\PSoC4/cyfitter_cfg.c **** 
 182:Generated_Source\PSoC4/cyfitter_cfg.c **** 	/* Setup and trim IMO based on desired frequency. */
 183:Generated_Source\PSoC4/cyfitter_cfg.c **** 	CySysClkWriteImoFreq(12u);
ARM GAS  C:\Users\cnpan\AppData\Local\Temp\ccbVQtPQ.s 			page 7


 160              		.loc 1 183 0
 161 001c 0C20     		movs	r0, #12
 162 001e FFF7FEFF 		bl	CySysClkWriteImoFreq
 184:Generated_Source\PSoC4/cyfitter_cfg.c **** 	/* CYDEV_CLK_ILO_CONFIG Starting address: CYDEV_CLK_ILO_CONFIG */
 185:Generated_Source\PSoC4/cyfitter_cfg.c **** 	CY_SET_REG32((void *)(CYREG_CLK_ILO_CONFIG), 0x80000006u);
 163              		.loc 1 185 0
 164 0022 204B     		ldr	r3, .L5+8
 165 0024 204A     		ldr	r2, .L5+12
 166 0026 1A60     		str	r2, [r3]
 186:Generated_Source\PSoC4/cyfitter_cfg.c **** 
 187:Generated_Source\PSoC4/cyfitter_cfg.c **** 	/* CYDEV_WDT_CONFIG Starting address: CYDEV_WDT_CONFIG */
 188:Generated_Source\PSoC4/cyfitter_cfg.c **** 	CY_SET_REG32((void *)(CYREG_WDT_CONFIG), 0x40000000u);
 167              		.loc 1 188 0
 168 0028 204B     		ldr	r3, .L5+16
 169 002a 8022     		movs	r2, #128
 170 002c D205     		lsls	r2, r2, #23
 171 002e 1A60     		str	r2, [r3]
 189:Generated_Source\PSoC4/cyfitter_cfg.c **** 
 190:Generated_Source\PSoC4/cyfitter_cfg.c **** 
 191:Generated_Source\PSoC4/cyfitter_cfg.c **** 	/* Enable fast start mode for XO */
 192:Generated_Source\PSoC4/cyfitter_cfg.c **** 	CY_SET_REG32((void*)CYREG_BLE_BLERD_BB_XO, CY_GET_REG32((void*)CYREG_BLE_BLERD_BB_XO) | (uint32)0x
 172              		.loc 1 192 0
 173 0030 1F4B     		ldr	r3, .L5+20
 174 0032 1F4A     		ldr	r2, .L5+20
 175 0034 1268     		ldr	r2, [r2]
 176 0036 0221     		movs	r1, #2
 177 0038 0A43     		orrs	r2, r1
 178 003a 1A60     		str	r2, [r3]
 193:Generated_Source\PSoC4/cyfitter_cfg.c **** 	CY_SET_REG32((void *)(CYREG_BLE_BLERD_BB_XO_CAPTRIM), 0x00002D6Au);
 179              		.loc 1 193 0
 180 003c 1D4B     		ldr	r3, .L5+24
 181 003e 1E4A     		ldr	r2, .L5+28
 182 0040 1A60     		str	r2, [r3]
 194:Generated_Source\PSoC4/cyfitter_cfg.c **** 	/*Set XTAL(ECO) divider*/
 195:Generated_Source\PSoC4/cyfitter_cfg.c **** 	CY_SET_REG32((void *)(CYREG_BLE_BLESS_XTAL_CLK_DIV_CONFIG), 0x00000000u);
 183              		.loc 1 195 0
 184 0042 1E4B     		ldr	r3, .L5+32
 185 0044 0022     		movs	r2, #0
 186 0046 1A60     		str	r2, [r3]
 196:Generated_Source\PSoC4/cyfitter_cfg.c **** 	/* Disable Crystal Stable Interrupt before enabling ECO */
 197:Generated_Source\PSoC4/cyfitter_cfg.c **** 	CY_SET_REG32((void*)CYREG_BLE_BLESS_LL_DSM_CTRL, CY_GET_REG32((void*)CYREG_BLE_BLESS_LL_DSM_CTRL) 
 187              		.loc 1 197 0
 188 0048 1D4B     		ldr	r3, .L5+36
 189 004a 1D4A     		ldr	r2, .L5+36
 190 004c 1268     		ldr	r2, [r2]
 191 004e 0821     		movs	r1, #8
 192 0050 8A43     		bics	r2, r1
 193 0052 1A60     		str	r2, [r3]
 198:Generated_Source\PSoC4/cyfitter_cfg.c **** 	/* Start the ECO and do not check status since it is not needed for HFCLK */
 199:Generated_Source\PSoC4/cyfitter_cfg.c **** 	(void)CySysClkEcoStart(2000u);
 194              		.loc 1 199 0
 195 0054 FA23     		movs	r3, #250
 196 0056 DB00     		lsls	r3, r3, #3
 197 0058 1800     		movs	r0, r3
 198 005a FFF7FEFF 		bl	CySysClkEcoStart
 200:Generated_Source\PSoC4/cyfitter_cfg.c **** 	CyDelayUs(1500u); /* Wait to stabilize */
 199              		.loc 1 200 0
ARM GAS  C:\Users\cnpan\AppData\Local\Temp\ccbVQtPQ.s 			page 8


 200 005e 194B     		ldr	r3, .L5+40
 201 0060 1800     		movs	r0, r3
 202 0062 FFF7FEFF 		bl	CyDelayUs
 201:Generated_Source\PSoC4/cyfitter_cfg.c **** 
 202:Generated_Source\PSoC4/cyfitter_cfg.c **** 	/* Setup phase aligned clocks */
 203:Generated_Source\PSoC4/cyfitter_cfg.c **** 	CY_SET_REG32((void *)CYREG_PERI_DIV_16_CTL0, 0x00176F00u);
 203              		.loc 1 203 0
 204 0066 184B     		ldr	r3, .L5+44
 205 0068 184A     		ldr	r2, .L5+48
 206 006a 1A60     		str	r2, [r3]
 204:Generated_Source\PSoC4/cyfitter_cfg.c **** 	CY_SET_REG32((void *)CYREG_PERI_DIV_CMD, 0x8000FF40u);
 207              		.loc 1 204 0
 208 006c 184B     		ldr	r3, .L5+52
 209 006e 194A     		ldr	r2, .L5+56
 210 0070 1A60     		str	r2, [r3]
 205:Generated_Source\PSoC4/cyfitter_cfg.c **** 
 206:Generated_Source\PSoC4/cyfitter_cfg.c **** 	/* CYDEV_CLK_IMO_CONFIG Starting address: CYDEV_CLK_IMO_CONFIG */
 207:Generated_Source\PSoC4/cyfitter_cfg.c **** 	CY_SET_REG32((void *)(CYREG_CLK_IMO_CONFIG), 0x80000000u);
 211              		.loc 1 207 0
 212 0072 194B     		ldr	r3, .L5+60
 213 0074 8022     		movs	r2, #128
 214 0076 1206     		lsls	r2, r2, #24
 215 0078 1A60     		str	r2, [r3]
 208:Generated_Source\PSoC4/cyfitter_cfg.c **** 
 209:Generated_Source\PSoC4/cyfitter_cfg.c **** 	/* CYDEV_CLK_SELECT Starting address: CYDEV_CLK_SELECT */
 210:Generated_Source\PSoC4/cyfitter_cfg.c **** 	CY_SET_REG32((void *)(CYREG_CLK_SELECT), 0x00000000u);
 216              		.loc 1 210 0
 217 007a 184B     		ldr	r3, .L5+64
 218 007c 0022     		movs	r2, #0
 219 007e 1A60     		str	r2, [r3]
 211:Generated_Source\PSoC4/cyfitter_cfg.c **** 
 212:Generated_Source\PSoC4/cyfitter_cfg.c **** 	/* CYDEV_PERI_PCLK_CTL8 Starting address: CYDEV_PERI_PCLK_CTL8 */
 213:Generated_Source\PSoC4/cyfitter_cfg.c **** 	CY_SET_REG32((void *)(CYREG_PERI_PCLK_CTL8), 0x00000040u);
 220              		.loc 1 213 0
 221 0080 174B     		ldr	r3, .L5+68
 222 0082 4022     		movs	r2, #64
 223 0084 1A60     		str	r2, [r3]
 214:Generated_Source\PSoC4/cyfitter_cfg.c **** 
 215:Generated_Source\PSoC4/cyfitter_cfg.c **** 	CY_SET_REG32((void *)(CYREG_WDT_CONFIG), 0x40000000u);
 224              		.loc 1 215 0
 225 0086 094B     		ldr	r3, .L5+16
 226 0088 8022     		movs	r2, #128
 227 008a D205     		lsls	r2, r2, #23
 228 008c 1A60     		str	r2, [r3]
 216:Generated_Source\PSoC4/cyfitter_cfg.c **** 	/* Set Flash Cycles based on newly configured 12.00MHz HFCLK. */
 217:Generated_Source\PSoC4/cyfitter_cfg.c **** 	CY_SET_REG32((void CYXDATA *)(CYREG_CPUSS_FLASH_CTL), (0x0000u));
 229              		.loc 1 217 0
 230 008e 034B     		ldr	r3, .L5
 231 0090 0022     		movs	r2, #0
 232 0092 1A60     		str	r2, [r3]
 218:Generated_Source\PSoC4/cyfitter_cfg.c **** }
 233              		.loc 1 218 0
 234 0094 C046     		nop
 235 0096 BD46     		mov	sp, r7
 236              		@ sp needed
 237 0098 80BD     		pop	{r7, pc}
 238              	.L6:
ARM GAS  C:\Users\cnpan\AppData\Local\Temp\ccbVQtPQ.s 			page 9


 239 009a C046     		.align	2
 240              	.L5:
 241 009c 30001040 		.word	1074790448
 242 00a0 001BB700 		.word	12000000
 243 00a4 04010B40 		.word	1074462980
 244 00a8 06000080 		.word	-2147483642
 245 00ac 0C020B40 		.word	1074463244
 246 00b0 78002E40 		.word	1076756600
 247 00b4 7C002E40 		.word	1076756604
 248 00b8 6A2D0000 		.word	11626
 249 00bc 64F02E40 		.word	1076818020
 250 00c0 6CF02E40 		.word	1076818028
 251 00c4 DC050000 		.word	1500
 252 00c8 00030140 		.word	1073808128
 253 00cc 006F1700 		.word	1535744
 254 00d0 00000140 		.word	1073807360
 255 00d4 40FF0080 		.word	-2147418304
 256 00d8 08010B40 		.word	1074462984
 257 00dc 00010B40 		.word	1074462976
 258 00e0 20010140 		.word	1073807648
 259              		.cfi_endproc
 260              	.LFE5:
 261              		.size	ClockSetup, .-ClockSetup
 262              		.section	.text.AnalogSetDefault,"ax",%progbits
 263              		.align	2
 264              		.code	16
 265              		.thumb_func
 266              		.type	AnalogSetDefault, %function
 267              	AnalogSetDefault:
 268              	.LFB6:
 219:Generated_Source\PSoC4/cyfitter_cfg.c **** 
 220:Generated_Source\PSoC4/cyfitter_cfg.c **** 
 221:Generated_Source\PSoC4/cyfitter_cfg.c **** /* Analog API Functions */
 222:Generated_Source\PSoC4/cyfitter_cfg.c **** 
 223:Generated_Source\PSoC4/cyfitter_cfg.c **** 
 224:Generated_Source\PSoC4/cyfitter_cfg.c **** /*******************************************************************************
 225:Generated_Source\PSoC4/cyfitter_cfg.c **** * Function Name: AnalogSetDefault
 226:Generated_Source\PSoC4/cyfitter_cfg.c **** ********************************************************************************
 227:Generated_Source\PSoC4/cyfitter_cfg.c **** *
 228:Generated_Source\PSoC4/cyfitter_cfg.c **** * Summary:
 229:Generated_Source\PSoC4/cyfitter_cfg.c **** *  Sets up the analog portions of the chip to default values based on chip
 230:Generated_Source\PSoC4/cyfitter_cfg.c **** *  configuration options from the project.
 231:Generated_Source\PSoC4/cyfitter_cfg.c **** *
 232:Generated_Source\PSoC4/cyfitter_cfg.c **** * Parameters:
 233:Generated_Source\PSoC4/cyfitter_cfg.c **** *  void
 234:Generated_Source\PSoC4/cyfitter_cfg.c **** *
 235:Generated_Source\PSoC4/cyfitter_cfg.c **** * Return:
 236:Generated_Source\PSoC4/cyfitter_cfg.c **** *  void
 237:Generated_Source\PSoC4/cyfitter_cfg.c **** *
 238:Generated_Source\PSoC4/cyfitter_cfg.c **** *******************************************************************************/
 239:Generated_Source\PSoC4/cyfitter_cfg.c **** static void AnalogSetDefault(void);
 240:Generated_Source\PSoC4/cyfitter_cfg.c **** static void AnalogSetDefault(void)
 241:Generated_Source\PSoC4/cyfitter_cfg.c **** {
 269              		.loc 1 241 0
 270              		.cfi_startproc
 271              		@ args = 0, pretend = 0, frame = 0
 272              		@ frame_needed = 1, uses_anonymous_args = 0
ARM GAS  C:\Users\cnpan\AppData\Local\Temp\ccbVQtPQ.s 			page 10


 273 0000 80B5     		push	{r7, lr}
 274              		.cfi_def_cfa_offset 8
 275              		.cfi_offset 7, -8
 276              		.cfi_offset 14, -4
 277 0002 00AF     		add	r7, sp, #0
 278              		.cfi_def_cfa_register 7
 242:Generated_Source\PSoC4/cyfitter_cfg.c **** 	CY_SET_XTND_REG32((void CYFAR *)CYREG_CTBM0_DFT_CTRL, 0x00000003u);
 279              		.loc 1 242 0
 280 0004 054B     		ldr	r3, .L8
 281 0006 0322     		movs	r2, #3
 282 0008 1A60     		str	r2, [r3]
 243:Generated_Source\PSoC4/cyfitter_cfg.c **** 	CY_SET_XTND_REG32((void CYFAR *)CYREG_CTBM1_DFT_CTRL, 0x00000003u);
 283              		.loc 1 243 0
 284 000a 054B     		ldr	r3, .L8+4
 285 000c 0322     		movs	r2, #3
 286 000e 1A60     		str	r2, [r3]
 244:Generated_Source\PSoC4/cyfitter_cfg.c **** 	CY_SET_XTND_REG32((void CYFAR *)CYREG_PASS_DSAB_DSAB_CTRL, 0x00000000u);
 287              		.loc 1 244 0
 288 0010 044B     		ldr	r3, .L8+8
 289 0012 0022     		movs	r2, #0
 290 0014 1A60     		str	r2, [r3]
 245:Generated_Source\PSoC4/cyfitter_cfg.c **** }
 291              		.loc 1 245 0
 292 0016 C046     		nop
 293 0018 BD46     		mov	sp, r7
 294              		@ sp needed
 295 001a 80BD     		pop	{r7, pc}
 296              	.L9:
 297              		.align	2
 298              	.L8:
 299 001c 30003040 		.word	1076887600
 300 0020 30003140 		.word	1076953136
 301 0024 000E3F40 		.word	1077874176
 302              		.cfi_endproc
 303              	.LFE6:
 304              		.size	AnalogSetDefault, .-AnalogSetDefault
 305              		.section	.psocinit
 306              		.align	2
 307              		.global	cyfitter_cfg
 308              		.code	16
 309              		.thumb_func
 310              		.type	cyfitter_cfg, %function
 311              	cyfitter_cfg:
 312              	.LFB7:
 246:Generated_Source\PSoC4/cyfitter_cfg.c **** 
 247:Generated_Source\PSoC4/cyfitter_cfg.c **** 
 248:Generated_Source\PSoC4/cyfitter_cfg.c **** 
 249:Generated_Source\PSoC4/cyfitter_cfg.c **** 
 250:Generated_Source\PSoC4/cyfitter_cfg.c **** /*******************************************************************************
 251:Generated_Source\PSoC4/cyfitter_cfg.c **** * Function Name: cyfitter_cfg
 252:Generated_Source\PSoC4/cyfitter_cfg.c **** ********************************************************************************
 253:Generated_Source\PSoC4/cyfitter_cfg.c **** * Summary:
 254:Generated_Source\PSoC4/cyfitter_cfg.c **** *  This function is called by the start-up code for the selected device. It
 255:Generated_Source\PSoC4/cyfitter_cfg.c **** *  performs all of the necessary device configuration based on the design
 256:Generated_Source\PSoC4/cyfitter_cfg.c **** *  settings.  This includes settings from the Design Wide Resources (DWR) such
 257:Generated_Source\PSoC4/cyfitter_cfg.c **** *  as Clocks and Pins as well as any component configuration that is necessary.
 258:Generated_Source\PSoC4/cyfitter_cfg.c **** *
ARM GAS  C:\Users\cnpan\AppData\Local\Temp\ccbVQtPQ.s 			page 11


 259:Generated_Source\PSoC4/cyfitter_cfg.c **** * Parameters:
 260:Generated_Source\PSoC4/cyfitter_cfg.c **** *   void
 261:Generated_Source\PSoC4/cyfitter_cfg.c **** *
 262:Generated_Source\PSoC4/cyfitter_cfg.c **** * Return:
 263:Generated_Source\PSoC4/cyfitter_cfg.c **** *   void
 264:Generated_Source\PSoC4/cyfitter_cfg.c **** *
 265:Generated_Source\PSoC4/cyfitter_cfg.c **** *******************************************************************************/
 266:Generated_Source\PSoC4/cyfitter_cfg.c **** CY_CFG_SECTION
 267:Generated_Source\PSoC4/cyfitter_cfg.c **** void cyfitter_cfg(void)
 268:Generated_Source\PSoC4/cyfitter_cfg.c **** {
 313              		.loc 1 268 0
 314              		.cfi_startproc
 315              		@ args = 0, pretend = 0, frame = 8
 316              		@ frame_needed = 1, uses_anonymous_args = 0
 317 00e4 80B5     		push	{r7, lr}
 318              		.cfi_def_cfa_offset 8
 319              		.cfi_offset 7, -8
 320              		.cfi_offset 14, -4
 321 00e6 82B0     		sub	sp, sp, #8
 322              		.cfi_def_cfa_offset 16
 323 00e8 00AF     		add	r7, sp, #0
 324              		.cfi_def_cfa_register 7
 269:Generated_Source\PSoC4/cyfitter_cfg.c **** 	/* Disable interrupts by default. Let user enable if/when they want. */
 270:Generated_Source\PSoC4/cyfitter_cfg.c **** 	CyGlobalIntDisable;
 325              		.loc 1 270 0
 326              		.syntax divided
 327              	@ 270 "Generated_Source\PSoC4\cyfitter_cfg.c" 1
 328 00ea 72B6     		CPSID   i
 329              	@ 0 "" 2
 271:Generated_Source\PSoC4/cyfitter_cfg.c **** 
 272:Generated_Source\PSoC4/cyfitter_cfg.c **** 	CY_SET_REG32((void *)(CYREG_BLE_BLESS_LL_DSM_CTRL), 0x00000000u);
 330              		.loc 1 272 0
 331              		.thumb
 332              		.syntax unified
 333 00ec 314B     		ldr	r3, .L13
 334 00ee 0022     		movs	r2, #0
 335 00f0 1A60     		str	r2, [r3]
 336              	.LBB2:
 273:Generated_Source\PSoC4/cyfitter_cfg.c **** 
 274:Generated_Source\PSoC4/cyfitter_cfg.c **** 	{
 275:Generated_Source\PSoC4/cyfitter_cfg.c **** 
 276:Generated_Source\PSoC4/cyfitter_cfg.c **** 		CYPACKED typedef struct {
 277:Generated_Source\PSoC4/cyfitter_cfg.c **** 			void CYFAR *address;
 278:Generated_Source\PSoC4/cyfitter_cfg.c **** 			uint16 size;
 279:Generated_Source\PSoC4/cyfitter_cfg.c **** 		} CYPACKED_ATTR cfg_memset_t;
 280:Generated_Source\PSoC4/cyfitter_cfg.c **** 
 281:Generated_Source\PSoC4/cyfitter_cfg.c **** 		static const cfg_memset_t CYCODE cfg_memset_list[] = {
 282:Generated_Source\PSoC4/cyfitter_cfg.c **** 			/* address, size */
 283:Generated_Source\PSoC4/cyfitter_cfg.c **** 			{(void CYFAR *)(CYDEV_UDB_P0_U0_BASE), 1024u},
 284:Generated_Source\PSoC4/cyfitter_cfg.c **** 			{(void CYFAR *)(CYDEV_UDB_DSI0_BASE), 1024u},
 285:Generated_Source\PSoC4/cyfitter_cfg.c **** 		};
 286:Generated_Source\PSoC4/cyfitter_cfg.c **** 
 287:Generated_Source\PSoC4/cyfitter_cfg.c **** 		uint8 CYDATA i;
 288:Generated_Source\PSoC4/cyfitter_cfg.c **** 
 289:Generated_Source\PSoC4/cyfitter_cfg.c **** 		/* Zero out critical memory blocks before beginning configuration */
 290:Generated_Source\PSoC4/cyfitter_cfg.c **** 		for (i = 0u; i < (sizeof(cfg_memset_list)/sizeof(cfg_memset_list[0])); i++)
 337              		.loc 1 290 0
ARM GAS  C:\Users\cnpan\AppData\Local\Temp\ccbVQtPQ.s 			page 12


 338 00f2 FB1D     		adds	r3, r7, #7
 339 00f4 0022     		movs	r2, #0
 340 00f6 1A70     		strb	r2, [r3]
 341 00f8 22E0     		b	.L11
 342              	.L12:
 343              	.LBB3:
 291:Generated_Source\PSoC4/cyfitter_cfg.c **** 		{
 292:Generated_Source\PSoC4/cyfitter_cfg.c **** 			const cfg_memset_t CYCODE * CYDATA ms = &cfg_memset_list[i];
 344              		.loc 1 292 0 discriminator 3
 345 00fa FB1D     		adds	r3, r7, #7
 346 00fc 1A78     		ldrb	r2, [r3]
 347 00fe 1300     		movs	r3, r2
 348 0100 5B00     		lsls	r3, r3, #1
 349 0102 9B18     		adds	r3, r3, r2
 350 0104 5B00     		lsls	r3, r3, #1
 351 0106 2C4A     		ldr	r2, .L13+4
 352 0108 9B18     		adds	r3, r3, r2
 353 010a 3B60     		str	r3, [r7]
 293:Generated_Source\PSoC4/cyfitter_cfg.c **** 			CYMEMZERO(ms->address, (size_t)(uint32)(ms->size));
 354              		.loc 1 293 0 discriminator 3
 355 010c 3B68     		ldr	r3, [r7]
 356 010e 1A78     		ldrb	r2, [r3]
 357 0110 5978     		ldrb	r1, [r3, #1]
 358 0112 0902     		lsls	r1, r1, #8
 359 0114 0A43     		orrs	r2, r1
 360 0116 9978     		ldrb	r1, [r3, #2]
 361 0118 0904     		lsls	r1, r1, #16
 362 011a 0A43     		orrs	r2, r1
 363 011c DB78     		ldrb	r3, [r3, #3]
 364 011e 1B06     		lsls	r3, r3, #24
 365 0120 1343     		orrs	r3, r2
 366 0122 1800     		movs	r0, r3
 367 0124 3B68     		ldr	r3, [r7]
 368 0126 1A79     		ldrb	r2, [r3, #4]
 369 0128 5B79     		ldrb	r3, [r3, #5]
 370 012a 1B02     		lsls	r3, r3, #8
 371 012c 1343     		orrs	r3, r2
 372 012e 9BB2     		uxth	r3, r3
 373 0130 1900     		movs	r1, r3
 374 0132 FFF7FEFF 		bl	CYMEMZERO
 375              	.LBE3:
 290:Generated_Source\PSoC4/cyfitter_cfg.c **** 		{
 376              		.loc 1 290 0 discriminator 3
 377 0136 FB1D     		adds	r3, r7, #7
 378 0138 1A78     		ldrb	r2, [r3]
 379 013a FB1D     		adds	r3, r7, #7
 380 013c 0132     		adds	r2, r2, #1
 381 013e 1A70     		strb	r2, [r3]
 382              	.L11:
 290:Generated_Source\PSoC4/cyfitter_cfg.c **** 		{
 383              		.loc 1 290 0 is_stmt 0 discriminator 1
 384 0140 FB1D     		adds	r3, r7, #7
 385 0142 1B78     		ldrb	r3, [r3]
 386 0144 012B     		cmp	r3, #1
 387 0146 D8D9     		bls	.L12
 294:Generated_Source\PSoC4/cyfitter_cfg.c **** 		}
 295:Generated_Source\PSoC4/cyfitter_cfg.c **** 
ARM GAS  C:\Users\cnpan\AppData\Local\Temp\ccbVQtPQ.s 			page 13


 296:Generated_Source\PSoC4/cyfitter_cfg.c **** 		/* HSIOM Starting address: CYDEV_HSIOM_BASE */
 297:Generated_Source\PSoC4/cyfitter_cfg.c **** 		CY_SET_REG32((void *)(CYDEV_HSIOM_BASE), 0xEE000000u);
 388              		.loc 1 297 0 is_stmt 1
 389 0148 1C4B     		ldr	r3, .L13+8
 390 014a EE22     		movs	r2, #238
 391 014c 1206     		lsls	r2, r2, #24
 392 014e 1A60     		str	r2, [r3]
 298:Generated_Source\PSoC4/cyfitter_cfg.c **** 		CY_SET_REG32((void *)(CYREG_HSIOM_PORT_SEL3), 0x00008000u);
 393              		.loc 1 298 0
 394 0150 1B4B     		ldr	r3, .L13+12
 395 0152 8022     		movs	r2, #128
 396 0154 1202     		lsls	r2, r2, #8
 397 0156 1A60     		str	r2, [r3]
 299:Generated_Source\PSoC4/cyfitter_cfg.c **** 
 300:Generated_Source\PSoC4/cyfitter_cfg.c **** 		/* UDB_PA_0 Starting address: CYDEV_UDB_PA0_BASE */
 301:Generated_Source\PSoC4/cyfitter_cfg.c **** 		CY_SET_REG32((void *)(CYDEV_UDB_PA0_BASE), 0x00990000u);
 398              		.loc 1 301 0
 399 0158 1A4B     		ldr	r3, .L13+16
 400 015a 9922     		movs	r2, #153
 401 015c 1204     		lsls	r2, r2, #16
 402 015e 1A60     		str	r2, [r3]
 302:Generated_Source\PSoC4/cyfitter_cfg.c **** 
 303:Generated_Source\PSoC4/cyfitter_cfg.c **** 		/* UDB_PA_2 Starting address: CYDEV_UDB_PA2_BASE */
 304:Generated_Source\PSoC4/cyfitter_cfg.c **** 		CY_SET_REG32((void *)(CYDEV_UDB_PA2_BASE), 0x00990000u);
 403              		.loc 1 304 0
 404 0160 194B     		ldr	r3, .L13+20
 405 0162 9922     		movs	r2, #153
 406 0164 1204     		lsls	r2, r2, #16
 407 0166 1A60     		str	r2, [r3]
 305:Generated_Source\PSoC4/cyfitter_cfg.c **** 
 306:Generated_Source\PSoC4/cyfitter_cfg.c **** 		/* UDB_PA_3 Starting address: CYDEV_UDB_PA3_BASE */
 307:Generated_Source\PSoC4/cyfitter_cfg.c **** 		CY_SET_REG32((void *)(CYDEV_UDB_PA3_BASE), 0x00990000u);
 408              		.loc 1 307 0
 409 0168 184B     		ldr	r3, .L13+24
 410 016a 9922     		movs	r2, #153
 411 016c 1204     		lsls	r2, r2, #16
 412 016e 1A60     		str	r2, [r3]
 308:Generated_Source\PSoC4/cyfitter_cfg.c **** 
 309:Generated_Source\PSoC4/cyfitter_cfg.c **** 		/* Enable digital routing */
 310:Generated_Source\PSoC4/cyfitter_cfg.c **** 		CY_SET_XTND_REG8((void *)CYREG_UDB_UDBIF_BANK_CTL, (uint8)(CY_GET_XTND_REG8((void *)CYREG_UDB_UDB
 413              		.loc 1 310 0
 414 0170 174A     		ldr	r2, .L13+28
 415 0172 174B     		ldr	r3, .L13+28
 416 0174 1B78     		ldrb	r3, [r3]
 417 0176 DBB2     		uxtb	r3, r3
 418 0178 0621     		movs	r1, #6
 419 017a 0B43     		orrs	r3, r1
 420 017c DBB2     		uxtb	r3, r3
 421 017e 1370     		strb	r3, [r2]
 422              	.LBE2:
 311:Generated_Source\PSoC4/cyfitter_cfg.c **** 	}
 312:Generated_Source\PSoC4/cyfitter_cfg.c **** 
 313:Generated_Source\PSoC4/cyfitter_cfg.c **** 	/* Perform second pass device configuration. These items must be configured in specific order afte
 314:Generated_Source\PSoC4/cyfitter_cfg.c **** 	/* IOPINS0_0 Starting address: CYDEV_GPIO_PRT0_BASE */
 315:Generated_Source\PSoC4/cyfitter_cfg.c **** 	CY_SET_REG32((void *)(CYREG_GPIO_PRT0_PC), 0x00D80000u);
 423              		.loc 1 315 0
 424 0180 144B     		ldr	r3, .L13+32
ARM GAS  C:\Users\cnpan\AppData\Local\Temp\ccbVQtPQ.s 			page 14


 425 0182 D822     		movs	r2, #216
 426 0184 1204     		lsls	r2, r2, #16
 427 0186 1A60     		str	r2, [r3]
 316:Generated_Source\PSoC4/cyfitter_cfg.c **** 
 317:Generated_Source\PSoC4/cyfitter_cfg.c **** 	/* IOPINS0_2 Starting address: CYDEV_GPIO_PRT2_BASE */
 318:Generated_Source\PSoC4/cyfitter_cfg.c **** 	CY_SET_REG32((void *)(CYDEV_GPIO_PRT2_BASE), 0x00000040u);
 428              		.loc 1 318 0
 429 0188 134B     		ldr	r3, .L13+36
 430 018a 4022     		movs	r2, #64
 431 018c 1A60     		str	r2, [r3]
 319:Generated_Source\PSoC4/cyfitter_cfg.c **** 	CY_SET_REG32((void *)(CYREG_GPIO_PRT2_PC), 0x00080000u);
 432              		.loc 1 319 0
 433 018e 134B     		ldr	r3, .L13+40
 434 0190 8022     		movs	r2, #128
 435 0192 1203     		lsls	r2, r2, #12
 436 0194 1A60     		str	r2, [r3]
 320:Generated_Source\PSoC4/cyfitter_cfg.c **** 
 321:Generated_Source\PSoC4/cyfitter_cfg.c **** 	/* IOPINS0_3 Starting address: CYDEV_GPIO_PRT3_BASE */
 322:Generated_Source\PSoC4/cyfitter_cfg.c **** 	CY_SET_REG32((void *)(CYDEV_GPIO_PRT3_BASE), 0x00000008u);
 437              		.loc 1 322 0
 438 0196 124B     		ldr	r3, .L13+44
 439 0198 0822     		movs	r2, #8
 440 019a 1A60     		str	r2, [r3]
 323:Generated_Source\PSoC4/cyfitter_cfg.c **** 	CY_SET_REG32((void *)(CYREG_GPIO_PRT3_PC), 0x00000C00u);
 441              		.loc 1 323 0
 442 019c 114B     		ldr	r3, .L13+48
 443 019e C022     		movs	r2, #192
 444 01a0 1201     		lsls	r2, r2, #4
 445 01a2 1A60     		str	r2, [r3]
 324:Generated_Source\PSoC4/cyfitter_cfg.c **** 
 325:Generated_Source\PSoC4/cyfitter_cfg.c **** 
 326:Generated_Source\PSoC4/cyfitter_cfg.c **** 	/* Setup clocks based on selections from Clock DWR */
 327:Generated_Source\PSoC4/cyfitter_cfg.c **** 	ClockSetup();
 446              		.loc 1 327 0
 447 01a4 FFF72CFF 		bl	ClockSetup
 328:Generated_Source\PSoC4/cyfitter_cfg.c **** 
 329:Generated_Source\PSoC4/cyfitter_cfg.c **** 	/* Perform basic analog initialization to defaults */
 330:Generated_Source\PSoC4/cyfitter_cfg.c **** 	AnalogSetDefault();
 448              		.loc 1 330 0
 449 01a8 FFF7FEFF 		bl	AnalogSetDefault
 331:Generated_Source\PSoC4/cyfitter_cfg.c **** 
 332:Generated_Source\PSoC4/cyfitter_cfg.c **** }
 450              		.loc 1 332 0
 451 01ac C046     		nop
 452 01ae BD46     		mov	sp, r7
 453 01b0 02B0     		add	sp, sp, #8
 454              		@ sp needed
 455 01b2 80BD     		pop	{r7, pc}
 456              	.L14:
 457              		.align	2
 458              	.L13:
 459 01b4 6CF02E40 		.word	1076818028
 460 01b8 00000000 		.word	cfg_memset_list.4884
 461 01bc 00000240 		.word	1073872896
 462 01c0 00030240 		.word	1073873664
 463 01c4 00500F40 		.word	1074745344
 464 01c8 20500F40 		.word	1074745376
ARM GAS  C:\Users\cnpan\AppData\Local\Temp\ccbVQtPQ.s 			page 15


 465 01cc 30500F40 		.word	1074745392
 466 01d0 00700F40 		.word	1074753536
 467 01d4 08000440 		.word	1074003976
 468 01d8 00020440 		.word	1074004480
 469 01dc 08020440 		.word	1074004488
 470 01e0 00030440 		.word	1074004736
 471 01e4 08030440 		.word	1074004744
 472              		.cfi_endproc
 473              	.LFE7:
 474              		.size	cyfitter_cfg, .-cyfitter_cfg
 475              		.section	.rodata
 476              		.align	2
 477              		.type	cfg_memset_list.4884, %object
 478              		.size	cfg_memset_list.4884, 12
 479              	cfg_memset_list.4884:
 480 0000 00300F40 		.word	1074737152
 481 0004 0004     		.short	1024
 482 0006 00400F40 		.4byte	1074741248
 483 000a 0004     		.short	1024
 484              		.text
 485              	.Letext0:
 486              		.file 2 "c:\\program files (x86)\\cypress\\psoc creator\\4.1\\psoc creator\\import\\gnu\\arm\\5.4.
 487              		.file 3 "Generated_Source\\PSoC4\\cytypes.h"
 488              		.section	.debug_info,"",%progbits
 489              	.Ldebug_info0:
 490 0000 55020000 		.4byte	0x255
 491 0004 0400     		.2byte	0x4
 492 0006 00000000 		.4byte	.Ldebug_abbrev0
 493 000a 04       		.byte	0x4
 494 000b 01       		.uleb128 0x1
 495 000c 83000000 		.4byte	.LASF30
 496 0010 0C       		.byte	0xc
 497 0011 34020000 		.4byte	.LASF31
 498 0015 41010000 		.4byte	.LASF32
 499 0019 00000000 		.4byte	.Ldebug_ranges0+0
 500 001d 00000000 		.4byte	0
 501 0021 00000000 		.4byte	.Ldebug_line0
 502 0025 02       		.uleb128 0x2
 503 0026 04       		.byte	0x4
 504 0027 05       		.byte	0x5
 505 0028 696E7400 		.ascii	"int\000"
 506 002c 03       		.uleb128 0x3
 507 002d 06000000 		.4byte	.LASF12
 508 0031 02       		.byte	0x2
 509 0032 D8       		.byte	0xd8
 510 0033 37000000 		.4byte	0x37
 511 0037 04       		.uleb128 0x4
 512 0038 04       		.byte	0x4
 513 0039 07       		.byte	0x7
 514 003a B4010000 		.4byte	.LASF0
 515 003e 04       		.uleb128 0x4
 516 003f 08       		.byte	0x8
 517 0040 05       		.byte	0x5
 518 0041 F6010000 		.4byte	.LASF1
 519 0045 04       		.uleb128 0x4
 520 0046 08       		.byte	0x8
 521 0047 04       		.byte	0x4
ARM GAS  C:\Users\cnpan\AppData\Local\Temp\ccbVQtPQ.s 			page 16


 522 0048 1C020000 		.4byte	.LASF2
 523 004c 04       		.uleb128 0x4
 524 004d 01       		.byte	0x1
 525 004e 06       		.byte	0x6
 526 004f 28020000 		.4byte	.LASF3
 527 0053 04       		.uleb128 0x4
 528 0054 01       		.byte	0x1
 529 0055 08       		.byte	0x8
 530 0056 11010000 		.4byte	.LASF4
 531 005a 04       		.uleb128 0x4
 532 005b 02       		.byte	0x2
 533 005c 05       		.byte	0x5
 534 005d 09020000 		.4byte	.LASF5
 535 0061 04       		.uleb128 0x4
 536 0062 02       		.byte	0x2
 537 0063 07       		.byte	0x7
 538 0064 39000000 		.4byte	.LASF6
 539 0068 04       		.uleb128 0x4
 540 0069 04       		.byte	0x4
 541 006a 05       		.byte	0x5
 542 006b 13020000 		.4byte	.LASF7
 543 006f 04       		.uleb128 0x4
 544 0070 04       		.byte	0x4
 545 0071 07       		.byte	0x7
 546 0072 61000000 		.4byte	.LASF8
 547 0076 04       		.uleb128 0x4
 548 0077 08       		.byte	0x8
 549 0078 07       		.byte	0x7
 550 0079 C9010000 		.4byte	.LASF9
 551 007d 04       		.uleb128 0x4
 552 007e 04       		.byte	0x4
 553 007f 07       		.byte	0x7
 554 0080 ED010000 		.4byte	.LASF10
 555 0084 05       		.uleb128 0x5
 556 0085 04       		.byte	0x4
 557 0086 04       		.uleb128 0x4
 558 0087 01       		.byte	0x1
 559 0088 08       		.byte	0x8
 560 0089 04020000 		.4byte	.LASF11
 561 008d 06       		.uleb128 0x6
 562 008e 73000000 		.4byte	.LASF13
 563 0092 03       		.byte	0x3
 564 0093 B901     		.2byte	0x1b9
 565 0095 53000000 		.4byte	0x53
 566 0099 06       		.uleb128 0x6
 567 009a 33010000 		.4byte	.LASF14
 568 009e 03       		.byte	0x3
 569 009f BA01     		.2byte	0x1ba
 570 00a1 61000000 		.4byte	0x61
 571 00a5 06       		.uleb128 0x6
 572 00a6 3A010000 		.4byte	.LASF15
 573 00aa 03       		.byte	0x3
 574 00ab BB01     		.2byte	0x1bb
 575 00ad 6F000000 		.4byte	0x6f
 576 00b1 04       		.uleb128 0x4
 577 00b2 04       		.byte	0x4
 578 00b3 04       		.byte	0x4
ARM GAS  C:\Users\cnpan\AppData\Local\Temp\ccbVQtPQ.s 			page 17


 579 00b4 4C000000 		.4byte	.LASF16
 580 00b8 04       		.uleb128 0x4
 581 00b9 08       		.byte	0x8
 582 00ba 04       		.byte	0x4
 583 00bb 1F010000 		.4byte	.LASF17
 584 00bf 06       		.uleb128 0x6
 585 00c0 5C000000 		.4byte	.LASF18
 586 00c4 03       		.byte	0x3
 587 00c5 6302     		.2byte	0x263
 588 00c7 CB000000 		.4byte	0xcb
 589 00cb 07       		.uleb128 0x7
 590 00cc 8D000000 		.4byte	0x8d
 591 00d0 06       		.uleb128 0x6
 592 00d1 00000000 		.4byte	.LASF19
 593 00d5 03       		.byte	0x3
 594 00d6 6502     		.2byte	0x265
 595 00d8 DC000000 		.4byte	0xdc
 596 00dc 07       		.uleb128 0x7
 597 00dd A5000000 		.4byte	0xa5
 598 00e1 08       		.uleb128 0x8
 599 00e2 79000000 		.4byte	.LASF20
 600 00e6 01       		.byte	0x1
 601 00e7 4A       		.byte	0x4a
 602 00e8 00000000 		.4byte	.LFB2
 603 00ec 1E000000 		.4byte	.LFE2-.LFB2
 604 00f0 01       		.uleb128 0x1
 605 00f1 9C       		.byte	0x9c
 606 00f2 0F010000 		.4byte	0x10f
 607 00f6 09       		.uleb128 0x9
 608 00f7 7300     		.ascii	"s\000"
 609 00f9 01       		.byte	0x1
 610 00fa 4A       		.byte	0x4a
 611 00fb 84000000 		.4byte	0x84
 612 00ff 02       		.uleb128 0x2
 613 0100 91       		.byte	0x91
 614 0101 74       		.sleb128 -12
 615 0102 09       		.uleb128 0x9
 616 0103 6E00     		.ascii	"n\000"
 617 0105 01       		.byte	0x1
 618 0106 4A       		.byte	0x4a
 619 0107 2C000000 		.4byte	0x2c
 620 010b 02       		.uleb128 0x2
 621 010c 91       		.byte	0x91
 622 010d 70       		.sleb128 -16
 623 010e 00       		.byte	0
 624 010f 08       		.uleb128 0x8
 625 0110 6A020000 		.4byte	.LASF21
 626 0114 01       		.byte	0x1
 627 0115 51       		.byte	0x51
 628 0116 00000000 		.4byte	.LFB3
 629 011a 20000000 		.4byte	.LFE3-.LFB3
 630 011e 01       		.uleb128 0x1
 631 011f 9C       		.byte	0x9c
 632 0120 4D010000 		.4byte	0x14d
 633 0124 0A       		.uleb128 0xa
 634 0125 52000000 		.4byte	.LASF22
 635 0129 01       		.byte	0x1
ARM GAS  C:\Users\cnpan\AppData\Local\Temp\ccbVQtPQ.s 			page 18


 636 012a 51       		.byte	0x51
 637 012b 84000000 		.4byte	0x84
 638 012f 02       		.uleb128 0x2
 639 0130 91       		.byte	0x91
 640 0131 74       		.sleb128 -12
 641 0132 09       		.uleb128 0x9
 642 0133 73726300 		.ascii	"src\000"
 643 0137 01       		.byte	0x1
 644 0138 51       		.byte	0x51
 645 0139 4D010000 		.4byte	0x14d
 646 013d 02       		.uleb128 0x2
 647 013e 91       		.byte	0x91
 648 013f 70       		.sleb128 -16
 649 0140 09       		.uleb128 0x9
 650 0141 6E00     		.ascii	"n\000"
 651 0143 01       		.byte	0x1
 652 0144 51       		.byte	0x51
 653 0145 2C000000 		.4byte	0x2c
 654 0149 02       		.uleb128 0x2
 655 014a 91       		.byte	0x91
 656 014b 6C       		.sleb128 -20
 657 014c 00       		.byte	0
 658 014d 0B       		.uleb128 0xb
 659 014e 04       		.byte	0x4
 660 014f 53010000 		.4byte	0x153
 661 0153 0C       		.uleb128 0xc
 662 0154 08       		.uleb128 0x8
 663 0155 5A020000 		.4byte	.LASF23
 664 0159 01       		.byte	0x1
 665 015a 58       		.byte	0x58
 666 015b 00000000 		.4byte	.LFB4
 667 015f 20000000 		.4byte	.LFE4-.LFB4
 668 0163 01       		.uleb128 0x1
 669 0164 9C       		.byte	0x9c
 670 0165 92010000 		.4byte	0x192
 671 0169 0A       		.uleb128 0xa
 672 016a 52000000 		.4byte	.LASF22
 673 016e 01       		.byte	0x1
 674 016f 58       		.byte	0x58
 675 0170 84000000 		.4byte	0x84
 676 0174 02       		.uleb128 0x2
 677 0175 91       		.byte	0x91
 678 0176 74       		.sleb128 -12
 679 0177 09       		.uleb128 0x9
 680 0178 73726300 		.ascii	"src\000"
 681 017c 01       		.byte	0x1
 682 017d 58       		.byte	0x58
 683 017e 4D010000 		.4byte	0x14d
 684 0182 02       		.uleb128 0x2
 685 0183 91       		.byte	0x91
 686 0184 70       		.sleb128 -16
 687 0185 09       		.uleb128 0x9
 688 0186 6E00     		.ascii	"n\000"
 689 0188 01       		.byte	0x1
 690 0189 58       		.byte	0x58
 691 018a 2C000000 		.4byte	0x2c
 692 018e 02       		.uleb128 0x2
ARM GAS  C:\Users\cnpan\AppData\Local\Temp\ccbVQtPQ.s 			page 19


 693 018f 91       		.byte	0x91
 694 0190 6C       		.sleb128 -20
 695 0191 00       		.byte	0
 696 0192 0D       		.uleb128 0xd
 697 0193 2E000000 		.4byte	.LASF24
 698 0197 01       		.byte	0x1
 699 0198 AB       		.byte	0xab
 700 0199 00000000 		.4byte	.LFB5
 701 019d E4000000 		.4byte	.LFE5-.LFB5
 702 01a1 01       		.uleb128 0x1
 703 01a2 9C       		.byte	0x9c
 704 01a3 0E       		.uleb128 0xe
 705 01a4 0D000000 		.4byte	.LASF25
 706 01a8 01       		.byte	0x1
 707 01a9 F0       		.byte	0xf0
 708 01aa 00000000 		.4byte	.LFB6
 709 01ae 28000000 		.4byte	.LFE6-.LFB6
 710 01b2 01       		.uleb128 0x1
 711 01b3 9C       		.byte	0x9c
 712 01b4 0F       		.uleb128 0xf
 713 01b5 26010000 		.4byte	.LASF33
 714 01b9 01       		.byte	0x1
 715 01ba 0B01     		.2byte	0x10b
 716 01bc E4000000 		.4byte	.LFB7
 717 01c0 04010000 		.4byte	.LFE7-.LFB7
 718 01c4 01       		.uleb128 0x1
 719 01c5 9C       		.byte	0x9c
 720 01c6 10       		.uleb128 0x10
 721 01c7 F2000000 		.4byte	.LBB2
 722 01cb 8E000000 		.4byte	.LBE2-.LBB2
 723 01cf 11       		.uleb128 0x11
 724 01d0 06       		.byte	0x6
 725 01d1 01       		.byte	0x1
 726 01d2 1401     		.2byte	0x114
 727 01d4 F3010000 		.4byte	0x1f3
 728 01d8 12       		.uleb128 0x12
 729 01d9 C1010000 		.4byte	.LASF26
 730 01dd 01       		.byte	0x1
 731 01de 1501     		.2byte	0x115
 732 01e0 84000000 		.4byte	0x84
 733 01e4 00       		.byte	0
 734 01e5 12       		.uleb128 0x12
 735 01e6 57000000 		.4byte	.LASF27
 736 01ea 01       		.byte	0x1
 737 01eb 1601     		.2byte	0x116
 738 01ed 99000000 		.4byte	0x99
 739 01f1 04       		.byte	0x4
 740 01f2 00       		.byte	0
 741 01f3 06       		.uleb128 0x6
 742 01f4 E0010000 		.4byte	.LASF28
 743 01f8 01       		.byte	0x1
 744 01f9 1701     		.2byte	0x117
 745 01fb CF010000 		.4byte	0x1cf
 746 01ff 13       		.uleb128 0x13
 747 0200 0F020000 		.4byte	0x20f
 748 0204 0F020000 		.4byte	0x20f
 749 0208 14       		.uleb128 0x14
ARM GAS  C:\Users\cnpan\AppData\Local\Temp\ccbVQtPQ.s 			page 20


 750 0209 7D000000 		.4byte	0x7d
 751 020d 01       		.byte	0x1
 752 020e 00       		.byte	0
 753 020f 15       		.uleb128 0x15
 754 0210 F3010000 		.4byte	0x1f3
 755 0214 16       		.uleb128 0x16
 756 0215 1E000000 		.4byte	.LASF29
 757 0219 01       		.byte	0x1
 758 021a 1901     		.2byte	0x119
 759 021c 26020000 		.4byte	0x226
 760 0220 05       		.uleb128 0x5
 761 0221 03       		.byte	0x3
 762 0222 00000000 		.4byte	cfg_memset_list.4884
 763 0226 15       		.uleb128 0x15
 764 0227 FF010000 		.4byte	0x1ff
 765 022b 17       		.uleb128 0x17
 766 022c 6900     		.ascii	"i\000"
 767 022e 01       		.byte	0x1
 768 022f 1F01     		.2byte	0x11f
 769 0231 8D000000 		.4byte	0x8d
 770 0235 02       		.uleb128 0x2
 771 0236 91       		.byte	0x91
 772 0237 77       		.sleb128 -9
 773 0238 10       		.uleb128 0x10
 774 0239 FA000000 		.4byte	.LBB3
 775 023d 3C000000 		.4byte	.LBE3-.LBB3
 776 0241 17       		.uleb128 0x17
 777 0242 6D7300   		.ascii	"ms\000"
 778 0245 01       		.byte	0x1
 779 0246 2401     		.2byte	0x124
 780 0248 4F020000 		.4byte	0x24f
 781 024c 02       		.uleb128 0x2
 782 024d 91       		.byte	0x91
 783 024e 70       		.sleb128 -16
 784 024f 0B       		.uleb128 0xb
 785 0250 04       		.byte	0x4
 786 0251 0F020000 		.4byte	0x20f
 787 0255 00       		.byte	0
 788 0256 00       		.byte	0
 789 0257 00       		.byte	0
 790 0258 00       		.byte	0
 791              		.section	.debug_abbrev,"",%progbits
 792              	.Ldebug_abbrev0:
 793 0000 01       		.uleb128 0x1
 794 0001 11       		.uleb128 0x11
 795 0002 01       		.byte	0x1
 796 0003 25       		.uleb128 0x25
 797 0004 0E       		.uleb128 0xe
 798 0005 13       		.uleb128 0x13
 799 0006 0B       		.uleb128 0xb
 800 0007 03       		.uleb128 0x3
 801 0008 0E       		.uleb128 0xe
 802 0009 1B       		.uleb128 0x1b
 803 000a 0E       		.uleb128 0xe
 804 000b 55       		.uleb128 0x55
 805 000c 17       		.uleb128 0x17
 806 000d 11       		.uleb128 0x11
ARM GAS  C:\Users\cnpan\AppData\Local\Temp\ccbVQtPQ.s 			page 21


 807 000e 01       		.uleb128 0x1
 808 000f 10       		.uleb128 0x10
 809 0010 17       		.uleb128 0x17
 810 0011 00       		.byte	0
 811 0012 00       		.byte	0
 812 0013 02       		.uleb128 0x2
 813 0014 24       		.uleb128 0x24
 814 0015 00       		.byte	0
 815 0016 0B       		.uleb128 0xb
 816 0017 0B       		.uleb128 0xb
 817 0018 3E       		.uleb128 0x3e
 818 0019 0B       		.uleb128 0xb
 819 001a 03       		.uleb128 0x3
 820 001b 08       		.uleb128 0x8
 821 001c 00       		.byte	0
 822 001d 00       		.byte	0
 823 001e 03       		.uleb128 0x3
 824 001f 16       		.uleb128 0x16
 825 0020 00       		.byte	0
 826 0021 03       		.uleb128 0x3
 827 0022 0E       		.uleb128 0xe
 828 0023 3A       		.uleb128 0x3a
 829 0024 0B       		.uleb128 0xb
 830 0025 3B       		.uleb128 0x3b
 831 0026 0B       		.uleb128 0xb
 832 0027 49       		.uleb128 0x49
 833 0028 13       		.uleb128 0x13
 834 0029 00       		.byte	0
 835 002a 00       		.byte	0
 836 002b 04       		.uleb128 0x4
 837 002c 24       		.uleb128 0x24
 838 002d 00       		.byte	0
 839 002e 0B       		.uleb128 0xb
 840 002f 0B       		.uleb128 0xb
 841 0030 3E       		.uleb128 0x3e
 842 0031 0B       		.uleb128 0xb
 843 0032 03       		.uleb128 0x3
 844 0033 0E       		.uleb128 0xe
 845 0034 00       		.byte	0
 846 0035 00       		.byte	0
 847 0036 05       		.uleb128 0x5
 848 0037 0F       		.uleb128 0xf
 849 0038 00       		.byte	0
 850 0039 0B       		.uleb128 0xb
 851 003a 0B       		.uleb128 0xb
 852 003b 00       		.byte	0
 853 003c 00       		.byte	0
 854 003d 06       		.uleb128 0x6
 855 003e 16       		.uleb128 0x16
 856 003f 00       		.byte	0
 857 0040 03       		.uleb128 0x3
 858 0041 0E       		.uleb128 0xe
 859 0042 3A       		.uleb128 0x3a
 860 0043 0B       		.uleb128 0xb
 861 0044 3B       		.uleb128 0x3b
 862 0045 05       		.uleb128 0x5
 863 0046 49       		.uleb128 0x49
ARM GAS  C:\Users\cnpan\AppData\Local\Temp\ccbVQtPQ.s 			page 22


 864 0047 13       		.uleb128 0x13
 865 0048 00       		.byte	0
 866 0049 00       		.byte	0
 867 004a 07       		.uleb128 0x7
 868 004b 35       		.uleb128 0x35
 869 004c 00       		.byte	0
 870 004d 49       		.uleb128 0x49
 871 004e 13       		.uleb128 0x13
 872 004f 00       		.byte	0
 873 0050 00       		.byte	0
 874 0051 08       		.uleb128 0x8
 875 0052 2E       		.uleb128 0x2e
 876 0053 01       		.byte	0x1
 877 0054 03       		.uleb128 0x3
 878 0055 0E       		.uleb128 0xe
 879 0056 3A       		.uleb128 0x3a
 880 0057 0B       		.uleb128 0xb
 881 0058 3B       		.uleb128 0x3b
 882 0059 0B       		.uleb128 0xb
 883 005a 27       		.uleb128 0x27
 884 005b 19       		.uleb128 0x19
 885 005c 11       		.uleb128 0x11
 886 005d 01       		.uleb128 0x1
 887 005e 12       		.uleb128 0x12
 888 005f 06       		.uleb128 0x6
 889 0060 40       		.uleb128 0x40
 890 0061 18       		.uleb128 0x18
 891 0062 9642     		.uleb128 0x2116
 892 0064 19       		.uleb128 0x19
 893 0065 01       		.uleb128 0x1
 894 0066 13       		.uleb128 0x13
 895 0067 00       		.byte	0
 896 0068 00       		.byte	0
 897 0069 09       		.uleb128 0x9
 898 006a 05       		.uleb128 0x5
 899 006b 00       		.byte	0
 900 006c 03       		.uleb128 0x3
 901 006d 08       		.uleb128 0x8
 902 006e 3A       		.uleb128 0x3a
 903 006f 0B       		.uleb128 0xb
 904 0070 3B       		.uleb128 0x3b
 905 0071 0B       		.uleb128 0xb
 906 0072 49       		.uleb128 0x49
 907 0073 13       		.uleb128 0x13
 908 0074 02       		.uleb128 0x2
 909 0075 18       		.uleb128 0x18
 910 0076 00       		.byte	0
 911 0077 00       		.byte	0
 912 0078 0A       		.uleb128 0xa
 913 0079 05       		.uleb128 0x5
 914 007a 00       		.byte	0
 915 007b 03       		.uleb128 0x3
 916 007c 0E       		.uleb128 0xe
 917 007d 3A       		.uleb128 0x3a
 918 007e 0B       		.uleb128 0xb
 919 007f 3B       		.uleb128 0x3b
 920 0080 0B       		.uleb128 0xb
ARM GAS  C:\Users\cnpan\AppData\Local\Temp\ccbVQtPQ.s 			page 23


 921 0081 49       		.uleb128 0x49
 922 0082 13       		.uleb128 0x13
 923 0083 02       		.uleb128 0x2
 924 0084 18       		.uleb128 0x18
 925 0085 00       		.byte	0
 926 0086 00       		.byte	0
 927 0087 0B       		.uleb128 0xb
 928 0088 0F       		.uleb128 0xf
 929 0089 00       		.byte	0
 930 008a 0B       		.uleb128 0xb
 931 008b 0B       		.uleb128 0xb
 932 008c 49       		.uleb128 0x49
 933 008d 13       		.uleb128 0x13
 934 008e 00       		.byte	0
 935 008f 00       		.byte	0
 936 0090 0C       		.uleb128 0xc
 937 0091 26       		.uleb128 0x26
 938 0092 00       		.byte	0
 939 0093 00       		.byte	0
 940 0094 00       		.byte	0
 941 0095 0D       		.uleb128 0xd
 942 0096 2E       		.uleb128 0x2e
 943 0097 00       		.byte	0
 944 0098 03       		.uleb128 0x3
 945 0099 0E       		.uleb128 0xe
 946 009a 3A       		.uleb128 0x3a
 947 009b 0B       		.uleb128 0xb
 948 009c 3B       		.uleb128 0x3b
 949 009d 0B       		.uleb128 0xb
 950 009e 27       		.uleb128 0x27
 951 009f 19       		.uleb128 0x19
 952 00a0 11       		.uleb128 0x11
 953 00a1 01       		.uleb128 0x1
 954 00a2 12       		.uleb128 0x12
 955 00a3 06       		.uleb128 0x6
 956 00a4 40       		.uleb128 0x40
 957 00a5 18       		.uleb128 0x18
 958 00a6 9642     		.uleb128 0x2116
 959 00a8 19       		.uleb128 0x19
 960 00a9 00       		.byte	0
 961 00aa 00       		.byte	0
 962 00ab 0E       		.uleb128 0xe
 963 00ac 2E       		.uleb128 0x2e
 964 00ad 00       		.byte	0
 965 00ae 03       		.uleb128 0x3
 966 00af 0E       		.uleb128 0xe
 967 00b0 3A       		.uleb128 0x3a
 968 00b1 0B       		.uleb128 0xb
 969 00b2 3B       		.uleb128 0x3b
 970 00b3 0B       		.uleb128 0xb
 971 00b4 27       		.uleb128 0x27
 972 00b5 19       		.uleb128 0x19
 973 00b6 11       		.uleb128 0x11
 974 00b7 01       		.uleb128 0x1
 975 00b8 12       		.uleb128 0x12
 976 00b9 06       		.uleb128 0x6
 977 00ba 40       		.uleb128 0x40
ARM GAS  C:\Users\cnpan\AppData\Local\Temp\ccbVQtPQ.s 			page 24


 978 00bb 18       		.uleb128 0x18
 979 00bc 9742     		.uleb128 0x2117
 980 00be 19       		.uleb128 0x19
 981 00bf 00       		.byte	0
 982 00c0 00       		.byte	0
 983 00c1 0F       		.uleb128 0xf
 984 00c2 2E       		.uleb128 0x2e
 985 00c3 01       		.byte	0x1
 986 00c4 3F       		.uleb128 0x3f
 987 00c5 19       		.uleb128 0x19
 988 00c6 03       		.uleb128 0x3
 989 00c7 0E       		.uleb128 0xe
 990 00c8 3A       		.uleb128 0x3a
 991 00c9 0B       		.uleb128 0xb
 992 00ca 3B       		.uleb128 0x3b
 993 00cb 05       		.uleb128 0x5
 994 00cc 27       		.uleb128 0x27
 995 00cd 19       		.uleb128 0x19
 996 00ce 11       		.uleb128 0x11
 997 00cf 01       		.uleb128 0x1
 998 00d0 12       		.uleb128 0x12
 999 00d1 06       		.uleb128 0x6
 1000 00d2 40       		.uleb128 0x40
 1001 00d3 18       		.uleb128 0x18
 1002 00d4 9642     		.uleb128 0x2116
 1003 00d6 19       		.uleb128 0x19
 1004 00d7 00       		.byte	0
 1005 00d8 00       		.byte	0
 1006 00d9 10       		.uleb128 0x10
 1007 00da 0B       		.uleb128 0xb
 1008 00db 01       		.byte	0x1
 1009 00dc 11       		.uleb128 0x11
 1010 00dd 01       		.uleb128 0x1
 1011 00de 12       		.uleb128 0x12
 1012 00df 06       		.uleb128 0x6
 1013 00e0 00       		.byte	0
 1014 00e1 00       		.byte	0
 1015 00e2 11       		.uleb128 0x11
 1016 00e3 13       		.uleb128 0x13
 1017 00e4 01       		.byte	0x1
 1018 00e5 0B       		.uleb128 0xb
 1019 00e6 0B       		.uleb128 0xb
 1020 00e7 3A       		.uleb128 0x3a
 1021 00e8 0B       		.uleb128 0xb
 1022 00e9 3B       		.uleb128 0x3b
 1023 00ea 05       		.uleb128 0x5
 1024 00eb 01       		.uleb128 0x1
 1025 00ec 13       		.uleb128 0x13
 1026 00ed 00       		.byte	0
 1027 00ee 00       		.byte	0
 1028 00ef 12       		.uleb128 0x12
 1029 00f0 0D       		.uleb128 0xd
 1030 00f1 00       		.byte	0
 1031 00f2 03       		.uleb128 0x3
 1032 00f3 0E       		.uleb128 0xe
 1033 00f4 3A       		.uleb128 0x3a
 1034 00f5 0B       		.uleb128 0xb
ARM GAS  C:\Users\cnpan\AppData\Local\Temp\ccbVQtPQ.s 			page 25


 1035 00f6 3B       		.uleb128 0x3b
 1036 00f7 05       		.uleb128 0x5
 1037 00f8 49       		.uleb128 0x49
 1038 00f9 13       		.uleb128 0x13
 1039 00fa 38       		.uleb128 0x38
 1040 00fb 0B       		.uleb128 0xb
 1041 00fc 00       		.byte	0
 1042 00fd 00       		.byte	0
 1043 00fe 13       		.uleb128 0x13
 1044 00ff 01       		.uleb128 0x1
 1045 0100 01       		.byte	0x1
 1046 0101 49       		.uleb128 0x49
 1047 0102 13       		.uleb128 0x13
 1048 0103 01       		.uleb128 0x1
 1049 0104 13       		.uleb128 0x13
 1050 0105 00       		.byte	0
 1051 0106 00       		.byte	0
 1052 0107 14       		.uleb128 0x14
 1053 0108 21       		.uleb128 0x21
 1054 0109 00       		.byte	0
 1055 010a 49       		.uleb128 0x49
 1056 010b 13       		.uleb128 0x13
 1057 010c 2F       		.uleb128 0x2f
 1058 010d 0B       		.uleb128 0xb
 1059 010e 00       		.byte	0
 1060 010f 00       		.byte	0
 1061 0110 15       		.uleb128 0x15
 1062 0111 26       		.uleb128 0x26
 1063 0112 00       		.byte	0
 1064 0113 49       		.uleb128 0x49
 1065 0114 13       		.uleb128 0x13
 1066 0115 00       		.byte	0
 1067 0116 00       		.byte	0
 1068 0117 16       		.uleb128 0x16
 1069 0118 34       		.uleb128 0x34
 1070 0119 00       		.byte	0
 1071 011a 03       		.uleb128 0x3
 1072 011b 0E       		.uleb128 0xe
 1073 011c 3A       		.uleb128 0x3a
 1074 011d 0B       		.uleb128 0xb
 1075 011e 3B       		.uleb128 0x3b
 1076 011f 05       		.uleb128 0x5
 1077 0120 49       		.uleb128 0x49
 1078 0121 13       		.uleb128 0x13
 1079 0122 02       		.uleb128 0x2
 1080 0123 18       		.uleb128 0x18
 1081 0124 00       		.byte	0
 1082 0125 00       		.byte	0
 1083 0126 17       		.uleb128 0x17
 1084 0127 34       		.uleb128 0x34
 1085 0128 00       		.byte	0
 1086 0129 03       		.uleb128 0x3
 1087 012a 08       		.uleb128 0x8
 1088 012b 3A       		.uleb128 0x3a
 1089 012c 0B       		.uleb128 0xb
 1090 012d 3B       		.uleb128 0x3b
 1091 012e 05       		.uleb128 0x5
ARM GAS  C:\Users\cnpan\AppData\Local\Temp\ccbVQtPQ.s 			page 26


 1092 012f 49       		.uleb128 0x49
 1093 0130 13       		.uleb128 0x13
 1094 0131 02       		.uleb128 0x2
 1095 0132 18       		.uleb128 0x18
 1096 0133 00       		.byte	0
 1097 0134 00       		.byte	0
 1098 0135 00       		.byte	0
 1099              		.section	.debug_aranges,"",%progbits
 1100 0000 44000000 		.4byte	0x44
 1101 0004 0200     		.2byte	0x2
 1102 0006 00000000 		.4byte	.Ldebug_info0
 1103 000a 04       		.byte	0x4
 1104 000b 00       		.byte	0
 1105 000c 0000     		.2byte	0
 1106 000e 0000     		.2byte	0
 1107 0010 00000000 		.4byte	.LFB2
 1108 0014 1E000000 		.4byte	.LFE2-.LFB2
 1109 0018 00000000 		.4byte	.LFB3
 1110 001c 20000000 		.4byte	.LFE3-.LFB3
 1111 0020 00000000 		.4byte	.LFB4
 1112 0024 20000000 		.4byte	.LFE4-.LFB4
 1113 0028 00000000 		.4byte	.LFB5
 1114 002c E4000000 		.4byte	.LFE5-.LFB5
 1115 0030 00000000 		.4byte	.LFB6
 1116 0034 28000000 		.4byte	.LFE6-.LFB6
 1117 0038 E4000000 		.4byte	.LFB7
 1118 003c 04010000 		.4byte	.LFE7-.LFB7
 1119 0040 00000000 		.4byte	0
 1120 0044 00000000 		.4byte	0
 1121              		.section	.debug_ranges,"",%progbits
 1122              	.Ldebug_ranges0:
 1123 0000 00000000 		.4byte	.LFB2
 1124 0004 1E000000 		.4byte	.LFE2
 1125 0008 00000000 		.4byte	.LFB3
 1126 000c 20000000 		.4byte	.LFE3
 1127 0010 00000000 		.4byte	.LFB4
 1128 0014 20000000 		.4byte	.LFE4
 1129 0018 00000000 		.4byte	.LFB5
 1130 001c E4000000 		.4byte	.LFE5
 1131 0020 00000000 		.4byte	.LFB6
 1132 0024 28000000 		.4byte	.LFE6
 1133 0028 E4000000 		.4byte	.LFB7
 1134 002c E8010000 		.4byte	.LFE7
 1135 0030 00000000 		.4byte	0
 1136 0034 00000000 		.4byte	0
 1137              		.section	.debug_line,"",%progbits
 1138              	.Ldebug_line0:
 1139 0000 6F010000 		.section	.debug_str,"MS",%progbits,1
 1139      0200CB00 
 1139      00000201 
 1139      FB0E0D00 
 1139      01010101 
 1140              	.LASF19:
 1141 0000 72656733 		.ascii	"reg32\000"
 1141      3200
 1142              	.LASF12:
 1143 0006 73697A65 		.ascii	"size_t\000"
ARM GAS  C:\Users\cnpan\AppData\Local\Temp\ccbVQtPQ.s 			page 27


 1143      5F7400
 1144              	.LASF25:
 1145 000d 416E616C 		.ascii	"AnalogSetDefault\000"
 1145      6F675365 
 1145      74446566 
 1145      61756C74 
 1145      00
 1146              	.LASF29:
 1147 001e 6366675F 		.ascii	"cfg_memset_list\000"
 1147      6D656D73 
 1147      65745F6C 
 1147      69737400 
 1148              	.LASF24:
 1149 002e 436C6F63 		.ascii	"ClockSetup\000"
 1149      6B536574 
 1149      757000
 1150              	.LASF6:
 1151 0039 73686F72 		.ascii	"short unsigned int\000"
 1151      7420756E 
 1151      7369676E 
 1151      65642069 
 1151      6E7400
 1152              	.LASF16:
 1153 004c 666C6F61 		.ascii	"float\000"
 1153      7400
 1154              	.LASF22:
 1155 0052 64657374 		.ascii	"dest\000"
 1155      00
 1156              	.LASF27:
 1157 0057 73697A65 		.ascii	"size\000"
 1157      00
 1158              	.LASF18:
 1159 005c 72656738 		.ascii	"reg8\000"
 1159      00
 1160              	.LASF8:
 1161 0061 6C6F6E67 		.ascii	"long unsigned int\000"
 1161      20756E73 
 1161      69676E65 
 1161      6420696E 
 1161      7400
 1162              	.LASF13:
 1163 0073 75696E74 		.ascii	"uint8\000"
 1163      3800
 1164              	.LASF20:
 1165 0079 43594D45 		.ascii	"CYMEMZERO\000"
 1165      4D5A4552 
 1165      4F00
 1166              	.LASF30:
 1167 0083 474E5520 		.ascii	"GNU C11 5.4.1 20160609 (release) [ARM/embedded-5-br"
 1167      43313120 
 1167      352E342E 
 1167      31203230 
 1167      31363036 
 1168 00b6 616E6368 		.ascii	"anch revision 237715] -mcpu=cortex-m0 -mthumb -g -O"
 1168      20726576 
 1168      6973696F 
 1168      6E203233 
ARM GAS  C:\Users\cnpan\AppData\Local\Temp\ccbVQtPQ.s 			page 28


 1168      37373135 
 1169 00e9 30202D66 		.ascii	"0 -ffunction-sections -ffat-lto-objects\000"
 1169      66756E63 
 1169      74696F6E 
 1169      2D736563 
 1169      74696F6E 
 1170              	.LASF4:
 1171 0111 756E7369 		.ascii	"unsigned char\000"
 1171      676E6564 
 1171      20636861 
 1171      7200
 1172              	.LASF17:
 1173 011f 646F7562 		.ascii	"double\000"
 1173      6C6500
 1174              	.LASF33:
 1175 0126 63796669 		.ascii	"cyfitter_cfg\000"
 1175      74746572 
 1175      5F636667 
 1175      00
 1176              	.LASF14:
 1177 0133 75696E74 		.ascii	"uint16\000"
 1177      313600
 1178              	.LASF15:
 1179 013a 75696E74 		.ascii	"uint32\000"
 1179      333200
 1180              	.LASF32:
 1181 0141 433A5C55 		.ascii	"C:\\Users\\cnpan\\Documents\\PSoC Creator\\Project "
 1181      73657273 
 1181      5C636E70 
 1181      616E5C44 
 1181      6F63756D 
 1182 016f 446F6F72 		.ascii	"Door Opener\\PSoC_4_BLE_Central_IAS 7\\BLE_Dongle_P"
 1182      204F7065 
 1182      6E65725C 
 1182      50536F43 
 1182      5F345F42 
 1183 01a0 65726970 		.ascii	"eripheral_IAS.cydsn\000"
 1183      68657261 
 1183      6C5F4941 
 1183      532E6379 
 1183      64736E00 
 1184              	.LASF0:
 1185 01b4 756E7369 		.ascii	"unsigned int\000"
 1185      676E6564 
 1185      20696E74 
 1185      00
 1186              	.LASF26:
 1187 01c1 61646472 		.ascii	"address\000"
 1187      65737300 
 1188              	.LASF9:
 1189 01c9 6C6F6E67 		.ascii	"long long unsigned int\000"
 1189      206C6F6E 
 1189      6720756E 
 1189      7369676E 
 1189      65642069 
 1190              	.LASF28:
 1191 01e0 6366675F 		.ascii	"cfg_memset_t\000"
ARM GAS  C:\Users\cnpan\AppData\Local\Temp\ccbVQtPQ.s 			page 29


 1191      6D656D73 
 1191      65745F74 
 1191      00
 1192              	.LASF10:
 1193 01ed 73697A65 		.ascii	"sizetype\000"
 1193      74797065 
 1193      00
 1194              	.LASF1:
 1195 01f6 6C6F6E67 		.ascii	"long long int\000"
 1195      206C6F6E 
 1195      6720696E 
 1195      7400
 1196              	.LASF11:
 1197 0204 63686172 		.ascii	"char\000"
 1197      00
 1198              	.LASF5:
 1199 0209 73686F72 		.ascii	"short int\000"
 1199      7420696E 
 1199      7400
 1200              	.LASF7:
 1201 0213 6C6F6E67 		.ascii	"long int\000"
 1201      20696E74 
 1201      00
 1202              	.LASF2:
 1203 021c 6C6F6E67 		.ascii	"long double\000"
 1203      20646F75 
 1203      626C6500 
 1204              	.LASF3:
 1205 0228 7369676E 		.ascii	"signed char\000"
 1205      65642063 
 1205      68617200 
 1206              	.LASF31:
 1207 0234 47656E65 		.ascii	"Generated_Source\\PSoC4\\cyfitter_cfg.c\000"
 1207      72617465 
 1207      645F536F 
 1207      75726365 
 1207      5C50536F 
 1208              	.LASF23:
 1209 025a 4359434F 		.ascii	"CYCONFIGCPYCODE\000"
 1209      4E464947 
 1209      43505943 
 1209      4F444500 
 1210              	.LASF21:
 1211 026a 4359434F 		.ascii	"CYCONFIGCPY\000"
 1211      4E464947 
 1211      43505900 
 1212              		.ident	"GCC: (GNU Tools for ARM Embedded Processors) 5.4.1 20160609 (release) [ARM/embedded-5-bran
