ARM GAS  C:\Users\cnpan\AppData\Local\Temp\ccJJqpfW.s 			page 1


   1              		.syntax unified
   2              		.cpu cortex-m0
   3              		.fpu softvfp
   4              		.eabi_attribute 20, 1
   5              		.eabi_attribute 21, 1
   6              		.eabi_attribute 23, 3
   7              		.eabi_attribute 24, 1
   8              		.eabi_attribute 25, 1
   9              		.eabi_attribute 26, 1
  10              		.eabi_attribute 30, 6
  11              		.eabi_attribute 34, 0
  12              		.eabi_attribute 18, 4
  13              		.thumb
  14              		.syntax unified
  15              		.file	"main.c"
  16              		.text
  17              	.Ltext0:
  18              		.cfi_sections	.debug_frame
  19              		.section	.text.main,"ax",%progbits
  20              		.align	2
  21              		.global	main
  22              		.code	16
  23              		.thumb_func
  24              		.type	main, %function
  25              	main:
  26              	.LFB37:
  27              		.file 1 "main.c"
   1:main.c        **** 
   2:main.c        **** #include <main.h>
   3:main.c        **** 
   4:main.c        **** extern int doorNotify;
   5:main.c        **** extern int bleConnected;
   6:main.c        **** extern CYBLE_CONN_HANDLE_T  connectionHandle;
   7:main.c        **** 
   8:main.c        **** int main()
   9:main.c        **** {
  28              		.loc 1 9 0
  29              		.cfi_startproc
  30              		@ args = 0, pretend = 0, frame = 16
  31              		@ frame_needed = 1, uses_anonymous_args = 0
  32 0000 80B5     		push	{r7, lr}
  33              		.cfi_def_cfa_offset 8
  34              		.cfi_offset 7, -8
  35              		.cfi_offset 14, -4
  36 0002 84B0     		sub	sp, sp, #16
  37              		.cfi_def_cfa_offset 24
  38 0004 00AF     		add	r7, sp, #0
  39              		.cfi_def_cfa_register 7
  10:main.c        **** 	/* Start the components */
  11:main.c        **** 	InitializeSystems();
  40              		.loc 1 11 0
  41 0006 FFF7FEFF 		bl	InitializeSystems
  42              	.L4:
  12:main.c        ****     
  13:main.c        ****     for(;;)
  14:main.c        ****     {
  15:main.c        ****         /* CyBle_ProcessEvents() allows BLE stack to process pending events */
ARM GAS  C:\Users\cnpan\AppData\Local\Temp\ccJJqpfW.s 			page 2


  16:main.c        ****         CyBle_ProcessEvents();
  43              		.loc 1 16 0
  44 000a FFF7FEFF 		bl	CyBle_ProcessEvents
  17:main.c        ****         
  18:main.c        ****         if (bleConnected)
  45              		.loc 1 18 0
  46 000e 174B     		ldr	r3, .L5
  47 0010 1B68     		ldr	r3, [r3]
  48 0012 002B     		cmp	r3, #0
  49 0014 F9D0     		beq	.L4
  50              	.LBB2:
  19:main.c        ****         {
  20:main.c        ****             uint8 button = SW2_Read();
  51              		.loc 1 20 0
  52 0016 FFF7FEFF 		bl	SW2_Read
  53 001a 0300     		movs	r3, r0
  54 001c 1A00     		movs	r2, r3
  55 001e 0F23     		movs	r3, #15
  56 0020 FB18     		adds	r3, r7, r3
  57 0022 1A70     		strb	r2, [r3]
  21:main.c        ****             CYBLE_GATTS_HANDLE_VALUE_NTF_T buttonHandle;
  22:main.c        ****                 
  23:main.c        ****             buttonHandle.attrHandle = CYBLE_BUTTONPRESS_BUTTONPRESS_CHAR_HANDLE;
  58              		.loc 1 23 0
  59 0024 3B00     		movs	r3, r7
  60 0026 1122     		movs	r2, #17
  61 0028 1A81     		strh	r2, [r3, #8]
  24:main.c        ****             buttonHandle.value.len = 1;
  62              		.loc 1 24 0
  63 002a 3B00     		movs	r3, r7
  64 002c 0122     		movs	r2, #1
  65 002e 9A80     		strh	r2, [r3, #4]
  25:main.c        ****             buttonHandle.value.val = &button;
  66              		.loc 1 25 0
  67 0030 3B00     		movs	r3, r7
  68 0032 0F22     		movs	r2, #15
  69 0034 BA18     		adds	r2, r7, r2
  70 0036 1A60     		str	r2, [r3]
  26:main.c        ****                 
  27:main.c        ****             CyBle_GattsWriteAttributeValue(&buttonHandle, 0, &connectionHandle, 0);
  71              		.loc 1 27 0
  72 0038 0D4A     		ldr	r2, .L5+4
  73 003a 3800     		movs	r0, r7
  74 003c 0023     		movs	r3, #0
  75 003e 0021     		movs	r1, #0
  76 0040 FFF7FEFF 		bl	CyBle_GattsWriteAttributeValue
  28:main.c        ****             if (doorNotify)
  77              		.loc 1 28 0
  78 0044 0B4B     		ldr	r3, .L5+8
  79 0046 1B68     		ldr	r3, [r3]
  80 0048 002B     		cmp	r3, #0
  81 004a DED0     		beq	.L4
  29:main.c        ****                 CyBle_GattsNotification(connectionHandle, &buttonHandle);
  82              		.loc 1 29 0
  83 004c 3900     		movs	r1, r7
  84 004e 084B     		ldr	r3, .L5+4
  85 0050 1A78     		ldrb	r2, [r3]
ARM GAS  C:\Users\cnpan\AppData\Local\Temp\ccJJqpfW.s 			page 3


  86 0052 5B78     		ldrb	r3, [r3, #1]
  87 0054 1B02     		lsls	r3, r3, #8
  88 0056 1A43     		orrs	r2, r3
  89 0058 0023     		movs	r3, #0
  90 005a 1204     		lsls	r2, r2, #16
  91 005c 120C     		lsrs	r2, r2, #16
  92 005e 1B0C     		lsrs	r3, r3, #16
  93 0060 1B04     		lsls	r3, r3, #16
  94 0062 1343     		orrs	r3, r2
  95 0064 1800     		movs	r0, r3
  96 0066 FFF7FEFF 		bl	CyBle_GattsNotification
  97              	.LBE2:
  30:main.c        ****         }
  31:main.c        ****         
  32:main.c        ****     }
  98              		.loc 1 32 0
  99 006a CEE7     		b	.L4
 100              	.L6:
 101              		.align	2
 102              	.L5:
 103 006c 00000000 		.word	bleConnected
 104 0070 00000000 		.word	connectionHandle
 105 0074 00000000 		.word	doorNotify
 106              		.cfi_endproc
 107              	.LFE37:
 108              		.size	main, .-main
 109              		.section	.text.InitializeSystems,"ax",%progbits
 110              		.align	2
 111              		.global	InitializeSystems
 112              		.code	16
 113              		.thumb_func
 114              		.type	InitializeSystems, %function
 115              	InitializeSystems:
 116              	.LFB38:
  33:main.c        **** }
  34:main.c        **** 
  35:main.c        **** 
  36:main.c        **** void InitializeSystems(void)
  37:main.c        **** {
 117              		.loc 1 37 0
 118              		.cfi_startproc
 119              		@ args = 0, pretend = 0, frame = 0
 120              		@ frame_needed = 1, uses_anonymous_args = 0
 121 0000 80B5     		push	{r7, lr}
 122              		.cfi_def_cfa_offset 8
 123              		.cfi_offset 7, -8
 124              		.cfi_offset 14, -4
 125 0002 00AF     		add	r7, sp, #0
 126              		.cfi_def_cfa_register 7
  38:main.c        **** 	/* Enable Global Interrupt */
  39:main.c        **** 	CyGlobalIntEnable;
 127              		.loc 1 39 0
 128              		.syntax divided
 129              	@ 39 "main.c" 1
 130 0004 62B6     		CPSIE   i
 131              	@ 0 "" 2
  40:main.c        **** 	
ARM GAS  C:\Users\cnpan\AppData\Local\Temp\ccJJqpfW.s 			page 4


  41:main.c        **** 	/* Start PWM. This PWM controls the LED status */
  42:main.c        **** 	LED_PWM_Start();
 132              		.loc 1 42 0
 133              		.thumb
 134              		.syntax unified
 135 0006 FFF7FEFF 		bl	LED_PWM_Start
  43:main.c        **** 	
  44:main.c        ****     /* Start CYBLE component and register generic event handler */
  45:main.c        ****     CyBle_Start(GenericAppEventHandler);
 136              		.loc 1 45 0
 137 000a 074B     		ldr	r3, .L8
 138 000c 1800     		movs	r0, r3
 139 000e FFF7FEFF 		bl	CyBle_Start
  46:main.c        **** 	
  47:main.c        ****     /* register the event handler for IAS specific events */
  48:main.c        ****     CyBle_IasRegisterAttrCallback(iasEventHandler);
 140              		.loc 1 48 0
 141 0012 064B     		ldr	r3, .L8+4
 142 0014 1800     		movs	r0, r3
 143 0016 FFF7FEFF 		bl	CyBle_IasRegisterAttrCallback
  49:main.c        **** 	
  50:main.c        **** 	/* Set drive mode of Alert LED pin to High-Z to shutdown LED */
  51:main.c        **** 	Alert_LED_SetDriveMode(Alert_LED_DM_ALG_HIZ);
 144              		.loc 1 51 0
 145 001a 0020     		movs	r0, #0
 146 001c FFF7FEFF 		bl	Alert_LED_SetDriveMode
  52:main.c        **** }
 147              		.loc 1 52 0
 148 0020 C046     		nop
 149 0022 BD46     		mov	sp, r7
 150              		@ sp needed
 151 0024 80BD     		pop	{r7, pc}
 152              	.L9:
 153 0026 C046     		.align	2
 154              	.L8:
 155 0028 00000000 		.word	GenericAppEventHandler
 156 002c 00000000 		.word	iasEventHandler
 157              		.cfi_endproc
 158              	.LFE38:
 159              		.size	InitializeSystems, .-InitializeSystems
 160              		.text
 161              	.Letext0:
 162              		.file 2 "Generated_Source\\PSoC4/cytypes.h"
 163              		.file 3 "Generated_Source\\PSoC4/BLE_StackGatt.h"
 164              		.file 4 "Generated_Source\\PSoC4/BLE_StackGattServer.h"
 165              		.section	.debug_info,"",%progbits
 166              	.Ldebug_info0:
 167 0000 CF010000 		.4byte	0x1cf
 168 0004 0400     		.2byte	0x4
 169 0006 00000000 		.4byte	.Ldebug_abbrev0
 170 000a 04       		.byte	0x4
 171 000b 01       		.uleb128 0x1
 172 000c 30010000 		.4byte	.LASF31
 173 0010 0C       		.byte	0xc
 174 0011 20020000 		.4byte	.LASF32
 175 0015 45000000 		.4byte	.LASF33
 176 0019 00000000 		.4byte	.Ldebug_ranges0+0
ARM GAS  C:\Users\cnpan\AppData\Local\Temp\ccJJqpfW.s 			page 5


 177 001d 00000000 		.4byte	0
 178 0021 00000000 		.4byte	.Ldebug_line0
 179 0025 02       		.uleb128 0x2
 180 0026 01       		.byte	0x1
 181 0027 06       		.byte	0x6
 182 0028 BB020000 		.4byte	.LASF0
 183 002c 02       		.uleb128 0x2
 184 002d 01       		.byte	0x1
 185 002e 08       		.byte	0x8
 186 002f F2000000 		.4byte	.LASF1
 187 0033 02       		.uleb128 0x2
 188 0034 02       		.byte	0x2
 189 0035 05       		.byte	0x5
 190 0036 62020000 		.4byte	.LASF2
 191 003a 02       		.uleb128 0x2
 192 003b 02       		.byte	0x2
 193 003c 07       		.byte	0x7
 194 003d 32000000 		.4byte	.LASF3
 195 0041 02       		.uleb128 0x2
 196 0042 04       		.byte	0x4
 197 0043 05       		.byte	0x5
 198 0044 9F020000 		.4byte	.LASF4
 199 0048 02       		.uleb128 0x2
 200 0049 04       		.byte	0x4
 201 004a 07       		.byte	0x7
 202 004b 0B010000 		.4byte	.LASF5
 203 004f 02       		.uleb128 0x2
 204 0050 08       		.byte	0x8
 205 0051 05       		.byte	0x5
 206 0052 12020000 		.4byte	.LASF6
 207 0056 02       		.uleb128 0x2
 208 0057 08       		.byte	0x8
 209 0058 07       		.byte	0x7
 210 0059 DB000000 		.4byte	.LASF7
 211 005d 03       		.uleb128 0x3
 212 005e 04       		.byte	0x4
 213 005f 05       		.byte	0x5
 214 0060 696E7400 		.ascii	"int\000"
 215 0064 02       		.uleb128 0x2
 216 0065 04       		.byte	0x4
 217 0066 07       		.byte	0x7
 218 0067 EA010000 		.4byte	.LASF8
 219 006b 04       		.uleb128 0x4
 220 006c 1D010000 		.4byte	.LASF9
 221 0070 02       		.byte	0x2
 222 0071 B901     		.2byte	0x1b9
 223 0073 2C000000 		.4byte	0x2c
 224 0077 04       		.uleb128 0x4
 225 0078 D0010000 		.4byte	.LASF10
 226 007c 02       		.byte	0x2
 227 007d BA01     		.2byte	0x1ba
 228 007f 3A000000 		.4byte	0x3a
 229 0083 02       		.uleb128 0x2
 230 0084 04       		.byte	0x4
 231 0085 04       		.byte	0x4
 232 0086 D5000000 		.4byte	.LASF11
 233 008a 02       		.uleb128 0x2
ARM GAS  C:\Users\cnpan\AppData\Local\Temp\ccJJqpfW.s 			page 6


 234 008b 08       		.byte	0x8
 235 008c 04       		.byte	0x4
 236 008d BE010000 		.4byte	.LASF12
 237 0091 02       		.uleb128 0x2
 238 0092 01       		.byte	0x1
 239 0093 08       		.byte	0x8
 240 0094 F7010000 		.4byte	.LASF13
 241 0098 02       		.uleb128 0x2
 242 0099 08       		.byte	0x8
 243 009a 04       		.byte	0x4
 244 009b AF020000 		.4byte	.LASF14
 245 009f 02       		.uleb128 0x2
 246 00a0 04       		.byte	0x4
 247 00a1 07       		.byte	0x7
 248 00a2 FC010000 		.4byte	.LASF15
 249 00a6 05       		.uleb128 0x5
 250 00a7 04       		.byte	0x4
 251 00a8 6B000000 		.4byte	0x6b
 252 00ac 04       		.uleb128 0x4
 253 00ad 46020000 		.4byte	.LASF16
 254 00b1 03       		.byte	0x3
 255 00b2 8901     		.2byte	0x189
 256 00b4 77000000 		.4byte	0x77
 257 00b8 06       		.uleb128 0x6
 258 00b9 02       		.byte	0x2
 259 00ba 03       		.byte	0x3
 260 00bb 9301     		.2byte	0x193
 261 00bd DC000000 		.4byte	0xdc
 262 00c1 07       		.uleb128 0x7
 263 00c2 00000000 		.4byte	.LASF17
 264 00c6 03       		.byte	0x3
 265 00c7 9A01     		.2byte	0x19a
 266 00c9 6B000000 		.4byte	0x6b
 267 00cd 00       		.byte	0
 268 00ce 07       		.uleb128 0x7
 269 00cf C5010000 		.4byte	.LASF18
 270 00d3 03       		.byte	0x3
 271 00d4 A001     		.2byte	0x1a0
 272 00d6 6B000000 		.4byte	0x6b
 273 00da 01       		.byte	0x1
 274 00db 00       		.byte	0
 275 00dc 04       		.uleb128 0x4
 276 00dd 6C020000 		.4byte	.LASF19
 277 00e1 03       		.byte	0x3
 278 00e2 A201     		.2byte	0x1a2
 279 00e4 B8000000 		.4byte	0xb8
 280 00e8 06       		.uleb128 0x6
 281 00e9 08       		.byte	0x8
 282 00ea 03       		.byte	0x3
 283 00eb BE01     		.2byte	0x1be
 284 00ed 19010000 		.4byte	0x119
 285 00f1 08       		.uleb128 0x8
 286 00f2 76616C00 		.ascii	"val\000"
 287 00f6 03       		.byte	0x3
 288 00f7 C101     		.2byte	0x1c1
 289 00f9 A6000000 		.4byte	0xa6
 290 00fd 00       		.byte	0
ARM GAS  C:\Users\cnpan\AppData\Local\Temp\ccJJqpfW.s 			page 7


 291 00fe 08       		.uleb128 0x8
 292 00ff 6C656E00 		.ascii	"len\000"
 293 0103 03       		.byte	0x3
 294 0104 C401     		.2byte	0x1c4
 295 0106 77000000 		.4byte	0x77
 296 010a 04       		.byte	0x4
 297 010b 07       		.uleb128 0x7
 298 010c C7020000 		.4byte	.LASF20
 299 0110 03       		.byte	0x3
 300 0111 CB01     		.2byte	0x1cb
 301 0113 77000000 		.4byte	0x77
 302 0117 06       		.byte	0x6
 303 0118 00       		.byte	0
 304 0119 04       		.uleb128 0x4
 305 011a D7010000 		.4byte	.LASF21
 306 011e 03       		.byte	0x3
 307 011f CD01     		.2byte	0x1cd
 308 0121 E8000000 		.4byte	0xe8
 309 0125 06       		.uleb128 0x6
 310 0126 0C       		.byte	0xc
 311 0127 03       		.byte	0x3
 312 0128 D001     		.2byte	0x1d0
 313 012a 49010000 		.4byte	0x149
 314 012e 07       		.uleb128 0x7
 315 012f 1A000000 		.4byte	.LASF22
 316 0133 03       		.byte	0x3
 317 0134 D301     		.2byte	0x1d3
 318 0136 19010000 		.4byte	0x119
 319 013a 00       		.byte	0
 320 013b 07       		.uleb128 0x7
 321 013c 00010000 		.4byte	.LASF23
 322 0140 03       		.byte	0x3
 323 0141 D601     		.2byte	0x1d6
 324 0143 AC000000 		.4byte	0xac
 325 0147 08       		.byte	0x8
 326 0148 00       		.byte	0
 327 0149 04       		.uleb128 0x4
 328 014a 80020000 		.4byte	.LASF24
 329 014e 03       		.byte	0x3
 330 014f D801     		.2byte	0x1d8
 331 0151 25010000 		.4byte	0x125
 332 0155 09       		.uleb128 0x9
 333 0156 27020000 		.4byte	.LASF25
 334 015a 04       		.byte	0x4
 335 015b 34       		.byte	0x34
 336 015c 49010000 		.4byte	0x149
 337 0160 0A       		.uleb128 0xa
 338 0161 CB010000 		.4byte	.LASF34
 339 0165 01       		.byte	0x1
 340 0166 08       		.byte	0x8
 341 0167 5D000000 		.4byte	0x5d
 342 016b 00000000 		.4byte	.LFB37
 343 016f 78000000 		.4byte	.LFE37-.LFB37
 344 0173 01       		.uleb128 0x1
 345 0174 9C       		.byte	0x9c
 346 0175 A0010000 		.4byte	0x1a0
 347 0179 0B       		.uleb128 0xb
ARM GAS  C:\Users\cnpan\AppData\Local\Temp\ccJJqpfW.s 			page 8


 348 017a 16000000 		.4byte	.LBB2
 349 017e 54000000 		.4byte	.LBE2-.LBB2
 350 0182 0C       		.uleb128 0xc
 351 0183 A8020000 		.4byte	.LASF26
 352 0187 01       		.byte	0x1
 353 0188 14       		.byte	0x14
 354 0189 6B000000 		.4byte	0x6b
 355 018d 02       		.uleb128 0x2
 356 018e 91       		.byte	0x91
 357 018f 77       		.sleb128 -9
 358 0190 0C       		.uleb128 0xc
 359 0191 23010000 		.4byte	.LASF27
 360 0195 01       		.byte	0x1
 361 0196 15       		.byte	0x15
 362 0197 55010000 		.4byte	0x155
 363 019b 02       		.uleb128 0x2
 364 019c 91       		.byte	0x91
 365 019d 68       		.sleb128 -24
 366 019e 00       		.byte	0
 367 019f 00       		.byte	0
 368 01a0 0D       		.uleb128 0xd
 369 01a1 20000000 		.4byte	.LASF35
 370 01a5 01       		.byte	0x1
 371 01a6 24       		.byte	0x24
 372 01a7 00000000 		.4byte	.LFB38
 373 01ab 30000000 		.4byte	.LFE38-.LFB38
 374 01af 01       		.uleb128 0x1
 375 01b0 9C       		.byte	0x9c
 376 01b1 0E       		.uleb128 0xe
 377 01b2 CA000000 		.4byte	.LASF28
 378 01b6 01       		.byte	0x1
 379 01b7 04       		.byte	0x4
 380 01b8 5D000000 		.4byte	0x5d
 381 01bc 0E       		.uleb128 0xe
 382 01bd 05020000 		.4byte	.LASF29
 383 01c1 01       		.byte	0x1
 384 01c2 05       		.byte	0x5
 385 01c3 5D000000 		.4byte	0x5d
 386 01c7 0E       		.uleb128 0xe
 387 01c8 09000000 		.4byte	.LASF30
 388 01cc 01       		.byte	0x1
 389 01cd 06       		.byte	0x6
 390 01ce DC000000 		.4byte	0xdc
 391 01d2 00       		.byte	0
 392              		.section	.debug_abbrev,"",%progbits
 393              	.Ldebug_abbrev0:
 394 0000 01       		.uleb128 0x1
 395 0001 11       		.uleb128 0x11
 396 0002 01       		.byte	0x1
 397 0003 25       		.uleb128 0x25
 398 0004 0E       		.uleb128 0xe
 399 0005 13       		.uleb128 0x13
 400 0006 0B       		.uleb128 0xb
 401 0007 03       		.uleb128 0x3
 402 0008 0E       		.uleb128 0xe
 403 0009 1B       		.uleb128 0x1b
 404 000a 0E       		.uleb128 0xe
ARM GAS  C:\Users\cnpan\AppData\Local\Temp\ccJJqpfW.s 			page 9


 405 000b 55       		.uleb128 0x55
 406 000c 17       		.uleb128 0x17
 407 000d 11       		.uleb128 0x11
 408 000e 01       		.uleb128 0x1
 409 000f 10       		.uleb128 0x10
 410 0010 17       		.uleb128 0x17
 411 0011 00       		.byte	0
 412 0012 00       		.byte	0
 413 0013 02       		.uleb128 0x2
 414 0014 24       		.uleb128 0x24
 415 0015 00       		.byte	0
 416 0016 0B       		.uleb128 0xb
 417 0017 0B       		.uleb128 0xb
 418 0018 3E       		.uleb128 0x3e
 419 0019 0B       		.uleb128 0xb
 420 001a 03       		.uleb128 0x3
 421 001b 0E       		.uleb128 0xe
 422 001c 00       		.byte	0
 423 001d 00       		.byte	0
 424 001e 03       		.uleb128 0x3
 425 001f 24       		.uleb128 0x24
 426 0020 00       		.byte	0
 427 0021 0B       		.uleb128 0xb
 428 0022 0B       		.uleb128 0xb
 429 0023 3E       		.uleb128 0x3e
 430 0024 0B       		.uleb128 0xb
 431 0025 03       		.uleb128 0x3
 432 0026 08       		.uleb128 0x8
 433 0027 00       		.byte	0
 434 0028 00       		.byte	0
 435 0029 04       		.uleb128 0x4
 436 002a 16       		.uleb128 0x16
 437 002b 00       		.byte	0
 438 002c 03       		.uleb128 0x3
 439 002d 0E       		.uleb128 0xe
 440 002e 3A       		.uleb128 0x3a
 441 002f 0B       		.uleb128 0xb
 442 0030 3B       		.uleb128 0x3b
 443 0031 05       		.uleb128 0x5
 444 0032 49       		.uleb128 0x49
 445 0033 13       		.uleb128 0x13
 446 0034 00       		.byte	0
 447 0035 00       		.byte	0
 448 0036 05       		.uleb128 0x5
 449 0037 0F       		.uleb128 0xf
 450 0038 00       		.byte	0
 451 0039 0B       		.uleb128 0xb
 452 003a 0B       		.uleb128 0xb
 453 003b 49       		.uleb128 0x49
 454 003c 13       		.uleb128 0x13
 455 003d 00       		.byte	0
 456 003e 00       		.byte	0
 457 003f 06       		.uleb128 0x6
 458 0040 13       		.uleb128 0x13
 459 0041 01       		.byte	0x1
 460 0042 0B       		.uleb128 0xb
 461 0043 0B       		.uleb128 0xb
ARM GAS  C:\Users\cnpan\AppData\Local\Temp\ccJJqpfW.s 			page 10


 462 0044 3A       		.uleb128 0x3a
 463 0045 0B       		.uleb128 0xb
 464 0046 3B       		.uleb128 0x3b
 465 0047 05       		.uleb128 0x5
 466 0048 01       		.uleb128 0x1
 467 0049 13       		.uleb128 0x13
 468 004a 00       		.byte	0
 469 004b 00       		.byte	0
 470 004c 07       		.uleb128 0x7
 471 004d 0D       		.uleb128 0xd
 472 004e 00       		.byte	0
 473 004f 03       		.uleb128 0x3
 474 0050 0E       		.uleb128 0xe
 475 0051 3A       		.uleb128 0x3a
 476 0052 0B       		.uleb128 0xb
 477 0053 3B       		.uleb128 0x3b
 478 0054 05       		.uleb128 0x5
 479 0055 49       		.uleb128 0x49
 480 0056 13       		.uleb128 0x13
 481 0057 38       		.uleb128 0x38
 482 0058 0B       		.uleb128 0xb
 483 0059 00       		.byte	0
 484 005a 00       		.byte	0
 485 005b 08       		.uleb128 0x8
 486 005c 0D       		.uleb128 0xd
 487 005d 00       		.byte	0
 488 005e 03       		.uleb128 0x3
 489 005f 08       		.uleb128 0x8
 490 0060 3A       		.uleb128 0x3a
 491 0061 0B       		.uleb128 0xb
 492 0062 3B       		.uleb128 0x3b
 493 0063 05       		.uleb128 0x5
 494 0064 49       		.uleb128 0x49
 495 0065 13       		.uleb128 0x13
 496 0066 38       		.uleb128 0x38
 497 0067 0B       		.uleb128 0xb
 498 0068 00       		.byte	0
 499 0069 00       		.byte	0
 500 006a 09       		.uleb128 0x9
 501 006b 16       		.uleb128 0x16
 502 006c 00       		.byte	0
 503 006d 03       		.uleb128 0x3
 504 006e 0E       		.uleb128 0xe
 505 006f 3A       		.uleb128 0x3a
 506 0070 0B       		.uleb128 0xb
 507 0071 3B       		.uleb128 0x3b
 508 0072 0B       		.uleb128 0xb
 509 0073 49       		.uleb128 0x49
 510 0074 13       		.uleb128 0x13
 511 0075 00       		.byte	0
 512 0076 00       		.byte	0
 513 0077 0A       		.uleb128 0xa
 514 0078 2E       		.uleb128 0x2e
 515 0079 01       		.byte	0x1
 516 007a 3F       		.uleb128 0x3f
 517 007b 19       		.uleb128 0x19
 518 007c 03       		.uleb128 0x3
ARM GAS  C:\Users\cnpan\AppData\Local\Temp\ccJJqpfW.s 			page 11


 519 007d 0E       		.uleb128 0xe
 520 007e 3A       		.uleb128 0x3a
 521 007f 0B       		.uleb128 0xb
 522 0080 3B       		.uleb128 0x3b
 523 0081 0B       		.uleb128 0xb
 524 0082 49       		.uleb128 0x49
 525 0083 13       		.uleb128 0x13
 526 0084 11       		.uleb128 0x11
 527 0085 01       		.uleb128 0x1
 528 0086 12       		.uleb128 0x12
 529 0087 06       		.uleb128 0x6
 530 0088 40       		.uleb128 0x40
 531 0089 18       		.uleb128 0x18
 532 008a 9642     		.uleb128 0x2116
 533 008c 19       		.uleb128 0x19
 534 008d 01       		.uleb128 0x1
 535 008e 13       		.uleb128 0x13
 536 008f 00       		.byte	0
 537 0090 00       		.byte	0
 538 0091 0B       		.uleb128 0xb
 539 0092 0B       		.uleb128 0xb
 540 0093 01       		.byte	0x1
 541 0094 11       		.uleb128 0x11
 542 0095 01       		.uleb128 0x1
 543 0096 12       		.uleb128 0x12
 544 0097 06       		.uleb128 0x6
 545 0098 00       		.byte	0
 546 0099 00       		.byte	0
 547 009a 0C       		.uleb128 0xc
 548 009b 34       		.uleb128 0x34
 549 009c 00       		.byte	0
 550 009d 03       		.uleb128 0x3
 551 009e 0E       		.uleb128 0xe
 552 009f 3A       		.uleb128 0x3a
 553 00a0 0B       		.uleb128 0xb
 554 00a1 3B       		.uleb128 0x3b
 555 00a2 0B       		.uleb128 0xb
 556 00a3 49       		.uleb128 0x49
 557 00a4 13       		.uleb128 0x13
 558 00a5 02       		.uleb128 0x2
 559 00a6 18       		.uleb128 0x18
 560 00a7 00       		.byte	0
 561 00a8 00       		.byte	0
 562 00a9 0D       		.uleb128 0xd
 563 00aa 2E       		.uleb128 0x2e
 564 00ab 00       		.byte	0
 565 00ac 3F       		.uleb128 0x3f
 566 00ad 19       		.uleb128 0x19
 567 00ae 03       		.uleb128 0x3
 568 00af 0E       		.uleb128 0xe
 569 00b0 3A       		.uleb128 0x3a
 570 00b1 0B       		.uleb128 0xb
 571 00b2 3B       		.uleb128 0x3b
 572 00b3 0B       		.uleb128 0xb
 573 00b4 27       		.uleb128 0x27
 574 00b5 19       		.uleb128 0x19
 575 00b6 11       		.uleb128 0x11
ARM GAS  C:\Users\cnpan\AppData\Local\Temp\ccJJqpfW.s 			page 12


 576 00b7 01       		.uleb128 0x1
 577 00b8 12       		.uleb128 0x12
 578 00b9 06       		.uleb128 0x6
 579 00ba 40       		.uleb128 0x40
 580 00bb 18       		.uleb128 0x18
 581 00bc 9642     		.uleb128 0x2116
 582 00be 19       		.uleb128 0x19
 583 00bf 00       		.byte	0
 584 00c0 00       		.byte	0
 585 00c1 0E       		.uleb128 0xe
 586 00c2 34       		.uleb128 0x34
 587 00c3 00       		.byte	0
 588 00c4 03       		.uleb128 0x3
 589 00c5 0E       		.uleb128 0xe
 590 00c6 3A       		.uleb128 0x3a
 591 00c7 0B       		.uleb128 0xb
 592 00c8 3B       		.uleb128 0x3b
 593 00c9 0B       		.uleb128 0xb
 594 00ca 49       		.uleb128 0x49
 595 00cb 13       		.uleb128 0x13
 596 00cc 3F       		.uleb128 0x3f
 597 00cd 19       		.uleb128 0x19
 598 00ce 3C       		.uleb128 0x3c
 599 00cf 19       		.uleb128 0x19
 600 00d0 00       		.byte	0
 601 00d1 00       		.byte	0
 602 00d2 00       		.byte	0
 603              		.section	.debug_aranges,"",%progbits
 604 0000 24000000 		.4byte	0x24
 605 0004 0200     		.2byte	0x2
 606 0006 00000000 		.4byte	.Ldebug_info0
 607 000a 04       		.byte	0x4
 608 000b 00       		.byte	0
 609 000c 0000     		.2byte	0
 610 000e 0000     		.2byte	0
 611 0010 00000000 		.4byte	.LFB37
 612 0014 78000000 		.4byte	.LFE37-.LFB37
 613 0018 00000000 		.4byte	.LFB38
 614 001c 30000000 		.4byte	.LFE38-.LFB38
 615 0020 00000000 		.4byte	0
 616 0024 00000000 		.4byte	0
 617              		.section	.debug_ranges,"",%progbits
 618              	.Ldebug_ranges0:
 619 0000 00000000 		.4byte	.LFB37
 620 0004 78000000 		.4byte	.LFE37
 621 0008 00000000 		.4byte	.LFB38
 622 000c 30000000 		.4byte	.LFE38
 623 0010 00000000 		.4byte	0
 624 0014 00000000 		.4byte	0
 625              		.section	.debug_line,"",%progbits
 626              	.Ldebug_line0:
 627 0000 A0000000 		.section	.debug_str,"MS",%progbits,1
 627      02006D00 
 627      00000201 
 627      FB0E0D00 
 627      01010101 
 628              	.LASF17:
ARM GAS  C:\Users\cnpan\AppData\Local\Temp\ccJJqpfW.s 			page 13


 629 0000 62644861 		.ascii	"bdHandle\000"
 629      6E646C65 
 629      00
 630              	.LASF30:
 631 0009 636F6E6E 		.ascii	"connectionHandle\000"
 631      65637469 
 631      6F6E4861 
 631      6E646C65 
 631      00
 632              	.LASF22:
 633 001a 76616C75 		.ascii	"value\000"
 633      6500
 634              	.LASF35:
 635 0020 496E6974 		.ascii	"InitializeSystems\000"
 635      69616C69 
 635      7A655379 
 635      7374656D 
 635      7300
 636              	.LASF3:
 637 0032 73686F72 		.ascii	"short unsigned int\000"
 637      7420756E 
 637      7369676E 
 637      65642069 
 637      6E7400
 638              	.LASF33:
 639 0045 433A5C55 		.ascii	"C:\\Users\\cnpan\\Documents\\PSoC Creator\\Project "
 639      73657273 
 639      5C636E70 
 639      616E5C44 
 639      6F63756D 
 640 0073 446F6F72 		.ascii	"Door Opener\\PSoC_4_BLE_Central_IAS_with_Custom_Pro"
 640      204F7065 
 640      6E65725C 
 640      50536F43 
 640      5F345F42 
 641 00a5 66696C65 		.ascii	"file\\BLE_Dongle_Peripheral_IAS.cydsn\000"
 641      5C424C45 
 641      5F446F6E 
 641      676C655F 
 641      50657269 
 642              	.LASF28:
 643 00ca 646F6F72 		.ascii	"doorNotify\000"
 643      4E6F7469 
 643      667900
 644              	.LASF11:
 645 00d5 666C6F61 		.ascii	"float\000"
 645      7400
 646              	.LASF7:
 647 00db 6C6F6E67 		.ascii	"long long unsigned int\000"
 647      206C6F6E 
 647      6720756E 
 647      7369676E 
 647      65642069 
 648              	.LASF1:
 649 00f2 756E7369 		.ascii	"unsigned char\000"
 649      676E6564 
 649      20636861 
ARM GAS  C:\Users\cnpan\AppData\Local\Temp\ccJJqpfW.s 			page 14


 649      7200
 650              	.LASF23:
 651 0100 61747472 		.ascii	"attrHandle\000"
 651      48616E64 
 651      6C6500
 652              	.LASF5:
 653 010b 6C6F6E67 		.ascii	"long unsigned int\000"
 653      20756E73 
 653      69676E65 
 653      6420696E 
 653      7400
 654              	.LASF9:
 655 011d 75696E74 		.ascii	"uint8\000"
 655      3800
 656              	.LASF27:
 657 0123 62757474 		.ascii	"buttonHandle\000"
 657      6F6E4861 
 657      6E646C65 
 657      00
 658              	.LASF31:
 659 0130 474E5520 		.ascii	"GNU C11 5.4.1 20160609 (release) [ARM/embedded-5-br"
 659      43313120 
 659      352E342E 
 659      31203230 
 659      31363036 
 660 0163 616E6368 		.ascii	"anch revision 237715] -mcpu=cortex-m0 -mthumb -g -O"
 660      20726576 
 660      6973696F 
 660      6E203233 
 660      37373135 
 661 0196 30202D66 		.ascii	"0 -ffunction-sections -ffat-lto-objects\000"
 661      66756E63 
 661      74696F6E 
 661      2D736563 
 661      74696F6E 
 662              	.LASF12:
 663 01be 646F7562 		.ascii	"double\000"
 663      6C6500
 664              	.LASF18:
 665 01c5 61747449 		.ascii	"attId\000"
 665      6400
 666              	.LASF34:
 667 01cb 6D61696E 		.ascii	"main\000"
 667      00
 668              	.LASF10:
 669 01d0 75696E74 		.ascii	"uint16\000"
 669      313600
 670              	.LASF21:
 671 01d7 4359424C 		.ascii	"CYBLE_GATT_VALUE_T\000"
 671      455F4741 
 671      54545F56 
 671      414C5545 
 671      5F5400
 672              	.LASF8:
 673 01ea 756E7369 		.ascii	"unsigned int\000"
 673      676E6564 
 673      20696E74 
ARM GAS  C:\Users\cnpan\AppData\Local\Temp\ccJJqpfW.s 			page 15


 673      00
 674              	.LASF13:
 675 01f7 63686172 		.ascii	"char\000"
 675      00
 676              	.LASF15:
 677 01fc 73697A65 		.ascii	"sizetype\000"
 677      74797065 
 677      00
 678              	.LASF29:
 679 0205 626C6543 		.ascii	"bleConnected\000"
 679      6F6E6E65 
 679      63746564 
 679      00
 680              	.LASF6:
 681 0212 6C6F6E67 		.ascii	"long long int\000"
 681      206C6F6E 
 681      6720696E 
 681      7400
 682              	.LASF32:
 683 0220 6D61696E 		.ascii	"main.c\000"
 683      2E6300
 684              	.LASF25:
 685 0227 4359424C 		.ascii	"CYBLE_GATTS_HANDLE_VALUE_NTF_T\000"
 685      455F4741 
 685      5454535F 
 685      48414E44 
 685      4C455F56 
 686              	.LASF16:
 687 0246 4359424C 		.ascii	"CYBLE_GATT_DB_ATTR_HANDLE_T\000"
 687      455F4741 
 687      54545F44 
 687      425F4154 
 687      54525F48 
 688              	.LASF2:
 689 0262 73686F72 		.ascii	"short int\000"
 689      7420696E 
 689      7400
 690              	.LASF19:
 691 026c 4359424C 		.ascii	"CYBLE_CONN_HANDLE_T\000"
 691      455F434F 
 691      4E4E5F48 
 691      414E444C 
 691      455F5400 
 692              	.LASF24:
 693 0280 4359424C 		.ascii	"CYBLE_GATT_HANDLE_VALUE_PAIR_T\000"
 693      455F4741 
 693      54545F48 
 693      414E444C 
 693      455F5641 
 694              	.LASF4:
 695 029f 6C6F6E67 		.ascii	"long int\000"
 695      20696E74 
 695      00
 696              	.LASF26:
 697 02a8 62757474 		.ascii	"button\000"
 697      6F6E00
 698              	.LASF14:
ARM GAS  C:\Users\cnpan\AppData\Local\Temp\ccJJqpfW.s 			page 16


 699 02af 6C6F6E67 		.ascii	"long double\000"
 699      20646F75 
 699      626C6500 
 700              	.LASF0:
 701 02bb 7369676E 		.ascii	"signed char\000"
 701      65642063 
 701      68617200 
 702              	.LASF20:
 703 02c7 61637475 		.ascii	"actualLen\000"
 703      616C4C65 
 703      6E00
 704              		.ident	"GCC: (GNU Tools for ARM Embedded Processors) 5.4.1 20160609 (release) [ARM/embedded-5-bran
