ARM GAS  C:\Users\cnpan\AppData\Local\Temp\ccOjjtvo.s 			page 1


   1              		.syntax unified
   2              		.cpu cortex-m0
   3              		.fpu softvfp
   4              		.eabi_attribute 20, 1
   5              		.eabi_attribute 21, 1
   6              		.eabi_attribute 23, 3
   7              		.eabi_attribute 24, 1
   8              		.eabi_attribute 25, 1
   9              		.eabi_attribute 26, 1
  10              		.eabi_attribute 30, 6
  11              		.eabi_attribute 34, 0
  12              		.eabi_attribute 18, 4
  13              		.thumb
  14              		.syntax unified
  15              		.file	"BLEApplications.c"
  16              		.text
  17              	.Ltext0:
  18              		.cfi_sections	.debug_frame
  19              		.global	iasLevel
  20              		.bss
  21              		.type	iasLevel, %object
  22              		.size	iasLevel, 1
  23              	iasLevel:
  24 0000 00       		.space	1
  25              		.section	.text.CheckSwitchStatus,"ax",%progbits
  26              		.align	2
  27              		.global	CheckSwitchStatus
  28              		.code	16
  29              		.thumb_func
  30              		.type	CheckSwitchStatus, %function
  31              	CheckSwitchStatus:
  32              	.LFB37:
  33              		.file 1 "BLEApplications.c"
   1:BLEApplications.c **** #include <main.h>
   2:BLEApplications.c **** /* 'connHandle' contains the connection handle parameter and used for BLE API to
   3:BLEApplications.c **** * send data to particular connected device */
   4:BLEApplications.c **** extern CYBLE_CONN_HANDLE_T			connHandle;
   5:BLEApplications.c **** 
   6:BLEApplications.c **** /* 'ble_state' contains the present status of BLE, used for LED state update */
   7:BLEApplications.c **** extern uint8 ble_state;
   8:BLEApplications.c **** 
   9:BLEApplications.c **** /* 'iasLevel' contains the alert level that is sent to the connected peripheral 
  10:BLEApplications.c **** * device */
  11:BLEApplications.c **** uint8 iasLevel = FALSE;
  12:BLEApplications.c **** 
  13:BLEApplications.c **** void CheckSwitchStatus(void)
  14:BLEApplications.c **** {
  34              		.loc 1 14 0
  35              		.cfi_startproc
  36              		@ args = 0, pretend = 0, frame = 0
  37              		@ frame_needed = 1, uses_anonymous_args = 0
  38 0000 80B5     		push	{r7, lr}
  39              		.cfi_def_cfa_offset 8
  40              		.cfi_offset 7, -8
  41              		.cfi_offset 14, -4
  42 0002 00AF     		add	r7, sp, #0
  43              		.cfi_def_cfa_register 7
ARM GAS  C:\Users\cnpan\AppData\Local\Temp\ccOjjtvo.s 			page 2


  15:BLEApplications.c ****     if (User_Button_Read() == FALSE)
  44              		.loc 1 15 0
  45 0004 FFF7FEFF 		bl	User_Button_Read
  46 0008 031E     		subs	r3, r0, #0
  47 000a 03D1     		bne	.L2
  16:BLEApplications.c ****     {
  17:BLEApplications.c ****         iasLevel = TRUE;
  48              		.loc 1 17 0
  49 000c 064B     		ldr	r3, .L4
  50 000e 0122     		movs	r2, #1
  51 0010 1A70     		strb	r2, [r3]
  52 0012 02E0     		b	.L3
  53              	.L2:
  18:BLEApplications.c ****     }
  19:BLEApplications.c ****     else
  20:BLEApplications.c ****     {
  21:BLEApplications.c ****         iasLevel = FALSE;
  54              		.loc 1 21 0
  55 0014 044B     		ldr	r3, .L4
  56 0016 0022     		movs	r2, #0
  57 0018 1A70     		strb	r2, [r3]
  58              	.L3:
  22:BLEApplications.c ****     }
  23:BLEApplications.c ****     SetAlertLevel(&iasLevel);
  59              		.loc 1 23 0
  60 001a 034B     		ldr	r3, .L4
  61 001c 1800     		movs	r0, r3
  62 001e FFF7FEFF 		bl	SetAlertLevel
  24:BLEApplications.c **** }
  63              		.loc 1 24 0
  64 0022 C046     		nop
  65 0024 BD46     		mov	sp, r7
  66              		@ sp needed
  67 0026 80BD     		pop	{r7, pc}
  68              	.L5:
  69              		.align	2
  70              	.L4:
  71 0028 00000000 		.word	iasLevel
  72              		.cfi_endproc
  73              	.LFE37:
  74              		.size	CheckSwitchStatus, .-CheckSwitchStatus
  75              		.section	.text.HandleLEDs,"ax",%progbits
  76              		.align	2
  77              		.global	HandleLEDs
  78              		.code	16
  79              		.thumb_func
  80              		.type	HandleLEDs, %function
  81              	HandleLEDs:
  82              	.LFB38:
  25:BLEApplications.c **** 
  26:BLEApplications.c **** 
  27:BLEApplications.c **** void HandleLEDs(uint8 state)
  28:BLEApplications.c **** {
  83              		.loc 1 28 0
  84              		.cfi_startproc
  85              		@ args = 0, pretend = 0, frame = 8
  86              		@ frame_needed = 1, uses_anonymous_args = 0
ARM GAS  C:\Users\cnpan\AppData\Local\Temp\ccOjjtvo.s 			page 3


  87 0000 80B5     		push	{r7, lr}
  88              		.cfi_def_cfa_offset 8
  89              		.cfi_offset 7, -8
  90              		.cfi_offset 14, -4
  91 0002 82B0     		sub	sp, sp, #8
  92              		.cfi_def_cfa_offset 16
  93 0004 00AF     		add	r7, sp, #0
  94              		.cfi_def_cfa_register 7
  95 0006 0200     		movs	r2, r0
  96 0008 FB1D     		adds	r3, r7, #7
  97 000a 1A70     		strb	r2, [r3]
  29:BLEApplications.c **** 	static uint16 led_scanning_counter = TRUE;
  30:BLEApplications.c **** 	static uint16 led_discovery_counter = TRUE;
  31:BLEApplications.c **** 	
  32:BLEApplications.c **** 	switch(state)
  98              		.loc 1 32 0
  99 000c FB1D     		adds	r3, r7, #7
 100 000e 1B78     		ldrb	r3, [r3]
 101 0010 022B     		cmp	r3, #2
 102 0012 0CD0     		beq	.L8
 103 0014 02DC     		bgt	.L9
 104 0016 012B     		cmp	r3, #1
 105 0018 05D0     		beq	.L10
  33:BLEApplications.c **** 	{
  34:BLEApplications.c **** 		case BLE_DISCONNECTED:
  35:BLEApplications.c **** 			/* Set LED to OFF for Disconnected state*/
  36:BLEApplications.c **** 			Status_LED_Write(LED_OFF);
  37:BLEApplications.c **** 		break;
  38:BLEApplications.c **** 		
  39:BLEApplications.c **** 		case BLE_SCANNING:
  40:BLEApplications.c **** 			/* Run internal software timer to blink status LED, 
  41:BLEApplications.c **** 			* indicating ongoing BLE scan */
  42:BLEApplications.c **** 			if((--led_scanning_counter) == FALSE)
  43:BLEApplications.c **** 			{
  44:BLEApplications.c **** 				led_scanning_counter = LED_SCANNING_COUNTER_VALUE;
  45:BLEApplications.c **** 				Status_LED_Write(!Status_LED_Read());
  46:BLEApplications.c **** 			}
  47:BLEApplications.c **** 		break;
  48:BLEApplications.c **** 			
  49:BLEApplications.c **** 		case BLE_SERVICE_DISCOVERY:
  50:BLEApplications.c **** 			/* Run internal software timer to blink status LED, 
  51:BLEApplications.c **** 			* indicating BLE discovery procedure with connected device */
  52:BLEApplications.c **** 			if((--led_discovery_counter) == FALSE)
  53:BLEApplications.c **** 			{
  54:BLEApplications.c **** 				led_scanning_counter = LED_DISCOVERY_COUNTER_VALUE;
  55:BLEApplications.c **** 				Status_LED_Write(!Status_LED_Read());
  56:BLEApplications.c **** 			}
  57:BLEApplications.c **** 		break;
  58:BLEApplications.c **** 		
  59:BLEApplications.c **** 		case BLE_CONNECTED:
  60:BLEApplications.c **** 			/* Set the LED to ON to indicate BLE connected state */
  61:BLEApplications.c **** 			Status_LED_Write(LED_ON);
  62:BLEApplications.c **** 		break;
  63:BLEApplications.c **** 		
  64:BLEApplications.c **** 		default:
  65:BLEApplications.c **** 		
  66:BLEApplications.c **** 		break;
ARM GAS  C:\Users\cnpan\AppData\Local\Temp\ccOjjtvo.s 			page 4


 106              		.loc 1 66 0
 107 001a 3DE0     		b	.L13
 108              	.L9:
  32:BLEApplications.c **** 	{
 109              		.loc 1 32 0
 110 001c 032B     		cmp	r3, #3
 111 001e 1DD0     		beq	.L11
 112 0020 042B     		cmp	r3, #4
 113 0022 32D0     		beq	.L12
 114              		.loc 1 66 0
 115 0024 38E0     		b	.L13
 116              	.L10:
  36:BLEApplications.c **** 		break;
 117              		.loc 1 36 0
 118 0026 0120     		movs	r0, #1
 119 0028 FFF7FEFF 		bl	Status_LED_Write
  37:BLEApplications.c **** 		
 120              		.loc 1 37 0
 121 002c 34E0     		b	.L13
 122              	.L8:
  42:BLEApplications.c **** 			{
 123              		.loc 1 42 0
 124 002e 1C4B     		ldr	r3, .L18
 125 0030 1B88     		ldrh	r3, [r3]
 126 0032 013B     		subs	r3, r3, #1
 127 0034 9AB2     		uxth	r2, r3
 128 0036 1A4B     		ldr	r3, .L18
 129 0038 1A80     		strh	r2, [r3]
 130 003a 194B     		ldr	r3, .L18
 131 003c 1B88     		ldrh	r3, [r3]
 132 003e 002B     		cmp	r3, #0
 133 0040 27D1     		bne	.L16
  44:BLEApplications.c **** 				Status_LED_Write(!Status_LED_Read());
 134              		.loc 1 44 0
 135 0042 174B     		ldr	r3, .L18
 136 0044 3C22     		movs	r2, #60
 137 0046 1A80     		strh	r2, [r3]
  45:BLEApplications.c **** 			}
 138              		.loc 1 45 0
 139 0048 FFF7FEFF 		bl	Status_LED_Read
 140 004c 0300     		movs	r3, r0
 141 004e 5A42     		rsbs	r2, r3, #0
 142 0050 5341     		adcs	r3, r3, r2
 143 0052 DBB2     		uxtb	r3, r3
 144 0054 1800     		movs	r0, r3
 145 0056 FFF7FEFF 		bl	Status_LED_Write
  47:BLEApplications.c **** 			
 146              		.loc 1 47 0
 147 005a 1AE0     		b	.L16
 148              	.L11:
  52:BLEApplications.c **** 			{
 149              		.loc 1 52 0
 150 005c 114B     		ldr	r3, .L18+4
 151 005e 1B88     		ldrh	r3, [r3]
 152 0060 013B     		subs	r3, r3, #1
 153 0062 9AB2     		uxth	r2, r3
 154 0064 0F4B     		ldr	r3, .L18+4
ARM GAS  C:\Users\cnpan\AppData\Local\Temp\ccOjjtvo.s 			page 5


 155 0066 1A80     		strh	r2, [r3]
 156 0068 0E4B     		ldr	r3, .L18+4
 157 006a 1B88     		ldrh	r3, [r3]
 158 006c 002B     		cmp	r3, #0
 159 006e 12D1     		bne	.L17
  54:BLEApplications.c **** 				Status_LED_Write(!Status_LED_Read());
 160              		.loc 1 54 0
 161 0070 0B4B     		ldr	r3, .L18
 162 0072 0522     		movs	r2, #5
 163 0074 1A80     		strh	r2, [r3]
  55:BLEApplications.c **** 			}
 164              		.loc 1 55 0
 165 0076 FFF7FEFF 		bl	Status_LED_Read
 166 007a 0300     		movs	r3, r0
 167 007c 5A42     		rsbs	r2, r3, #0
 168 007e 5341     		adcs	r3, r3, r2
 169 0080 DBB2     		uxtb	r3, r3
 170 0082 1800     		movs	r0, r3
 171 0084 FFF7FEFF 		bl	Status_LED_Write
  57:BLEApplications.c **** 		
 172              		.loc 1 57 0
 173 0088 05E0     		b	.L17
 174              	.L12:
  61:BLEApplications.c **** 		break;
 175              		.loc 1 61 0
 176 008a 0020     		movs	r0, #0
 177 008c FFF7FEFF 		bl	Status_LED_Write
  62:BLEApplications.c **** 		
 178              		.loc 1 62 0
 179 0090 02E0     		b	.L13
 180              	.L16:
  47:BLEApplications.c **** 			
 181              		.loc 1 47 0
 182 0092 C046     		nop
 183 0094 00E0     		b	.L13
 184              	.L17:
  57:BLEApplications.c **** 		
 185              		.loc 1 57 0
 186 0096 C046     		nop
 187              	.L13:
  67:BLEApplications.c **** 	}
  68:BLEApplications.c **** }
 188              		.loc 1 68 0
 189 0098 C046     		nop
 190 009a BD46     		mov	sp, r7
 191 009c 02B0     		add	sp, sp, #8
 192              		@ sp needed
 193 009e 80BD     		pop	{r7, pc}
 194              	.L19:
 195              		.align	2
 196              	.L18:
 197 00a0 00000000 		.word	led_scanning_counter.7305
 198 00a4 02000000 		.word	led_discovery_counter.7306
 199              		.cfi_endproc
 200              	.LFE38:
 201              		.size	HandleLEDs, .-HandleLEDs
 202              		.section	.text.SetAlertLevel,"ax",%progbits
ARM GAS  C:\Users\cnpan\AppData\Local\Temp\ccOjjtvo.s 			page 6


 203              		.align	2
 204              		.global	SetAlertLevel
 205              		.code	16
 206              		.thumb_func
 207              		.type	SetAlertLevel, %function
 208              	SetAlertLevel:
 209              	.LFB39:
  69:BLEApplications.c **** 
  70:BLEApplications.c **** 
  71:BLEApplications.c **** void SetAlertLevel(uint8* alertLevel)
  72:BLEApplications.c **** {
 210              		.loc 1 72 0
 211              		.cfi_startproc
 212              		@ args = 0, pretend = 0, frame = 16
 213              		@ frame_needed = 1, uses_anonymous_args = 0
 214 0000 90B5     		push	{r4, r7, lr}
 215              		.cfi_def_cfa_offset 12
 216              		.cfi_offset 4, -12
 217              		.cfi_offset 7, -8
 218              		.cfi_offset 14, -4
 219 0002 85B0     		sub	sp, sp, #20
 220              		.cfi_def_cfa_offset 32
 221 0004 00AF     		add	r7, sp, #0
 222              		.cfi_def_cfa_register 7
 223 0006 7860     		str	r0, [r7, #4]
  73:BLEApplications.c **** 	CYBLE_API_RESULT_T 			apiResult;
  74:BLEApplications.c **** 	
  75:BLEApplications.c **** 	/* Set the IAS characteristic with provided alert level. Alert Level can be either
  76:BLEApplications.c **** 	* NO alert, MID alert or HIGH alert */
  77:BLEApplications.c **** 	apiResult = CyBle_IascSetCharacteristicValue(connHandle, CYBLE_IAS_ALERT_LEVEL ,IAS_ATTR_SIZE, ale
 224              		.loc 1 77 0
 225 0008 0E23     		movs	r3, #14
 226 000a FC18     		adds	r4, r7, r3
 227 000c 7968     		ldr	r1, [r7, #4]
 228 000e 0B4B     		ldr	r3, .L21
 229 0010 1A78     		ldrb	r2, [r3]
 230 0012 5B78     		ldrb	r3, [r3, #1]
 231 0014 1B02     		lsls	r3, r3, #8
 232 0016 1343     		orrs	r3, r2
 233 0018 0020     		movs	r0, #0
 234 001a 1B04     		lsls	r3, r3, #16
 235 001c 1B0C     		lsrs	r3, r3, #16
 236 001e 020C     		lsrs	r2, r0, #16
 237 0020 1204     		lsls	r2, r2, #16
 238 0022 1343     		orrs	r3, r2
 239 0024 1800     		movs	r0, r3
 240 0026 0B00     		movs	r3, r1
 241 0028 0122     		movs	r2, #1
 242 002a 0021     		movs	r1, #0
 243 002c FFF7FEFF 		bl	CyBle_IascSetCharacteristicValue
 244 0030 0300     		movs	r3, r0
 245 0032 2380     		strh	r3, [r4]
  78:BLEApplications.c **** 	
  79:BLEApplications.c **** 	if(apiResult != CYBLE_ERROR_OK)
  80:BLEApplications.c **** 	{
  81:BLEApplications.c **** 		
  82:BLEApplications.c **** 	}	
ARM GAS  C:\Users\cnpan\AppData\Local\Temp\ccOjjtvo.s 			page 7


  83:BLEApplications.c **** }
 246              		.loc 1 83 0
 247 0034 C046     		nop
 248 0036 BD46     		mov	sp, r7
 249 0038 05B0     		add	sp, sp, #20
 250              		@ sp needed
 251 003a 90BD     		pop	{r4, r7, pc}
 252              	.L22:
 253              		.align	2
 254              	.L21:
 255 003c 00000000 		.word	connHandle
 256              		.cfi_endproc
 257              	.LFE39:
 258              		.size	SetAlertLevel, .-SetAlertLevel
 259              		.data
 260              		.align	1
 261              		.type	led_scanning_counter.7305, %object
 262              		.size	led_scanning_counter.7305, 2
 263              	led_scanning_counter.7305:
 264 0000 0100     		.short	1
 265              		.align	1
 266              		.type	led_discovery_counter.7306, %object
 267              		.size	led_discovery_counter.7306, 2
 268              	led_discovery_counter.7306:
 269 0002 0100     		.short	1
 270              		.text
 271              	.Letext0:
 272              		.file 2 "Generated_Source\\PSoC4/cytypes.h"
 273              		.file 3 "Generated_Source\\PSoC4/BLE_Stack.h"
 274              		.file 4 "Generated_Source\\PSoC4/BLE_StackGatt.h"
 275              		.file 5 "Generated_Source\\PSoC4/BLE_ias.h"
 276              		.file 6 "Generated_Source\\PSoC4/BLE_eventHandler.h"
 277              		.section	.debug_info,"",%progbits
 278              	.Ldebug_info0:
 279 0000 6C040000 		.4byte	0x46c
 280 0004 0400     		.2byte	0x4
 281 0006 00000000 		.4byte	.Ldebug_abbrev0
 282 000a 04       		.byte	0x4
 283 000b 01       		.uleb128 0x1
 284 000c AE070000 		.4byte	.LASF142
 285 0010 0C       		.byte	0xc
 286 0011 D20C0000 		.4byte	.LASF143
 287 0015 E80D0000 		.4byte	.LASF144
 288 0019 00000000 		.4byte	.Ldebug_ranges0+0
 289 001d 00000000 		.4byte	0
 290 0021 00000000 		.4byte	.Ldebug_line0
 291 0025 02       		.uleb128 0x2
 292 0026 01       		.byte	0x1
 293 0027 06       		.byte	0x6
 294 0028 E8020000 		.4byte	.LASF0
 295 002c 02       		.uleb128 0x2
 296 002d 01       		.byte	0x1
 297 002e 08       		.byte	0x8
 298 002f CC0A0000 		.4byte	.LASF1
 299 0033 02       		.uleb128 0x2
 300 0034 02       		.byte	0x2
 301 0035 05       		.byte	0x5
ARM GAS  C:\Users\cnpan\AppData\Local\Temp\ccOjjtvo.s 			page 8


 302 0036 FE0A0000 		.4byte	.LASF2
 303 003a 02       		.uleb128 0x2
 304 003b 02       		.byte	0x2
 305 003c 07       		.byte	0x7
 306 003d 990D0000 		.4byte	.LASF3
 307 0041 02       		.uleb128 0x2
 308 0042 04       		.byte	0x4
 309 0043 05       		.byte	0x5
 310 0044 BD010000 		.4byte	.LASF4
 311 0048 02       		.uleb128 0x2
 312 0049 04       		.byte	0x4
 313 004a 07       		.byte	0x7
 314 004b F1050000 		.4byte	.LASF5
 315 004f 02       		.uleb128 0x2
 316 0050 08       		.byte	0x8
 317 0051 05       		.byte	0x5
 318 0052 DA020000 		.4byte	.LASF6
 319 0056 02       		.uleb128 0x2
 320 0057 08       		.byte	0x8
 321 0058 07       		.byte	0x7
 322 0059 40050000 		.4byte	.LASF7
 323 005d 03       		.uleb128 0x3
 324 005e 04       		.byte	0x4
 325 005f 05       		.byte	0x5
 326 0060 696E7400 		.ascii	"int\000"
 327 0064 02       		.uleb128 0x2
 328 0065 04       		.byte	0x4
 329 0066 07       		.byte	0x7
 330 0067 8C0C0000 		.4byte	.LASF8
 331 006b 04       		.uleb128 0x4
 332 006c 15040000 		.4byte	.LASF9
 333 0070 02       		.byte	0x2
 334 0071 B901     		.2byte	0x1b9
 335 0073 2C000000 		.4byte	0x2c
 336 0077 04       		.uleb128 0x4
 337 0078 3F000000 		.4byte	.LASF10
 338 007c 02       		.byte	0x2
 339 007d BA01     		.2byte	0x1ba
 340 007f 3A000000 		.4byte	0x3a
 341 0083 02       		.uleb128 0x2
 342 0084 04       		.byte	0x4
 343 0085 04       		.byte	0x4
 344 0086 7E0A0000 		.4byte	.LASF11
 345 008a 02       		.uleb128 0x2
 346 008b 08       		.byte	0x8
 347 008c 04       		.byte	0x4
 348 008d 3A040000 		.4byte	.LASF12
 349 0091 02       		.uleb128 0x2
 350 0092 01       		.byte	0x1
 351 0093 08       		.byte	0x8
 352 0094 320C0000 		.4byte	.LASF13
 353 0098 02       		.uleb128 0x2
 354 0099 08       		.byte	0x8
 355 009a 04       		.byte	0x4
 356 009b 260C0000 		.4byte	.LASF14
 357 009f 02       		.uleb128 0x2
 358 00a0 04       		.byte	0x4
ARM GAS  C:\Users\cnpan\AppData\Local\Temp\ccOjjtvo.s 			page 9


 359 00a1 07       		.byte	0x7
 360 00a2 29090000 		.4byte	.LASF15
 361 00a6 05       		.uleb128 0x5
 362 00a7 01       		.byte	0x1
 363 00a8 2C000000 		.4byte	0x2c
 364 00ac 03       		.byte	0x3
 365 00ad 4D01     		.2byte	0x14d
 366 00af 64020000 		.4byte	0x264
 367 00b3 06       		.uleb128 0x6
 368 00b4 E6060000 		.4byte	.LASF16
 369 00b8 00       		.byte	0
 370 00b9 06       		.uleb128 0x6
 371 00ba F4020000 		.4byte	.LASF17
 372 00be 01       		.byte	0x1
 373 00bf 06       		.uleb128 0x6
 374 00c0 AB010000 		.4byte	.LASF18
 375 00c4 02       		.byte	0x2
 376 00c5 06       		.uleb128 0x6
 377 00c6 800D0000 		.4byte	.LASF19
 378 00ca 03       		.byte	0x3
 379 00cb 06       		.uleb128 0x6
 380 00cc 2B020000 		.4byte	.LASF20
 381 00d0 04       		.byte	0x4
 382 00d1 06       		.uleb128 0x6
 383 00d2 23000000 		.4byte	.LASF21
 384 00d6 05       		.byte	0x5
 385 00d7 06       		.uleb128 0x6
 386 00d8 1B070000 		.4byte	.LASF22
 387 00dc 06       		.byte	0x6
 388 00dd 06       		.uleb128 0x6
 389 00de 81080000 		.4byte	.LASF23
 390 00e2 20       		.byte	0x20
 391 00e3 06       		.uleb128 0x6
 392 00e4 46030000 		.4byte	.LASF24
 393 00e8 21       		.byte	0x21
 394 00e9 06       		.uleb128 0x6
 395 00ea 34070000 		.4byte	.LASF25
 396 00ee 22       		.byte	0x22
 397 00ef 06       		.uleb128 0x6
 398 00f0 5A0D0000 		.4byte	.LASF26
 399 00f4 23       		.byte	0x23
 400 00f5 06       		.uleb128 0x6
 401 00f6 A8090000 		.4byte	.LASF27
 402 00fa 24       		.byte	0x24
 403 00fb 06       		.uleb128 0x6
 404 00fc 32090000 		.4byte	.LASF28
 405 0100 25       		.byte	0x25
 406 0101 06       		.uleb128 0x6
 407 0102 CA030000 		.4byte	.LASF29
 408 0106 26       		.byte	0x26
 409 0107 06       		.uleb128 0x6
 410 0108 58070000 		.4byte	.LASF30
 411 010c 27       		.byte	0x27
 412 010d 06       		.uleb128 0x6
 413 010e 6A0C0000 		.4byte	.LASF31
 414 0112 28       		.byte	0x28
 415 0113 06       		.uleb128 0x6
ARM GAS  C:\Users\cnpan\AppData\Local\Temp\ccOjjtvo.s 			page 10


 416 0114 94020000 		.4byte	.LASF32
 417 0118 29       		.byte	0x29
 418 0119 06       		.uleb128 0x6
 419 011a A9000000 		.4byte	.LASF33
 420 011e 2A       		.byte	0x2a
 421 011f 06       		.uleb128 0x6
 422 0120 40020000 		.4byte	.LASF34
 423 0124 2B       		.byte	0x2b
 424 0125 06       		.uleb128 0x6
 425 0126 210F0000 		.4byte	.LASF35
 426 012a 2C       		.byte	0x2c
 427 012b 06       		.uleb128 0x6
 428 012c B1020000 		.4byte	.LASF36
 429 0130 2D       		.byte	0x2d
 430 0131 06       		.uleb128 0x6
 431 0132 DA0A0000 		.4byte	.LASF37
 432 0136 2E       		.byte	0x2e
 433 0137 06       		.uleb128 0x6
 434 0138 26010000 		.4byte	.LASF38
 435 013c 2F       		.byte	0x2f
 436 013d 06       		.uleb128 0x6
 437 013e 87090000 		.4byte	.LASF39
 438 0142 30       		.byte	0x30
 439 0143 06       		.uleb128 0x6
 440 0144 740F0000 		.4byte	.LASF40
 441 0148 31       		.byte	0x31
 442 0149 06       		.uleb128 0x6
 443 014a 66090000 		.4byte	.LASF41
 444 014e 32       		.byte	0x32
 445 014f 06       		.uleb128 0x6
 446 0150 C80B0000 		.4byte	.LASF42
 447 0154 33       		.byte	0x33
 448 0155 06       		.uleb128 0x6
 449 0156 03060000 		.4byte	.LASF43
 450 015a 34       		.byte	0x34
 451 015b 06       		.uleb128 0x6
 452 015c 23050000 		.4byte	.LASF44
 453 0160 35       		.byte	0x35
 454 0161 06       		.uleb128 0x6
 455 0162 77070000 		.4byte	.LASF45
 456 0166 36       		.byte	0x36
 457 0167 06       		.uleb128 0x6
 458 0168 AB080000 		.4byte	.LASF46
 459 016c 37       		.byte	0x37
 460 016d 06       		.uleb128 0x6
 461 016e BF040000 		.4byte	.LASF47
 462 0172 40       		.byte	0x40
 463 0173 06       		.uleb128 0x6
 464 0174 3C080000 		.4byte	.LASF48
 465 0178 41       		.byte	0x41
 466 0179 06       		.uleb128 0x6
 467 017a 980F0000 		.4byte	.LASF49
 468 017e 42       		.byte	0x42
 469 017f 06       		.uleb128 0x6
 470 0180 CA0D0000 		.4byte	.LASF50
 471 0184 43       		.byte	0x43
 472 0185 06       		.uleb128 0x6
ARM GAS  C:\Users\cnpan\AppData\Local\Temp\ccOjjtvo.s 			page 11


 473 0186 35060000 		.4byte	.LASF51
 474 018a 44       		.byte	0x44
 475 018b 06       		.uleb128 0x6
 476 018c 570A0000 		.4byte	.LASF52
 477 0190 45       		.byte	0x45
 478 0191 06       		.uleb128 0x6
 479 0192 08090000 		.4byte	.LASF53
 480 0196 46       		.byte	0x46
 481 0197 06       		.uleb128 0x6
 482 0198 FD060000 		.4byte	.LASF54
 483 019c 47       		.byte	0x47
 484 019d 06       		.uleb128 0x6
 485 019e E50E0000 		.4byte	.LASF55
 486 01a2 48       		.byte	0x48
 487 01a3 06       		.uleb128 0x6
 488 01a4 5D030000 		.4byte	.LASF56
 489 01a8 49       		.byte	0x49
 490 01a9 06       		.uleb128 0x6
 491 01aa 6A0E0000 		.4byte	.LASF57
 492 01ae 4A       		.byte	0x4a
 493 01af 06       		.uleb128 0x6
 494 01b0 4F010000 		.4byte	.LASF58
 495 01b4 4B       		.byte	0x4b
 496 01b5 06       		.uleb128 0x6
 497 01b6 1B060000 		.4byte	.LASF59
 498 01ba 4C       		.byte	0x4c
 499 01bb 06       		.uleb128 0x6
 500 01bc 4C090000 		.4byte	.LASF60
 501 01c0 4D       		.byte	0x4d
 502 01c1 06       		.uleb128 0x6
 503 01c2 AC030000 		.4byte	.LASF61
 504 01c6 4E       		.byte	0x4e
 505 01c7 06       		.uleb128 0x6
 506 01c8 6A0B0000 		.4byte	.LASF62
 507 01cc 4F       		.byte	0x4f
 508 01cd 06       		.uleb128 0x6
 509 01ce 6E010000 		.4byte	.LASF63
 510 01d2 50       		.byte	0x50
 511 01d3 06       		.uleb128 0x6
 512 01d4 1B040000 		.4byte	.LASF64
 513 01d8 51       		.byte	0x51
 514 01d9 06       		.uleb128 0x6
 515 01da E1090000 		.4byte	.LASF65
 516 01de 52       		.byte	0x52
 517 01df 06       		.uleb128 0x6
 518 01e0 080B0000 		.4byte	.LASF66
 519 01e4 53       		.byte	0x53
 520 01e5 06       		.uleb128 0x6
 521 01e6 890B0000 		.4byte	.LASF67
 522 01ea 54       		.byte	0x54
 523 01eb 06       		.uleb128 0x6
 524 01ec 53060000 		.4byte	.LASF68
 525 01f0 55       		.byte	0x55
 526 01f1 06       		.uleb128 0x6
 527 01f2 57050000 		.4byte	.LASF69
 528 01f6 56       		.byte	0x56
 529 01f7 06       		.uleb128 0x6
ARM GAS  C:\Users\cnpan\AppData\Local\Temp\ccOjjtvo.s 			page 12


 530 01f8 A90C0000 		.4byte	.LASF70
 531 01fc 57       		.byte	0x57
 532 01fd 06       		.uleb128 0x6
 533 01fe 77060000 		.4byte	.LASF71
 534 0202 58       		.byte	0x58
 535 0203 06       		.uleb128 0x6
 536 0204 D9040000 		.4byte	.LASF72
 537 0208 70       		.byte	0x70
 538 0209 06       		.uleb128 0x6
 539 020a 4E0F0000 		.4byte	.LASF73
 540 020e 71       		.byte	0x71
 541 020f 06       		.uleb128 0x6
 542 0210 65080000 		.4byte	.LASF74
 543 0214 72       		.byte	0x72
 544 0215 06       		.uleb128 0x6
 545 0216 8D010000 		.4byte	.LASF75
 546 021a 73       		.byte	0x73
 547 021b 06       		.uleb128 0x6
 548 021c 300A0000 		.4byte	.LASF76
 549 0220 74       		.byte	0x74
 550 0221 06       		.uleb128 0x6
 551 0222 41040000 		.4byte	.LASF77
 552 0226 75       		.byte	0x75
 553 0227 06       		.uleb128 0x6
 554 0228 D2000000 		.4byte	.LASF78
 555 022c 76       		.byte	0x76
 556 022d 06       		.uleb128 0x6
 557 022e 46000000 		.4byte	.LASF79
 558 0232 77       		.byte	0x77
 559 0233 06       		.uleb128 0x6
 560 0234 00000000 		.4byte	.LASF80
 561 0238 78       		.byte	0x78
 562 0239 06       		.uleb128 0x6
 563 023a E40C0000 		.4byte	.LASF81
 564 023e 79       		.byte	0x79
 565 023f 06       		.uleb128 0x6
 566 0240 FF040000 		.4byte	.LASF82
 567 0244 7A       		.byte	0x7a
 568 0245 06       		.uleb128 0x6
 569 0246 5F020000 		.4byte	.LASF83
 570 024a FA       		.byte	0xfa
 571 024b 06       		.uleb128 0x6
 572 024c 97050000 		.4byte	.LASF84
 573 0250 FB       		.byte	0xfb
 574 0251 06       		.uleb128 0x6
 575 0252 290B0000 		.4byte	.LASF85
 576 0256 FC       		.byte	0xfc
 577 0257 06       		.uleb128 0x6
 578 0258 DE0F0000 		.4byte	.LASF86
 579 025c FD       		.byte	0xfd
 580 025d 06       		.uleb128 0x6
 581 025e A2040000 		.4byte	.LASF87
 582 0262 FF       		.byte	0xff
 583 0263 00       		.byte	0
 584 0264 05       		.uleb128 0x5
 585 0265 02       		.byte	0x2
 586 0266 3A000000 		.4byte	0x3a
ARM GAS  C:\Users\cnpan\AppData\Local\Temp\ccOjjtvo.s 			page 13


 587 026a 03       		.byte	0x3
 588 026b 0204     		.2byte	0x402
 589 026d 3D030000 		.4byte	0x33d
 590 0271 06       		.uleb128 0x6
 591 0272 B0040000 		.4byte	.LASF88
 592 0276 00       		.byte	0
 593 0277 06       		.uleb128 0x6
 594 0278 79040000 		.4byte	.LASF89
 595 027c 01       		.byte	0x1
 596 027d 06       		.uleb128 0x6
 597 027e AC0D0000 		.4byte	.LASF90
 598 0282 02       		.byte	0x2
 599 0283 06       		.uleb128 0x6
 600 0284 84000000 		.4byte	.LASF91
 601 0288 03       		.byte	0x3
 602 0289 06       		.uleb128 0x6
 603 028a 08020000 		.4byte	.LASF92
 604 028e 04       		.byte	0x4
 605 028f 06       		.uleb128 0x6
 606 0290 79050000 		.4byte	.LASF93
 607 0294 05       		.byte	0x5
 608 0295 06       		.uleb128 0x6
 609 0296 3B0B0000 		.4byte	.LASF94
 610 029a 06       		.byte	0x6
 611 029b 06       		.uleb128 0x6
 612 029c 29030000 		.4byte	.LASF95
 613 02a0 07       		.byte	0x7
 614 02a1 06       		.uleb128 0x6
 615 02a2 AA0B0000 		.4byte	.LASF96
 616 02a6 08       		.byte	0x8
 617 02a7 06       		.uleb128 0x6
 618 02a8 0C0F0000 		.4byte	.LASF97
 619 02ac 09       		.byte	0x9
 620 02ad 06       		.uleb128 0x6
 621 02ae 8F0A0000 		.4byte	.LASF98
 622 02b2 0A       		.byte	0xa
 623 02b3 06       		.uleb128 0x6
 624 02b4 370C0000 		.4byte	.LASF99
 625 02b8 0B       		.byte	0xb
 626 02b9 06       		.uleb128 0x6
 627 02ba 7D020000 		.4byte	.LASF100
 628 02be 0C       		.byte	0xc
 629 02bf 06       		.uleb128 0x6
 630 02c0 E3010000 		.4byte	.LASF101
 631 02c4 0D       		.byte	0xd
 632 02c5 06       		.uleb128 0x6
 633 02c6 B6050000 		.4byte	.LASF102
 634 02ca 0E       		.byte	0xe
 635 02cb 06       		.uleb128 0x6
 636 02cc C00E0000 		.4byte	.LASF103
 637 02d0 0F       		.byte	0xf
 638 02d1 06       		.uleb128 0x6
 639 02d2 2C0D0000 		.4byte	.LASF104
 640 02d6 10       		.byte	0x10
 641 02d7 06       		.uleb128 0x6
 642 02d8 9A060000 		.4byte	.LASF105
 643 02dc 11       		.byte	0x11
ARM GAS  C:\Users\cnpan\AppData\Local\Temp\ccOjjtvo.s 			page 14


 644 02dd 06       		.uleb128 0x6
 645 02de F2030000 		.4byte	.LASF106
 646 02e2 12       		.byte	0x12
 647 02e3 06       		.uleb128 0x6
 648 02e4 B60F0000 		.4byte	.LASF107
 649 02e8 13       		.byte	0x13
 650 02e9 06       		.uleb128 0x6
 651 02ea 07030000 		.4byte	.LASF108
 652 02ee 27       		.byte	0x27
 653 02ef 06       		.uleb128 0x6
 654 02f0 070D0000 		.4byte	.LASF109
 655 02f4 28       		.byte	0x28
 656 02f5 06       		.uleb128 0x6
 657 02f6 A40E0000 		.4byte	.LASF110
 658 02fa 29       		.byte	0x29
 659 02fb 06       		.uleb128 0x6
 660 02fc C6010000 		.4byte	.LASF111
 661 0300 2A       		.byte	0x2a
 662 0301 06       		.uleb128 0x6
 663 0302 F3000000 		.4byte	.LASF112
 664 0306 2B       		.byte	0x2b
 665 0307 06       		.uleb128 0x6
 666 0308 F0080000 		.4byte	.LASF113
 667 030c 2C       		.byte	0x2c
 668 030d 06       		.uleb128 0x6
 669 030e 880E0000 		.4byte	.LASF114
 670 0312 FE       		.byte	0xfe
 671 0313 06       		.uleb128 0x6
 672 0314 E0080000 		.4byte	.LASF115
 673 0318 FF       		.byte	0xff
 674 0319 07       		.uleb128 0x7
 675 031a CD060000 		.4byte	.LASF116
 676 031e 0001     		.2byte	0x100
 677 0320 07       		.uleb128 0x7
 678 0321 020A0000 		.4byte	.LASF117
 679 0325 0101     		.2byte	0x101
 680 0327 07       		.uleb128 0x7
 681 0328 A90A0000 		.4byte	.LASF118
 682 032c 0201     		.2byte	0x102
 683 032e 07       		.uleb128 0x7
 684 032f 76030000 		.4byte	.LASF119
 685 0333 0301     		.2byte	0x103
 686 0335 07       		.uleb128 0x7
 687 0336 0F0C0000 		.4byte	.LASF120
 688 033a 0401     		.2byte	0x104
 689 033c 00       		.byte	0
 690 033d 04       		.uleb128 0x4
 691 033e CE090000 		.4byte	.LASF121
 692 0342 03       		.byte	0x3
 693 0343 7104     		.2byte	0x471
 694 0345 64020000 		.4byte	0x264
 695 0349 08       		.uleb128 0x8
 696 034a 04       		.byte	0x4
 697 034b 6B000000 		.4byte	0x6b
 698 034f 09       		.uleb128 0x9
 699 0350 02       		.byte	0x2
 700 0351 04       		.byte	0x4
ARM GAS  C:\Users\cnpan\AppData\Local\Temp\ccOjjtvo.s 			page 15


 701 0352 9301     		.2byte	0x193
 702 0354 73030000 		.4byte	0x373
 703 0358 0A       		.uleb128 0xa
 704 0359 450F0000 		.4byte	.LASF122
 705 035d 04       		.byte	0x4
 706 035e 9A01     		.2byte	0x19a
 707 0360 6B000000 		.4byte	0x6b
 708 0364 00       		.byte	0
 709 0365 0A       		.uleb128 0xa
 710 0366 A5080000 		.4byte	.LASF123
 711 036a 04       		.byte	0x4
 712 036b A001     		.2byte	0x1a0
 713 036d 6B000000 		.4byte	0x6b
 714 0371 01       		.byte	0x1
 715 0372 00       		.byte	0
 716 0373 04       		.uleb128 0x4
 717 0374 65000000 		.4byte	.LASF124
 718 0378 04       		.byte	0x4
 719 0379 A201     		.2byte	0x1a2
 720 037b 4F030000 		.4byte	0x34f
 721 037f 0B       		.uleb128 0xb
 722 0380 01       		.byte	0x1
 723 0381 2C000000 		.4byte	0x2c
 724 0385 05       		.byte	0x5
 725 0386 22       		.byte	0x22
 726 0387 98030000 		.4byte	0x398
 727 038b 06       		.uleb128 0x6
 728 038c 90030000 		.4byte	.LASF125
 729 0390 00       		.byte	0
 730 0391 06       		.uleb128 0x6
 731 0392 550B0000 		.4byte	.LASF126
 732 0396 01       		.byte	0x1
 733 0397 00       		.byte	0
 734 0398 05       		.uleb128 0x5
 735 0399 01       		.byte	0x1
 736 039a 2C000000 		.4byte	0x2c
 737 039e 06       		.byte	0x6
 738 039f 9308     		.2byte	0x893
 739 03a1 CA030000 		.4byte	0x3ca
 740 03a5 06       		.uleb128 0x6
 741 03a6 000C0000 		.4byte	.LASF127
 742 03aa 00       		.byte	0
 743 03ab 06       		.uleb128 0x6
 744 03ac 990C0000 		.4byte	.LASF128
 745 03b0 01       		.byte	0x1
 746 03b1 06       		.uleb128 0x6
 747 03b2 570C0000 		.4byte	.LASF129
 748 03b6 02       		.byte	0x2
 749 03b7 06       		.uleb128 0x6
 750 03b8 62040000 		.4byte	.LASF130
 751 03bc 02       		.byte	0x2
 752 03bd 06       		.uleb128 0x6
 753 03be BE060000 		.4byte	.LASF131
 754 03c2 03       		.byte	0x3
 755 03c3 06       		.uleb128 0x6
 756 03c4 EF0B0000 		.4byte	.LASF132
 757 03c8 04       		.byte	0x4
ARM GAS  C:\Users\cnpan\AppData\Local\Temp\ccOjjtvo.s 			page 16


 758 03c9 00       		.byte	0
 759 03ca 0C       		.uleb128 0xc
 760 03cb DF050000 		.4byte	.LASF145
 761 03cf 01       		.byte	0x1
 762 03d0 0D       		.byte	0xd
 763 03d1 00000000 		.4byte	.LFB37
 764 03d5 2C000000 		.4byte	.LFE37-.LFB37
 765 03d9 01       		.uleb128 0x1
 766 03da 9C       		.byte	0x9c
 767 03db 0D       		.uleb128 0xd
 768 03dc 840A0000 		.4byte	.LASF135
 769 03e0 01       		.byte	0x1
 770 03e1 1B       		.byte	0x1b
 771 03e2 00000000 		.4byte	.LFB38
 772 03e6 A8000000 		.4byte	.LFE38-.LFB38
 773 03ea 01       		.uleb128 0x1
 774 03eb 9C       		.byte	0x9c
 775 03ec 21040000 		.4byte	0x421
 776 03f0 0E       		.uleb128 0xe
 777 03f1 A6030000 		.4byte	.LASF137
 778 03f5 01       		.byte	0x1
 779 03f6 1B       		.byte	0x1b
 780 03f7 6B000000 		.4byte	0x6b
 781 03fb 02       		.uleb128 0x2
 782 03fc 91       		.byte	0x91
 783 03fd 77       		.sleb128 -9
 784 03fe 0F       		.uleb128 0xf
 785 03ff 1B0A0000 		.4byte	.LASF133
 786 0403 01       		.byte	0x1
 787 0404 1D       		.byte	0x1d
 788 0405 77000000 		.4byte	0x77
 789 0409 05       		.uleb128 0x5
 790 040a 03       		.byte	0x3
 791 040b 00000000 		.4byte	led_scanning_counter.7305
 792 040f 0F       		.uleb128 0xf
 793 0410 98070000 		.4byte	.LASF134
 794 0414 01       		.byte	0x1
 795 0415 1E       		.byte	0x1e
 796 0416 77000000 		.4byte	0x77
 797 041a 05       		.uleb128 0x5
 798 041b 03       		.byte	0x3
 799 041c 02000000 		.4byte	led_discovery_counter.7306
 800 0420 00       		.byte	0
 801 0421 0D       		.uleb128 0xd
 802 0422 57080000 		.4byte	.LASF136
 803 0426 01       		.byte	0x1
 804 0427 47       		.byte	0x47
 805 0428 00000000 		.4byte	.LFB39
 806 042c 40000000 		.4byte	.LFE39-.LFB39
 807 0430 01       		.uleb128 0x1
 808 0431 9C       		.byte	0x9c
 809 0432 53040000 		.4byte	0x453
 810 0436 0E       		.uleb128 0xe
 811 0437 97040000 		.4byte	.LASF138
 812 043b 01       		.byte	0x1
 813 043c 47       		.byte	0x47
 814 043d 49030000 		.4byte	0x349
ARM GAS  C:\Users\cnpan\AppData\Local\Temp\ccOjjtvo.s 			page 17


 815 0441 02       		.uleb128 0x2
 816 0442 91       		.byte	0x91
 817 0443 64       		.sleb128 -28
 818 0444 0F       		.uleb128 0xf
 819 0445 C4090000 		.4byte	.LASF139
 820 0449 01       		.byte	0x1
 821 044a 49       		.byte	0x49
 822 044b 3D030000 		.4byte	0x33d
 823 044f 02       		.uleb128 0x2
 824 0450 91       		.byte	0x91
 825 0451 6E       		.sleb128 -18
 826 0452 00       		.byte	0
 827 0453 10       		.uleb128 0x10
 828 0454 79000000 		.4byte	.LASF140
 829 0458 01       		.byte	0x1
 830 0459 04       		.byte	0x4
 831 045a 73030000 		.4byte	0x373
 832 045e 11       		.uleb128 0x11
 833 045f 4E0A0000 		.4byte	.LASF141
 834 0463 01       		.byte	0x1
 835 0464 0B       		.byte	0xb
 836 0465 6B000000 		.4byte	0x6b
 837 0469 05       		.uleb128 0x5
 838 046a 03       		.byte	0x3
 839 046b 00000000 		.4byte	iasLevel
 840 046f 00       		.byte	0
 841              		.section	.debug_abbrev,"",%progbits
 842              	.Ldebug_abbrev0:
 843 0000 01       		.uleb128 0x1
 844 0001 11       		.uleb128 0x11
 845 0002 01       		.byte	0x1
 846 0003 25       		.uleb128 0x25
 847 0004 0E       		.uleb128 0xe
 848 0005 13       		.uleb128 0x13
 849 0006 0B       		.uleb128 0xb
 850 0007 03       		.uleb128 0x3
 851 0008 0E       		.uleb128 0xe
 852 0009 1B       		.uleb128 0x1b
 853 000a 0E       		.uleb128 0xe
 854 000b 55       		.uleb128 0x55
 855 000c 17       		.uleb128 0x17
 856 000d 11       		.uleb128 0x11
 857 000e 01       		.uleb128 0x1
 858 000f 10       		.uleb128 0x10
 859 0010 17       		.uleb128 0x17
 860 0011 00       		.byte	0
 861 0012 00       		.byte	0
 862 0013 02       		.uleb128 0x2
 863 0014 24       		.uleb128 0x24
 864 0015 00       		.byte	0
 865 0016 0B       		.uleb128 0xb
 866 0017 0B       		.uleb128 0xb
 867 0018 3E       		.uleb128 0x3e
 868 0019 0B       		.uleb128 0xb
 869 001a 03       		.uleb128 0x3
 870 001b 0E       		.uleb128 0xe
 871 001c 00       		.byte	0
ARM GAS  C:\Users\cnpan\AppData\Local\Temp\ccOjjtvo.s 			page 18


 872 001d 00       		.byte	0
 873 001e 03       		.uleb128 0x3
 874 001f 24       		.uleb128 0x24
 875 0020 00       		.byte	0
 876 0021 0B       		.uleb128 0xb
 877 0022 0B       		.uleb128 0xb
 878 0023 3E       		.uleb128 0x3e
 879 0024 0B       		.uleb128 0xb
 880 0025 03       		.uleb128 0x3
 881 0026 08       		.uleb128 0x8
 882 0027 00       		.byte	0
 883 0028 00       		.byte	0
 884 0029 04       		.uleb128 0x4
 885 002a 16       		.uleb128 0x16
 886 002b 00       		.byte	0
 887 002c 03       		.uleb128 0x3
 888 002d 0E       		.uleb128 0xe
 889 002e 3A       		.uleb128 0x3a
 890 002f 0B       		.uleb128 0xb
 891 0030 3B       		.uleb128 0x3b
 892 0031 05       		.uleb128 0x5
 893 0032 49       		.uleb128 0x49
 894 0033 13       		.uleb128 0x13
 895 0034 00       		.byte	0
 896 0035 00       		.byte	0
 897 0036 05       		.uleb128 0x5
 898 0037 04       		.uleb128 0x4
 899 0038 01       		.byte	0x1
 900 0039 0B       		.uleb128 0xb
 901 003a 0B       		.uleb128 0xb
 902 003b 49       		.uleb128 0x49
 903 003c 13       		.uleb128 0x13
 904 003d 3A       		.uleb128 0x3a
 905 003e 0B       		.uleb128 0xb
 906 003f 3B       		.uleb128 0x3b
 907 0040 05       		.uleb128 0x5
 908 0041 01       		.uleb128 0x1
 909 0042 13       		.uleb128 0x13
 910 0043 00       		.byte	0
 911 0044 00       		.byte	0
 912 0045 06       		.uleb128 0x6
 913 0046 28       		.uleb128 0x28
 914 0047 00       		.byte	0
 915 0048 03       		.uleb128 0x3
 916 0049 0E       		.uleb128 0xe
 917 004a 1C       		.uleb128 0x1c
 918 004b 0B       		.uleb128 0xb
 919 004c 00       		.byte	0
 920 004d 00       		.byte	0
 921 004e 07       		.uleb128 0x7
 922 004f 28       		.uleb128 0x28
 923 0050 00       		.byte	0
 924 0051 03       		.uleb128 0x3
 925 0052 0E       		.uleb128 0xe
 926 0053 1C       		.uleb128 0x1c
 927 0054 05       		.uleb128 0x5
 928 0055 00       		.byte	0
ARM GAS  C:\Users\cnpan\AppData\Local\Temp\ccOjjtvo.s 			page 19


 929 0056 00       		.byte	0
 930 0057 08       		.uleb128 0x8
 931 0058 0F       		.uleb128 0xf
 932 0059 00       		.byte	0
 933 005a 0B       		.uleb128 0xb
 934 005b 0B       		.uleb128 0xb
 935 005c 49       		.uleb128 0x49
 936 005d 13       		.uleb128 0x13
 937 005e 00       		.byte	0
 938 005f 00       		.byte	0
 939 0060 09       		.uleb128 0x9
 940 0061 13       		.uleb128 0x13
 941 0062 01       		.byte	0x1
 942 0063 0B       		.uleb128 0xb
 943 0064 0B       		.uleb128 0xb
 944 0065 3A       		.uleb128 0x3a
 945 0066 0B       		.uleb128 0xb
 946 0067 3B       		.uleb128 0x3b
 947 0068 05       		.uleb128 0x5
 948 0069 01       		.uleb128 0x1
 949 006a 13       		.uleb128 0x13
 950 006b 00       		.byte	0
 951 006c 00       		.byte	0
 952 006d 0A       		.uleb128 0xa
 953 006e 0D       		.uleb128 0xd
 954 006f 00       		.byte	0
 955 0070 03       		.uleb128 0x3
 956 0071 0E       		.uleb128 0xe
 957 0072 3A       		.uleb128 0x3a
 958 0073 0B       		.uleb128 0xb
 959 0074 3B       		.uleb128 0x3b
 960 0075 05       		.uleb128 0x5
 961 0076 49       		.uleb128 0x49
 962 0077 13       		.uleb128 0x13
 963 0078 38       		.uleb128 0x38
 964 0079 0B       		.uleb128 0xb
 965 007a 00       		.byte	0
 966 007b 00       		.byte	0
 967 007c 0B       		.uleb128 0xb
 968 007d 04       		.uleb128 0x4
 969 007e 01       		.byte	0x1
 970 007f 0B       		.uleb128 0xb
 971 0080 0B       		.uleb128 0xb
 972 0081 49       		.uleb128 0x49
 973 0082 13       		.uleb128 0x13
 974 0083 3A       		.uleb128 0x3a
 975 0084 0B       		.uleb128 0xb
 976 0085 3B       		.uleb128 0x3b
 977 0086 0B       		.uleb128 0xb
 978 0087 01       		.uleb128 0x1
 979 0088 13       		.uleb128 0x13
 980 0089 00       		.byte	0
 981 008a 00       		.byte	0
 982 008b 0C       		.uleb128 0xc
 983 008c 2E       		.uleb128 0x2e
 984 008d 00       		.byte	0
 985 008e 3F       		.uleb128 0x3f
ARM GAS  C:\Users\cnpan\AppData\Local\Temp\ccOjjtvo.s 			page 20


 986 008f 19       		.uleb128 0x19
 987 0090 03       		.uleb128 0x3
 988 0091 0E       		.uleb128 0xe
 989 0092 3A       		.uleb128 0x3a
 990 0093 0B       		.uleb128 0xb
 991 0094 3B       		.uleb128 0x3b
 992 0095 0B       		.uleb128 0xb
 993 0096 27       		.uleb128 0x27
 994 0097 19       		.uleb128 0x19
 995 0098 11       		.uleb128 0x11
 996 0099 01       		.uleb128 0x1
 997 009a 12       		.uleb128 0x12
 998 009b 06       		.uleb128 0x6
 999 009c 40       		.uleb128 0x40
 1000 009d 18       		.uleb128 0x18
 1001 009e 9642     		.uleb128 0x2116
 1002 00a0 19       		.uleb128 0x19
 1003 00a1 00       		.byte	0
 1004 00a2 00       		.byte	0
 1005 00a3 0D       		.uleb128 0xd
 1006 00a4 2E       		.uleb128 0x2e
 1007 00a5 01       		.byte	0x1
 1008 00a6 3F       		.uleb128 0x3f
 1009 00a7 19       		.uleb128 0x19
 1010 00a8 03       		.uleb128 0x3
 1011 00a9 0E       		.uleb128 0xe
 1012 00aa 3A       		.uleb128 0x3a
 1013 00ab 0B       		.uleb128 0xb
 1014 00ac 3B       		.uleb128 0x3b
 1015 00ad 0B       		.uleb128 0xb
 1016 00ae 27       		.uleb128 0x27
 1017 00af 19       		.uleb128 0x19
 1018 00b0 11       		.uleb128 0x11
 1019 00b1 01       		.uleb128 0x1
 1020 00b2 12       		.uleb128 0x12
 1021 00b3 06       		.uleb128 0x6
 1022 00b4 40       		.uleb128 0x40
 1023 00b5 18       		.uleb128 0x18
 1024 00b6 9642     		.uleb128 0x2116
 1025 00b8 19       		.uleb128 0x19
 1026 00b9 01       		.uleb128 0x1
 1027 00ba 13       		.uleb128 0x13
 1028 00bb 00       		.byte	0
 1029 00bc 00       		.byte	0
 1030 00bd 0E       		.uleb128 0xe
 1031 00be 05       		.uleb128 0x5
 1032 00bf 00       		.byte	0
 1033 00c0 03       		.uleb128 0x3
 1034 00c1 0E       		.uleb128 0xe
 1035 00c2 3A       		.uleb128 0x3a
 1036 00c3 0B       		.uleb128 0xb
 1037 00c4 3B       		.uleb128 0x3b
 1038 00c5 0B       		.uleb128 0xb
 1039 00c6 49       		.uleb128 0x49
 1040 00c7 13       		.uleb128 0x13
 1041 00c8 02       		.uleb128 0x2
 1042 00c9 18       		.uleb128 0x18
ARM GAS  C:\Users\cnpan\AppData\Local\Temp\ccOjjtvo.s 			page 21


 1043 00ca 00       		.byte	0
 1044 00cb 00       		.byte	0
 1045 00cc 0F       		.uleb128 0xf
 1046 00cd 34       		.uleb128 0x34
 1047 00ce 00       		.byte	0
 1048 00cf 03       		.uleb128 0x3
 1049 00d0 0E       		.uleb128 0xe
 1050 00d1 3A       		.uleb128 0x3a
 1051 00d2 0B       		.uleb128 0xb
 1052 00d3 3B       		.uleb128 0x3b
 1053 00d4 0B       		.uleb128 0xb
 1054 00d5 49       		.uleb128 0x49
 1055 00d6 13       		.uleb128 0x13
 1056 00d7 02       		.uleb128 0x2
 1057 00d8 18       		.uleb128 0x18
 1058 00d9 00       		.byte	0
 1059 00da 00       		.byte	0
 1060 00db 10       		.uleb128 0x10
 1061 00dc 34       		.uleb128 0x34
 1062 00dd 00       		.byte	0
 1063 00de 03       		.uleb128 0x3
 1064 00df 0E       		.uleb128 0xe
 1065 00e0 3A       		.uleb128 0x3a
 1066 00e1 0B       		.uleb128 0xb
 1067 00e2 3B       		.uleb128 0x3b
 1068 00e3 0B       		.uleb128 0xb
 1069 00e4 49       		.uleb128 0x49
 1070 00e5 13       		.uleb128 0x13
 1071 00e6 3F       		.uleb128 0x3f
 1072 00e7 19       		.uleb128 0x19
 1073 00e8 3C       		.uleb128 0x3c
 1074 00e9 19       		.uleb128 0x19
 1075 00ea 00       		.byte	0
 1076 00eb 00       		.byte	0
 1077 00ec 11       		.uleb128 0x11
 1078 00ed 34       		.uleb128 0x34
 1079 00ee 00       		.byte	0
 1080 00ef 03       		.uleb128 0x3
 1081 00f0 0E       		.uleb128 0xe
 1082 00f1 3A       		.uleb128 0x3a
 1083 00f2 0B       		.uleb128 0xb
 1084 00f3 3B       		.uleb128 0x3b
 1085 00f4 0B       		.uleb128 0xb
 1086 00f5 49       		.uleb128 0x49
 1087 00f6 13       		.uleb128 0x13
 1088 00f7 3F       		.uleb128 0x3f
 1089 00f8 19       		.uleb128 0x19
 1090 00f9 02       		.uleb128 0x2
 1091 00fa 18       		.uleb128 0x18
 1092 00fb 00       		.byte	0
 1093 00fc 00       		.byte	0
 1094 00fd 00       		.byte	0
 1095              		.section	.debug_aranges,"",%progbits
 1096 0000 2C000000 		.4byte	0x2c
 1097 0004 0200     		.2byte	0x2
 1098 0006 00000000 		.4byte	.Ldebug_info0
 1099 000a 04       		.byte	0x4
ARM GAS  C:\Users\cnpan\AppData\Local\Temp\ccOjjtvo.s 			page 22


 1100 000b 00       		.byte	0
 1101 000c 0000     		.2byte	0
 1102 000e 0000     		.2byte	0
 1103 0010 00000000 		.4byte	.LFB37
 1104 0014 2C000000 		.4byte	.LFE37-.LFB37
 1105 0018 00000000 		.4byte	.LFB38
 1106 001c A8000000 		.4byte	.LFE38-.LFB38
 1107 0020 00000000 		.4byte	.LFB39
 1108 0024 40000000 		.4byte	.LFE39-.LFB39
 1109 0028 00000000 		.4byte	0
 1110 002c 00000000 		.4byte	0
 1111              		.section	.debug_ranges,"",%progbits
 1112              	.Ldebug_ranges0:
 1113 0000 00000000 		.4byte	.LFB37
 1114 0004 2C000000 		.4byte	.LFE37
 1115 0008 00000000 		.4byte	.LFB38
 1116 000c A8000000 		.4byte	.LFE38
 1117 0010 00000000 		.4byte	.LFB39
 1118 0014 40000000 		.4byte	.LFE39
 1119 0018 00000000 		.4byte	0
 1120 001c 00000000 		.4byte	0
 1121              		.section	.debug_line,"",%progbits
 1122              	.Ldebug_line0:
 1123 0000 EE000000 		.section	.debug_str,"MS",%progbits,1
 1123      02009100 
 1123      00000201 
 1123      FB0E0D00 
 1123      01010101 
 1124              	.LASF80:
 1125 0000 4359424C 		.ascii	"CYBLE_EVT_L2CAP_CBFC_RX_CREDIT_IND\000"
 1125      455F4556 
 1125      545F4C32 
 1125      4341505F 
 1125      43424643 
 1126              	.LASF21:
 1127 0023 4359424C 		.ascii	"CYBLE_EVT_STACK_BUSY_STATUS\000"
 1127      455F4556 
 1127      545F5354 
 1127      41434B5F 
 1127      42555359 
 1128              	.LASF10:
 1129 003f 75696E74 		.ascii	"uint16\000"
 1129      313600
 1130              	.LASF79:
 1131 0046 4359424C 		.ascii	"CYBLE_EVT_L2CAP_CBFC_DATA_READ\000"
 1131      455F4556 
 1131      545F4C32 
 1131      4341505F 
 1131      43424643 
 1132              	.LASF124:
 1133 0065 4359424C 		.ascii	"CYBLE_CONN_HANDLE_T\000"
 1133      455F434F 
 1133      4E4E5F48 
 1133      414E444C 
 1133      455F5400 
 1134              	.LASF140:
 1135 0079 636F6E6E 		.ascii	"connHandle\000"
ARM GAS  C:\Users\cnpan\AppData\Local\Temp\ccOjjtvo.s 			page 23


 1135      48616E64 
 1135      6C6500
 1136              	.LASF91:
 1137 0084 4359424C 		.ascii	"CYBLE_ERROR_MEMORY_ALLOCATION_FAILED\000"
 1137      455F4552 
 1137      524F525F 
 1137      4D454D4F 
 1137      52595F41 
 1138              	.LASF33:
 1139 00a9 4359424C 		.ascii	"CYBLE_EVT_GAP_CONNECTION_UPDATE_COMPLETE\000"
 1139      455F4556 
 1139      545F4741 
 1139      505F434F 
 1139      4E4E4543 
 1140              	.LASF78:
 1141 00d2 4359424C 		.ascii	"CYBLE_EVT_L2CAP_CBFC_DISCONN_CNF\000"
 1141      455F4556 
 1141      545F4C32 
 1141      4341505F 
 1141      43424643 
 1142              	.LASF112:
 1143 00f3 4359424C 		.ascii	"CYBLE_ERROR_UNSUPPORTED_FEATURE_OR_PARAMETER_VALUE\000"
 1143      455F4552 
 1143      524F525F 
 1143      554E5355 
 1143      50504F52 
 1144              	.LASF38:
 1145 0126 4359424C 		.ascii	"CYBLE_EVT_GAP_OOB_GENERATED_NOTIFICATION\000"
 1145      455F4556 
 1145      545F4741 
 1145      505F4F4F 
 1145      425F4745 
 1146              	.LASF58:
 1147 014f 4359424C 		.ascii	"CYBLE_EVT_GATTC_READ_MULTI_RSP\000"
 1147      455F4556 
 1147      545F4741 
 1147      5454435F 
 1147      52454144 
 1148              	.LASF63:
 1149 016e 4359424C 		.ascii	"CYBLE_EVT_GATTS_EXEC_WRITE_REQ\000"
 1149      455F4556 
 1149      545F4741 
 1149      5454535F 
 1149      45584543 
 1150              	.LASF75:
 1151 018d 4359424C 		.ascii	"CYBLE_EVT_L2CAP_CBFC_CONN_IND\000"
 1151      455F4556 
 1151      545F4C32 
 1151      4341505F 
 1151      43424643 
 1152              	.LASF18:
 1153 01ab 4359424C 		.ascii	"CYBLE_EVT_TIMEOUT\000"
 1153      455F4556 
 1153      545F5449 
 1153      4D454F55 
 1153      5400
 1154              	.LASF4:
ARM GAS  C:\Users\cnpan\AppData\Local\Temp\ccOjjtvo.s 			page 24


 1155 01bd 6C6F6E67 		.ascii	"long int\000"
 1155      20696E74 
 1155      00
 1156              	.LASF111:
 1157 01c6 4359424C 		.ascii	"CYBLE_ERROR_HARDWARE_FAILURE\000"
 1157      455F4552 
 1157      524F525F 
 1157      48415244 
 1157      57415245 
 1158              	.LASF101:
 1159 01e3 4359424C 		.ascii	"CYBLE_ERROR_L2CAP_PSM_WRONG_ENCODING\000"
 1159      455F4552 
 1159      524F525F 
 1159      4C324341 
 1159      505F5053 
 1160              	.LASF92:
 1161 0208 4359424C 		.ascii	"CYBLE_ERROR_INSUFFICIENT_RESOURCES\000"
 1161      455F4552 
 1161      524F525F 
 1161      494E5355 
 1161      46464943 
 1162              	.LASF20:
 1163 022b 4359424C 		.ascii	"CYBLE_EVT_HCI_STATUS\000"
 1163      455F4556 
 1163      545F4843 
 1163      495F5354 
 1163      41545553 
 1164              	.LASF34:
 1165 0240 4359424C 		.ascii	"CYBLE_EVT_GAPC_SCAN_START_STOP\000"
 1165      455F4556 
 1165      545F4741 
 1165      50435F53 
 1165      43414E5F 
 1166              	.LASF83:
 1167 025f 4359424C 		.ascii	"CYBLE_EVT_PENDING_FLASH_WRITE\000"
 1167      455F4556 
 1167      545F5045 
 1167      4E44494E 
 1167      475F464C 
 1168              	.LASF100:
 1169 027d 4359424C 		.ascii	"CYBLE_ERROR_SEC_FAILED\000"
 1169      455F4552 
 1169      524F525F 
 1169      5345435F 
 1169      4641494C 
 1170              	.LASF32:
 1171 0294 4359424C 		.ascii	"CYBLE_EVT_GAP_ENCRYPT_CHANGE\000"
 1171      455F4556 
 1171      545F4741 
 1171      505F454E 
 1171      43525950 
 1172              	.LASF36:
 1173 02b1 4359424C 		.ascii	"CYBLE_EVT_GAP_NUMERIC_COMPARISON_REQUEST\000"
 1173      455F4556 
 1173      545F4741 
 1173      505F4E55 
 1173      4D455249 
ARM GAS  C:\Users\cnpan\AppData\Local\Temp\ccOjjtvo.s 			page 25


 1174              	.LASF6:
 1175 02da 6C6F6E67 		.ascii	"long long int\000"
 1175      206C6F6E 
 1175      6720696E 
 1175      7400
 1176              	.LASF0:
 1177 02e8 7369676E 		.ascii	"signed char\000"
 1177      65642063 
 1177      68617200 
 1178              	.LASF17:
 1179 02f4 4359424C 		.ascii	"CYBLE_EVT_STACK_ON\000"
 1179      455F4556 
 1179      545F5354 
 1179      41434B5F 
 1179      4F4E00
 1180              	.LASF108:
 1181 0307 4359424C 		.ascii	"CYBLE_ERROR_DEVICE_ALREADY_EXISTS\000"
 1181      455F4552 
 1181      524F525F 
 1181      44455649 
 1181      43455F41 
 1182              	.LASF95:
 1183 0329 4359424C 		.ascii	"CYBLE_ERROR_NO_DEVICE_ENTITY\000"
 1183      455F4552 
 1183      524F525F 
 1183      4E4F5F44 
 1183      45564943 
 1184              	.LASF24:
 1185 0346 4359424C 		.ascii	"CYBLE_EVT_GAP_AUTH_REQ\000"
 1185      455F4556 
 1185      545F4741 
 1185      505F4155 
 1185      54485F52 
 1186              	.LASF56:
 1187 035d 4359424C 		.ascii	"CYBLE_EVT_GATTC_READ_RSP\000"
 1187      455F4556 
 1187      545F4741 
 1187      5454435F 
 1187      52454144 
 1188              	.LASF119:
 1189 0376 4359424C 		.ascii	"CYBLE_ERROR_INVALID_STATE\000"
 1189      455F4552 
 1189      524F525F 
 1189      494E5641 
 1189      4C49445F 
 1190              	.LASF125:
 1191 0390 4359424C 		.ascii	"CYBLE_IAS_ALERT_LEVEL\000"
 1191      455F4941 
 1191      535F414C 
 1191      4552545F 
 1191      4C455645 
 1192              	.LASF137:
 1193 03a6 73746174 		.ascii	"state\000"
 1193      6500
 1194              	.LASF61:
 1195 03ac 4359424C 		.ascii	"CYBLE_EVT_GATTS_WRITE_CMD_REQ\000"
 1195      455F4556 
ARM GAS  C:\Users\cnpan\AppData\Local\Temp\ccOjjtvo.s 			page 26


 1195      545F4741 
 1195      5454535F 
 1195      57524954 
 1196              	.LASF29:
 1197 03ca 4359424C 		.ascii	"CYBLE_EVT_GAPP_ADVERTISEMENT_START_STOP\000"
 1197      455F4556 
 1197      545F4741 
 1197      50505F41 
 1197      44564552 
 1198              	.LASF106:
 1199 03f2 4359424C 		.ascii	"CYBLE_ERROR_L2CAP_PSM_NOT_IN_RANGE\000"
 1199      455F4552 
 1199      524F525F 
 1199      4C324341 
 1199      505F5053 
 1200              	.LASF9:
 1201 0415 75696E74 		.ascii	"uint8\000"
 1201      3800
 1202              	.LASF64:
 1203 041b 4359424C 		.ascii	"CYBLE_EVT_GATTC_EXEC_WRITE_RSP\000"
 1203      455F4556 
 1203      545F4741 
 1203      5454435F 
 1203      45584543 
 1204              	.LASF12:
 1205 043a 646F7562 		.ascii	"double\000"
 1205      6C6500
 1206              	.LASF77:
 1207 0441 4359424C 		.ascii	"CYBLE_EVT_L2CAP_CBFC_DISCONN_IND\000"
 1207      455F4556 
 1207      545F4C32 
 1207      4341505F 
 1207      43424643 
 1208              	.LASF130:
 1209 0462 4359424C 		.ascii	"CYBLE_SRVI_CUSTOMS_END\000"
 1209      455F5352 
 1209      56495F43 
 1209      5553544F 
 1209      4D535F45 
 1210              	.LASF89:
 1211 0479 4359424C 		.ascii	"CYBLE_ERROR_INVALID_PARAMETER\000"
 1211      455F4552 
 1211      524F525F 
 1211      494E5641 
 1211      4C49445F 
 1212              	.LASF138:
 1213 0497 616C6572 		.ascii	"alertLevel\000"
 1213      744C6576 
 1213      656C00
 1214              	.LASF87:
 1215 04a2 4359424C 		.ascii	"CYBLE_EVT_MAX\000"
 1215      455F4556 
 1215      545F4D41 
 1215      5800
 1216              	.LASF88:
 1217 04b0 4359424C 		.ascii	"CYBLE_ERROR_OK\000"
 1217      455F4552 
ARM GAS  C:\Users\cnpan\AppData\Local\Temp\ccOjjtvo.s 			page 27


 1217      524F525F 
 1217      4F4B00
 1218              	.LASF47:
 1219 04bf 4359424C 		.ascii	"CYBLE_EVT_GATTC_ERROR_RSP\000"
 1219      455F4556 
 1219      545F4741 
 1219      5454435F 
 1219      4552524F 
 1220              	.LASF72:
 1221 04d9 4359424C 		.ascii	"CYBLE_EVT_L2CAP_CONN_PARAM_UPDATE_REQ\000"
 1221      455F4556 
 1221      545F4C32 
 1221      4341505F 
 1221      434F4E4E 
 1222              	.LASF82:
 1223 04ff 4359424C 		.ascii	"CYBLE_EVT_L2CAP_CBFC_DATA_WRITE_IND\000"
 1223      455F4556 
 1223      545F4C32 
 1223      4341505F 
 1223      43424643 
 1224              	.LASF44:
 1225 0523 4359424C 		.ascii	"CYBLE_EVT_GAP_SCAN_REQ_RECVD\000"
 1225      455F4556 
 1225      545F4741 
 1225      505F5343 
 1225      414E5F52 
 1226              	.LASF7:
 1227 0540 6C6F6E67 		.ascii	"long long unsigned int\000"
 1227      206C6F6E 
 1227      6720756E 
 1227      7369676E 
 1227      65642069 
 1228              	.LASF69:
 1229 0557 4359424C 		.ascii	"CYBLE_EVT_GATTC_STOP_CMD_COMPLETE\000"
 1229      455F4556 
 1229      545F4741 
 1229      5454435F 
 1229      53544F50 
 1230              	.LASF93:
 1231 0579 4359424C 		.ascii	"CYBLE_ERROR_OOB_NOT_AVAILABLE\000"
 1231      455F4552 
 1231      524F525F 
 1231      4F4F425F 
 1231      4E4F545F 
 1232              	.LASF84:
 1233 0597 4359424C 		.ascii	"CYBLE_EVT_LE_PING_AUTH_TIMEOUT\000"
 1233      455F4556 
 1233      545F4C45 
 1233      5F50494E 
 1233      475F4155 
 1234              	.LASF102:
 1235 05b6 4359424C 		.ascii	"CYBLE_ERROR_L2CAP_PSM_ALREADY_REGISTERED\000"
 1235      455F4552 
 1235      524F525F 
 1235      4C324341 
 1235      505F5053 
 1236              	.LASF145:
ARM GAS  C:\Users\cnpan\AppData\Local\Temp\ccOjjtvo.s 			page 28


 1237 05df 43686563 		.ascii	"CheckSwitchStatus\000"
 1237      6B537769 
 1237      74636853 
 1237      74617475 
 1237      7300
 1238              	.LASF5:
 1239 05f1 6C6F6E67 		.ascii	"long unsigned int\000"
 1239      20756E73 
 1239      69676E65 
 1239      6420696E 
 1239      7400
 1240              	.LASF43:
 1241 0603 4359424C 		.ascii	"CYBLE_EVT_GAP_CONN_ESTB\000"
 1241      455F4556 
 1241      545F4741 
 1241      505F434F 
 1241      4E4E5F45 
 1242              	.LASF59:
 1243 061b 4359424C 		.ascii	"CYBLE_EVT_GATTS_WRITE_REQ\000"
 1243      455F4556 
 1243      545F4741 
 1243      5454535F 
 1243      57524954 
 1244              	.LASF51:
 1245 0635 4359424C 		.ascii	"CYBLE_EVT_GATTC_XCHNG_MTU_RSP\000"
 1245      455F4556 
 1245      545F4741 
 1245      5454435F 
 1245      5843484E 
 1246              	.LASF68:
 1247 0653 4359424C 		.ascii	"CYBLE_EVT_GATTS_DATA_SIGNED_CMD_REQ\000"
 1247      455F4556 
 1247      545F4741 
 1247      5454535F 
 1247      44415441 
 1248              	.LASF71:
 1249 0677 4359424C 		.ascii	"CYBLE_EVT_GATTC_LONG_PROCEDURE_END\000"
 1249      455F4556 
 1249      545F4741 
 1249      5454435F 
 1249      4C4F4E47 
 1250              	.LASF105:
 1251 069a 4359424C 		.ascii	"CYBLE_ERROR_L2CAP_CHANNEL_NOT_FOUND\000"
 1251      455F4552 
 1251      524F525F 
 1251      4C324341 
 1251      505F4348 
 1252              	.LASF131:
 1253 06be 4359424C 		.ascii	"CYBLE_SRVI_IAS\000"
 1253      455F5352 
 1253      56495F49 
 1253      415300
 1254              	.LASF116:
 1255 06cd 4359424C 		.ascii	"CYBLE_ERROR_NTF_DISABLED\000"
 1255      455F4552 
 1255      524F525F 
 1255      4E54465F 
ARM GAS  C:\Users\cnpan\AppData\Local\Temp\ccOjjtvo.s 			page 29


 1255      44495341 
 1256              	.LASF16:
 1257 06e6 4359424C 		.ascii	"CYBLE_EVT_HOST_INVALID\000"
 1257      455F4556 
 1257      545F484F 
 1257      53545F49 
 1257      4E56414C 
 1258              	.LASF54:
 1259 06fd 4359424C 		.ascii	"CYBLE_EVT_GATTC_FIND_INFO_RSP\000"
 1259      455F4556 
 1259      545F4741 
 1259      5454435F 
 1259      46494E44 
 1260              	.LASF22:
 1261 071b 4359424C 		.ascii	"CYBLE_EVT_MEMORY_REQUEST\000"
 1261      455F4556 
 1261      545F4D45 
 1261      4D4F5259 
 1261      5F524551 
 1262              	.LASF25:
 1263 0734 4359424C 		.ascii	"CYBLE_EVT_GAP_PASSKEY_ENTRY_REQUEST\000"
 1263      455F4556 
 1263      545F4741 
 1263      505F5041 
 1263      53534B45 
 1264              	.LASF30:
 1265 0758 4359424C 		.ascii	"CYBLE_EVT_GAP_DEVICE_CONNECTED\000"
 1265      455F4556 
 1265      545F4741 
 1265      505F4445 
 1265      56494345 
 1266              	.LASF45:
 1267 0777 4359424C 		.ascii	"CYBLE_EVT_GAP_AUTH_REQ_REPLY_ERR\000"
 1267      455F4556 
 1267      545F4741 
 1267      505F4155 
 1267      54485F52 
 1268              	.LASF134:
 1269 0798 6C65645F 		.ascii	"led_discovery_counter\000"
 1269      64697363 
 1269      6F766572 
 1269      795F636F 
 1269      756E7465 
 1270              	.LASF142:
 1271 07ae 474E5520 		.ascii	"GNU C11 5.4.1 20160609 (release) [ARM/embedded-5-br"
 1271      43313120 
 1271      352E342E 
 1271      31203230 
 1271      31363036 
 1272 07e1 616E6368 		.ascii	"anch revision 237715] -mcpu=cortex-m0 -mthumb -g -O"
 1272      20726576 
 1272      6973696F 
 1272      6E203233 
 1272      37373135 
 1273 0814 30202D66 		.ascii	"0 -ffunction-sections -ffat-lto-objects\000"
 1273      66756E63 
 1273      74696F6E 
ARM GAS  C:\Users\cnpan\AppData\Local\Temp\ccOjjtvo.s 			page 30


 1273      2D736563 
 1273      74696F6E 
 1274              	.LASF48:
 1275 083c 4359424C 		.ascii	"CYBLE_EVT_GATT_CONNECT_IND\000"
 1275      455F4556 
 1275      545F4741 
 1275      54545F43 
 1275      4F4E4E45 
 1276              	.LASF136:
 1277 0857 53657441 		.ascii	"SetAlertLevel\000"
 1277      6C657274 
 1277      4C657665 
 1277      6C00
 1278              	.LASF74:
 1279 0865 4359424C 		.ascii	"CYBLE_EVT_L2CAP_COMMAND_REJ\000"
 1279      455F4556 
 1279      545F4C32 
 1279      4341505F 
 1279      434F4D4D 
 1280              	.LASF23:
 1281 0881 4359424C 		.ascii	"CYBLE_EVT_GAPC_SCAN_PROGRESS_RESULT\000"
 1281      455F4556 
 1281      545F4741 
 1281      50435F53 
 1281      43414E5F 
 1282              	.LASF123:
 1283 08a5 61747449 		.ascii	"attId\000"
 1283      6400
 1284              	.LASF46:
 1285 08ab 4359424C 		.ascii	"CYBLE_EVT_GAP_SMP_LOC_P256_KEYS_GEN_AND_SET_COMPLET"
 1285      455F4556 
 1285      545F4741 
 1285      505F534D 
 1285      505F4C4F 
 1286 08de 4500     		.ascii	"E\000"
 1287              	.LASF115:
 1288 08e0 4359424C 		.ascii	"CYBLE_ERROR_MAX\000"
 1288      455F4552 
 1288      524F525F 
 1288      4D415800 
 1289              	.LASF113:
 1290 08f0 4359424C 		.ascii	"CYBLE_ERROR_FLASH_WRITE\000"
 1290      455F4552 
 1290      524F525F 
 1290      464C4153 
 1290      485F5752 
 1291              	.LASF53:
 1292 0908 4359424C 		.ascii	"CYBLE_EVT_GATTC_READ_BY_TYPE_RSP\000"
 1292      455F4556 
 1292      545F4741 
 1292      5454435F 
 1292      52454144 
 1293              	.LASF15:
 1294 0929 73697A65 		.ascii	"sizetype\000"
 1294      74797065 
 1294      00
 1295              	.LASF28:
ARM GAS  C:\Users\cnpan\AppData\Local\Temp\ccOjjtvo.s 			page 31


 1296 0932 4359424C 		.ascii	"CYBLE_EVT_GAP_AUTH_FAILED\000"
 1296      455F4556 
 1296      545F4741 
 1296      505F4155 
 1296      54485F46 
 1297              	.LASF60:
 1298 094c 4359424C 		.ascii	"CYBLE_EVT_GATTC_WRITE_RSP\000"
 1298      455F4556 
 1298      545F4741 
 1298      5454435F 
 1298      57524954 
 1299              	.LASF41:
 1300 0966 4359424C 		.ascii	"CYBLE_EVT_GAPC_DIRECT_ADV_REPORT\000"
 1300      455F4556 
 1300      545F4741 
 1300      50435F44 
 1300      49524543 
 1301              	.LASF39:
 1302 0987 4359424C 		.ascii	"CYBLE_EVT_GAP_DATA_LENGTH_CHANGE\000"
 1302      455F4556 
 1302      545F4741 
 1302      505F4441 
 1302      54415F4C 
 1303              	.LASF27:
 1304 09a8 4359424C 		.ascii	"CYBLE_EVT_GAP_AUTH_COMPLETE\000"
 1304      455F4556 
 1304      545F4741 
 1304      505F4155 
 1304      54485F43 
 1305              	.LASF139:
 1306 09c4 61706952 		.ascii	"apiResult\000"
 1306      6573756C 
 1306      7400
 1307              	.LASF121:
 1308 09ce 4359424C 		.ascii	"CYBLE_API_RESULT_T\000"
 1308      455F4150 
 1308      495F5245 
 1308      53554C54 
 1308      5F5400
 1309              	.LASF65:
 1310 09e1 4359424C 		.ascii	"CYBLE_EVT_GATTC_HANDLE_VALUE_NTF\000"
 1310      455F4556 
 1310      545F4741 
 1310      5454435F 
 1310      48414E44 
 1311              	.LASF117:
 1312 0a02 4359424C 		.ascii	"CYBLE_ERROR_IND_DISABLED\000"
 1312      455F4552 
 1312      524F525F 
 1312      494E445F 
 1312      44495341 
 1313              	.LASF133:
 1314 0a1b 6C65645F 		.ascii	"led_scanning_counter\000"
 1314      7363616E 
 1314      6E696E67 
 1314      5F636F75 
 1314      6E746572 
ARM GAS  C:\Users\cnpan\AppData\Local\Temp\ccOjjtvo.s 			page 32


 1315              	.LASF76:
 1316 0a30 4359424C 		.ascii	"CYBLE_EVT_L2CAP_CBFC_CONN_CNF\000"
 1316      455F4556 
 1316      545F4C32 
 1316      4341505F 
 1316      43424643 
 1317              	.LASF141:
 1318 0a4e 6961734C 		.ascii	"iasLevel\000"
 1318      6576656C 
 1318      00
 1319              	.LASF52:
 1320 0a57 4359424C 		.ascii	"CYBLE_EVT_GATTC_READ_BY_GROUP_TYPE_RSP\000"
 1320      455F4556 
 1320      545F4741 
 1320      5454435F 
 1320      52454144 
 1321              	.LASF11:
 1322 0a7e 666C6F61 		.ascii	"float\000"
 1322      7400
 1323              	.LASF135:
 1324 0a84 48616E64 		.ascii	"HandleLEDs\000"
 1324      6C654C45 
 1324      447300
 1325              	.LASF98:
 1326 0a8f 4359424C 		.ascii	"CYBLE_ERROR_TX_POWER_READ\000"
 1326      455F4552 
 1326      524F525F 
 1326      54585F50 
 1326      4F574552 
 1327              	.LASF118:
 1328 0aa9 4359424C 		.ascii	"CYBLE_ERROR_CHAR_IS_NOT_DISCOVERED\000"
 1328      455F4552 
 1328      524F525F 
 1328      43484152 
 1328      5F49535F 
 1329              	.LASF1:
 1330 0acc 756E7369 		.ascii	"unsigned char\000"
 1330      676E6564 
 1330      20636861 
 1330      7200
 1331              	.LASF37:
 1332 0ada 4359424C 		.ascii	"CYBLE_EVT_GAP_KEYPRESS_NOTIFICATION\000"
 1332      455F4556 
 1332      545F4741 
 1332      505F4B45 
 1332      59505245 
 1333              	.LASF2:
 1334 0afe 73686F72 		.ascii	"short int\000"
 1334      7420696E 
 1334      7400
 1335              	.LASF66:
 1336 0b08 4359424C 		.ascii	"CYBLE_EVT_GATTC_HANDLE_VALUE_IND\000"
 1336      455F4556 
 1336      545F4741 
 1336      5454435F 
 1336      48414E44 
 1337              	.LASF85:
ARM GAS  C:\Users\cnpan\AppData\Local\Temp\ccOjjtvo.s 			page 33


 1338 0b29 4359424C 		.ascii	"CYBLE_EVT_HCI_PKT\000"
 1338      455F4556 
 1338      545F4843 
 1338      495F504B 
 1338      5400
 1339              	.LASF94:
 1340 0b3b 4359424C 		.ascii	"CYBLE_ERROR_NO_CONNECTION\000"
 1340      455F4552 
 1340      524F525F 
 1340      4E4F5F43 
 1340      4F4E4E45 
 1341              	.LASF126:
 1342 0b55 4359424C 		.ascii	"CYBLE_IAS_CHAR_COUNT\000"
 1342      455F4941 
 1342      535F4348 
 1342      41525F43 
 1342      4F554E54 
 1343              	.LASF62:
 1344 0b6a 4359424C 		.ascii	"CYBLE_EVT_GATTS_PREP_WRITE_REQ\000"
 1344      455F4556 
 1344      545F4741 
 1344      5454535F 
 1344      50524550 
 1345              	.LASF67:
 1346 0b89 4359424C 		.ascii	"CYBLE_EVT_GATTS_HANDLE_VALUE_CNF\000"
 1346      455F4556 
 1346      545F4741 
 1346      5454535F 
 1346      48414E44 
 1347              	.LASF96:
 1348 0baa 4359424C 		.ascii	"CYBLE_ERROR_REPEATED_ATTEMPTS\000"
 1348      455F4552 
 1348      524F525F 
 1348      52455045 
 1348      41544544 
 1349              	.LASF42:
 1350 0bc8 4359424C 		.ascii	"CYBLE_EVT_GAP_SMP_NEGOTIATED_AUTH_INFO\000"
 1350      455F4556 
 1350      545F4741 
 1350      505F534D 
 1350      505F4E45 
 1351              	.LASF132:
 1352 0bef 4359424C 		.ascii	"CYBLE_SRVI_COUNT\000"
 1352      455F5352 
 1352      56495F43 
 1352      4F554E54 
 1352      00
 1353              	.LASF127:
 1354 0c00 4359424C 		.ascii	"CYBLE_SRVI_GAP\000"
 1354      455F5352 
 1354      56495F47 
 1354      415000
 1355              	.LASF120:
 1356 0c0f 4359424C 		.ascii	"CYBLE_ERROR_STACK_BUSY\000"
 1356      455F4552 
 1356      524F525F 
 1356      53544143 
ARM GAS  C:\Users\cnpan\AppData\Local\Temp\ccOjjtvo.s 			page 34


 1356      4B5F4255 
 1357              	.LASF14:
 1358 0c26 6C6F6E67 		.ascii	"long double\000"
 1358      20646F75 
 1358      626C6500 
 1359              	.LASF13:
 1360 0c32 63686172 		.ascii	"char\000"
 1360      00
 1361              	.LASF99:
 1362 0c37 4359424C 		.ascii	"CYBLE_ERROR_BT_ON_NOT_COMPLETED\000"
 1362      455F4552 
 1362      524F525F 
 1362      42545F4F 
 1362      4E5F4E4F 
 1363              	.LASF129:
 1364 0c57 4359424C 		.ascii	"CYBLE_SRVI_CUSTOMS\000"
 1364      455F5352 
 1364      56495F43 
 1364      5553544F 
 1364      4D5300
 1365              	.LASF31:
 1366 0c6a 4359424C 		.ascii	"CYBLE_EVT_GAP_DEVICE_DISCONNECTED\000"
 1366      455F4556 
 1366      545F4741 
 1366      505F4445 
 1366      56494345 
 1367              	.LASF8:
 1368 0c8c 756E7369 		.ascii	"unsigned int\000"
 1368      676E6564 
 1368      20696E74 
 1368      00
 1369              	.LASF128:
 1370 0c99 4359424C 		.ascii	"CYBLE_SRVI_GATT\000"
 1370      455F5352 
 1370      56495F47 
 1370      41545400 
 1371              	.LASF70:
 1372 0ca9 4359424C 		.ascii	"CYBLE_EVT_GATTS_READ_CHAR_VAL_ACCESS_REQ\000"
 1372      455F4556 
 1372      545F4741 
 1372      5454535F 
 1372      52454144 
 1373              	.LASF143:
 1374 0cd2 424C4541 		.ascii	"BLEApplications.c\000"
 1374      70706C69 
 1374      63617469 
 1374      6F6E732E 
 1374      6300
 1375              	.LASF81:
 1376 0ce4 4359424C 		.ascii	"CYBLE_EVT_L2CAP_CBFC_TX_CREDIT_IND\000"
 1376      455F4556 
 1376      545F4C32 
 1376      4341505F 
 1376      43424643 
 1377              	.LASF109:
 1378 0d07 4359424C 		.ascii	"CYBLE_ERROR_FLASH_WRITE_NOT_PERMITED\000"
 1378      455F4552 
ARM GAS  C:\Users\cnpan\AppData\Local\Temp\ccOjjtvo.s 			page 35


 1378      524F525F 
 1378      464C4153 
 1378      485F5752 
 1379              	.LASF104:
 1380 0d2c 4359424C 		.ascii	"CYBLE_ERROR_L2CAP_CONNECTION_ENTITY_NOT_FOUND\000"
 1380      455F4552 
 1380      524F525F 
 1380      4C324341 
 1380      505F434F 
 1381              	.LASF26:
 1382 0d5a 4359424C 		.ascii	"CYBLE_EVT_GAP_PASSKEY_DISPLAY_REQUEST\000"
 1382      455F4556 
 1382      545F4741 
 1382      505F5041 
 1382      53534B45 
 1383              	.LASF19:
 1384 0d80 4359424C 		.ascii	"CYBLE_EVT_HARDWARE_ERROR\000"
 1384      455F4556 
 1384      545F4841 
 1384      52445741 
 1384      52455F45 
 1385              	.LASF3:
 1386 0d99 73686F72 		.ascii	"short unsigned int\000"
 1386      7420756E 
 1386      7369676E 
 1386      65642069 
 1386      6E7400
 1387              	.LASF90:
 1388 0dac 4359424C 		.ascii	"CYBLE_ERROR_INVALID_OPERATION\000"
 1388      455F4552 
 1388      524F525F 
 1388      494E5641 
 1388      4C49445F 
 1389              	.LASF50:
 1390 0dca 4359424C 		.ascii	"CYBLE_EVT_GATTS_XCNHG_MTU_REQ\000"
 1390      455F4556 
 1390      545F4741 
 1390      5454535F 
 1390      58434E48 
 1391              	.LASF144:
 1392 0de8 433A5C55 		.ascii	"C:\\Users\\cnpan\\Documents\\PSoC Creator\\Project "
 1392      73657273 
 1392      5C636E70 
 1392      616E5C44 
 1392      6F63756D 
 1393 0e16 446F6F72 		.ascii	"Door Opener\\PSoC_4_BLE_Central_IAS_with_Custom_Pro"
 1393      204F7065 
 1393      6E65725C 
 1393      50536F43 
 1393      5F345F42 
 1394 0e48 66696C65 		.ascii	"file\\PSoC_4_BLE_Central_IAS.cydsn\000"
 1394      5C50536F 
 1394      435F345F 
 1394      424C455F 
 1394      43656E74 
 1395              	.LASF57:
 1396 0e6a 4359424C 		.ascii	"CYBLE_EVT_GATTC_READ_BLOB_RSP\000"
ARM GAS  C:\Users\cnpan\AppData\Local\Temp\ccOjjtvo.s 			page 36


 1396      455F4556 
 1396      545F4741 
 1396      5454435F 
 1396      52454144 
 1397              	.LASF114:
 1398 0e88 4359424C 		.ascii	"CYBLE_ERROR_CONTROLLER_BUSY\000"
 1398      455F4552 
 1398      524F525F 
 1398      434F4E54 
 1398      524F4C4C 
 1399              	.LASF110:
 1400 0ea4 4359424C 		.ascii	"CYBLE_ERROR_MIC_AUTH_FAILED\000"
 1400      455F4552 
 1400      524F525F 
 1400      4D49435F 
 1400      41555448 
 1401              	.LASF103:
 1402 0ec0 4359424C 		.ascii	"CYBLE_ERROR_L2CAP_PSM_NOT_REGISTERED\000"
 1402      455F4552 
 1402      524F525F 
 1402      4C324341 
 1402      505F5053 
 1403              	.LASF55:
 1404 0ee5 4359424C 		.ascii	"CYBLE_EVT_GATTC_FIND_BY_TYPE_VALUE_RSP\000"
 1404      455F4556 
 1404      545F4741 
 1404      5454435F 
 1404      46494E44 
 1405              	.LASF97:
 1406 0f0c 4359424C 		.ascii	"CYBLE_ERROR_GAP_ROLE\000"
 1406      455F4552 
 1406      524F525F 
 1406      4741505F 
 1406      524F4C45 
 1407              	.LASF35:
 1408 0f21 4359424C 		.ascii	"CYBLE_EVT_GAP_KEYINFO_EXCHNGE_CMPLT\000"
 1408      455F4556 
 1408      545F4741 
 1408      505F4B45 
 1408      59494E46 
 1409              	.LASF122:
 1410 0f45 62644861 		.ascii	"bdHandle\000"
 1410      6E646C65 
 1410      00
 1411              	.LASF73:
 1412 0f4e 4359424C 		.ascii	"CYBLE_EVT_L2CAP_CONN_PARAM_UPDATE_RSP\000"
 1412      455F4556 
 1412      545F4C32 
 1412      4341505F 
 1412      434F4E4E 
 1413              	.LASF40:
 1414 0f74 4359424C 		.ascii	"CYBLE_EVT_GAP_ENHANCE_CONN_COMPLETE\000"
 1414      455F4556 
 1414      545F4741 
 1414      505F454E 
 1414      48414E43 
 1415              	.LASF49:
ARM GAS  C:\Users\cnpan\AppData\Local\Temp\ccOjjtvo.s 			page 37


 1416 0f98 4359424C 		.ascii	"CYBLE_EVT_GATT_DISCONNECT_IND\000"
 1416      455F4556 
 1416      545F4741 
 1416      54545F44 
 1416      4953434F 
 1417              	.LASF107:
 1418 0fb6 4359424C 		.ascii	"CYBLE_ERROR_GATT_DB_INVALID_ATTR_HANDLE\000"
 1418      455F4552 
 1418      524F525F 
 1418      47415454 
 1418      5F44425F 
 1419              	.LASF86:
 1420 0fde 4359424C 		.ascii	"CYBLE_EVT_FLASH_CORRUPT\000"
 1420      455F4556 
 1420      545F464C 
 1420      4153485F 
 1420      434F5252 
 1421              		.ident	"GCC: (GNU Tools for ARM Embedded Processors) 5.4.1 20160609 (release) [ARM/embedded-5-bran
