ARM GAS  C:\Users\cnpan\AppData\Local\Temp\ccZIcYbo.s 			page 1


   1              		.syntax unified
   2              		.cpu cortex-m0
   3              		.fpu softvfp
   4              		.eabi_attribute 20, 1
   5              		.eabi_attribute 21, 1
   6              		.eabi_attribute 23, 3
   7              		.eabi_attribute 24, 1
   8              		.eabi_attribute 25, 1
   9              		.eabi_attribute 26, 1
  10              		.eabi_attribute 30, 6
  11              		.eabi_attribute 34, 0
  12              		.eabi_attribute 18, 4
  13              		.thumb
  14              		.syntax unified
  15              		.file	"HandleLowPower.c"
  16              		.text
  17              	.Ltext0:
  18              		.cfi_sections	.debug_frame
  19              		.section	.text.MyISR,"ax",%progbits
  20              		.align	2
  21              		.global	MyISR
  22              		.code	16
  23              		.thumb_func
  24              		.type	MyISR, %function
  25              	MyISR:
  26              	.LFB37:
  27              		.file 1 "HandleLowPower.c"
   1:HandleLowPower.c **** 
   2:HandleLowPower.c **** #include <main.h>
   3:HandleLowPower.c **** 
   4:HandleLowPower.c **** 
   5:HandleLowPower.c **** 
   6:HandleLowPower.c **** 
   7:HandleLowPower.c **** void MyISR(void)
   8:HandleLowPower.c **** {
  28              		.loc 1 8 0
  29              		.cfi_startproc
  30              		@ args = 0, pretend = 0, frame = 0
  31              		@ frame_needed = 1, uses_anonymous_args = 0
  32 0000 80B5     		push	{r7, lr}
  33              		.cfi_def_cfa_offset 8
  34              		.cfi_offset 7, -8
  35              		.cfi_offset 14, -4
  36 0002 00AF     		add	r7, sp, #0
  37              		.cfi_def_cfa_register 7
   9:HandleLowPower.c **** 	/* Clear Pending interrupts */
  10:HandleLowPower.c **** 	isr_button_ClearPending();
  38              		.loc 1 10 0
  39 0004 FFF7FEFF 		bl	isr_button_ClearPending
  11:HandleLowPower.c **** 	
  12:HandleLowPower.c **** 	User_Button_ClearInterrupt();
  40              		.loc 1 12 0
  41 0008 FFF7FEFF 		bl	User_Button_ClearInterrupt
  13:HandleLowPower.c **** }
  42              		.loc 1 13 0
  43 000c C046     		nop
  44 000e BD46     		mov	sp, r7
ARM GAS  C:\Users\cnpan\AppData\Local\Temp\ccZIcYbo.s 			page 2


  45              		@ sp needed
  46 0010 80BD     		pop	{r7, pc}
  47              		.cfi_endproc
  48              	.LFE37:
  49              		.size	MyISR, .-MyISR
  50 0012 C046     		.text
  51              	.Letext0:
  52              		.section	.debug_info,"",%progbits
  53              	.Ldebug_info0:
  54 0000 9C000000 		.4byte	0x9c
  55 0004 0400     		.2byte	0x4
  56 0006 00000000 		.4byte	.Ldebug_abbrev0
  57 000a 04       		.byte	0x4
  58 000b 01       		.uleb128 0x1
  59 000c 3B010000 		.4byte	.LASF14
  60 0010 0C       		.byte	0xc
  61 0011 1B000000 		.4byte	.LASF15
  62 0015 2C000000 		.4byte	.LASF16
  63 0019 00000000 		.4byte	.Ldebug_ranges0+0
  64 001d 00000000 		.4byte	0
  65 0021 00000000 		.4byte	.Ldebug_line0
  66 0025 02       		.uleb128 0x2
  67 0026 01       		.byte	0x1
  68 0027 06       		.byte	0x6
  69 0028 13010000 		.4byte	.LASF0
  70 002c 02       		.uleb128 0x2
  71 002d 01       		.byte	0x1
  72 002e 08       		.byte	0x8
  73 002f DD000000 		.4byte	.LASF1
  74 0033 02       		.uleb128 0x2
  75 0034 02       		.byte	0x2
  76 0035 05       		.byte	0x5
  77 0036 31010000 		.4byte	.LASF2
  78 003a 02       		.uleb128 0x2
  79 003b 02       		.byte	0x2
  80 003c 07       		.byte	0x7
  81 003d 00010000 		.4byte	.LASF3
  82 0041 02       		.uleb128 0x2
  83 0042 04       		.byte	0x4
  84 0043 05       		.byte	0x5
  85 0044 F0000000 		.4byte	.LASF4
  86 0048 02       		.uleb128 0x2
  87 0049 04       		.byte	0x4
  88 004a 07       		.byte	0x7
  89 004b AE000000 		.4byte	.LASF5
  90 004f 02       		.uleb128 0x2
  91 0050 08       		.byte	0x8
  92 0051 05       		.byte	0x5
  93 0052 00000000 		.4byte	.LASF6
  94 0056 02       		.uleb128 0x2
  95 0057 08       		.byte	0x8
  96 0058 07       		.byte	0x7
  97 0059 C0000000 		.4byte	.LASF7
  98 005d 03       		.uleb128 0x3
  99 005e 04       		.byte	0x4
 100 005f 05       		.byte	0x5
 101 0060 696E7400 		.ascii	"int\000"
ARM GAS  C:\Users\cnpan\AppData\Local\Temp\ccZIcYbo.s 			page 3


 102 0064 02       		.uleb128 0x2
 103 0065 04       		.byte	0x4
 104 0066 07       		.byte	0x7
 105 0067 0E000000 		.4byte	.LASF8
 106 006b 02       		.uleb128 0x2
 107 006c 04       		.byte	0x4
 108 006d 04       		.byte	0x4
 109 006e 2B010000 		.4byte	.LASF9
 110 0072 02       		.uleb128 0x2
 111 0073 08       		.byte	0x8
 112 0074 04       		.byte	0x4
 113 0075 F9000000 		.4byte	.LASF10
 114 0079 02       		.uleb128 0x2
 115 007a 01       		.byte	0x1
 116 007b 08       		.byte	0x8
 117 007c EB000000 		.4byte	.LASF11
 118 0080 02       		.uleb128 0x2
 119 0081 08       		.byte	0x8
 120 0082 04       		.byte	0x4
 121 0083 1F010000 		.4byte	.LASF12
 122 0087 02       		.uleb128 0x2
 123 0088 04       		.byte	0x4
 124 0089 07       		.byte	0x7
 125 008a C9010000 		.4byte	.LASF13
 126 008e 04       		.uleb128 0x4
 127 008f D7000000 		.4byte	.LASF17
 128 0093 01       		.byte	0x1
 129 0094 07       		.byte	0x7
 130 0095 00000000 		.4byte	.LFB37
 131 0099 12000000 		.4byte	.LFE37-.LFB37
 132 009d 01       		.uleb128 0x1
 133 009e 9C       		.byte	0x9c
 134 009f 00       		.byte	0
 135              		.section	.debug_abbrev,"",%progbits
 136              	.Ldebug_abbrev0:
 137 0000 01       		.uleb128 0x1
 138 0001 11       		.uleb128 0x11
 139 0002 01       		.byte	0x1
 140 0003 25       		.uleb128 0x25
 141 0004 0E       		.uleb128 0xe
 142 0005 13       		.uleb128 0x13
 143 0006 0B       		.uleb128 0xb
 144 0007 03       		.uleb128 0x3
 145 0008 0E       		.uleb128 0xe
 146 0009 1B       		.uleb128 0x1b
 147 000a 0E       		.uleb128 0xe
 148 000b 55       		.uleb128 0x55
 149 000c 17       		.uleb128 0x17
 150 000d 11       		.uleb128 0x11
 151 000e 01       		.uleb128 0x1
 152 000f 10       		.uleb128 0x10
 153 0010 17       		.uleb128 0x17
 154 0011 00       		.byte	0
 155 0012 00       		.byte	0
 156 0013 02       		.uleb128 0x2
 157 0014 24       		.uleb128 0x24
 158 0015 00       		.byte	0
ARM GAS  C:\Users\cnpan\AppData\Local\Temp\ccZIcYbo.s 			page 4


 159 0016 0B       		.uleb128 0xb
 160 0017 0B       		.uleb128 0xb
 161 0018 3E       		.uleb128 0x3e
 162 0019 0B       		.uleb128 0xb
 163 001a 03       		.uleb128 0x3
 164 001b 0E       		.uleb128 0xe
 165 001c 00       		.byte	0
 166 001d 00       		.byte	0
 167 001e 03       		.uleb128 0x3
 168 001f 24       		.uleb128 0x24
 169 0020 00       		.byte	0
 170 0021 0B       		.uleb128 0xb
 171 0022 0B       		.uleb128 0xb
 172 0023 3E       		.uleb128 0x3e
 173 0024 0B       		.uleb128 0xb
 174 0025 03       		.uleb128 0x3
 175 0026 08       		.uleb128 0x8
 176 0027 00       		.byte	0
 177 0028 00       		.byte	0
 178 0029 04       		.uleb128 0x4
 179 002a 2E       		.uleb128 0x2e
 180 002b 00       		.byte	0
 181 002c 3F       		.uleb128 0x3f
 182 002d 19       		.uleb128 0x19
 183 002e 03       		.uleb128 0x3
 184 002f 0E       		.uleb128 0xe
 185 0030 3A       		.uleb128 0x3a
 186 0031 0B       		.uleb128 0xb
 187 0032 3B       		.uleb128 0x3b
 188 0033 0B       		.uleb128 0xb
 189 0034 27       		.uleb128 0x27
 190 0035 19       		.uleb128 0x19
 191 0036 11       		.uleb128 0x11
 192 0037 01       		.uleb128 0x1
 193 0038 12       		.uleb128 0x12
 194 0039 06       		.uleb128 0x6
 195 003a 40       		.uleb128 0x40
 196 003b 18       		.uleb128 0x18
 197 003c 9642     		.uleb128 0x2116
 198 003e 19       		.uleb128 0x19
 199 003f 00       		.byte	0
 200 0040 00       		.byte	0
 201 0041 00       		.byte	0
 202              		.section	.debug_aranges,"",%progbits
 203 0000 1C000000 		.4byte	0x1c
 204 0004 0200     		.2byte	0x2
 205 0006 00000000 		.4byte	.Ldebug_info0
 206 000a 04       		.byte	0x4
 207 000b 00       		.byte	0
 208 000c 0000     		.2byte	0
 209 000e 0000     		.2byte	0
 210 0010 00000000 		.4byte	.LFB37
 211 0014 12000000 		.4byte	.LFE37-.LFB37
 212 0018 00000000 		.4byte	0
 213 001c 00000000 		.4byte	0
 214              		.section	.debug_ranges,"",%progbits
 215              	.Ldebug_ranges0:
ARM GAS  C:\Users\cnpan\AppData\Local\Temp\ccZIcYbo.s 			page 5


 216 0000 00000000 		.4byte	.LFB37
 217 0004 12000000 		.4byte	.LFE37
 218 0008 00000000 		.4byte	0
 219 000c 00000000 		.4byte	0
 220              		.section	.debug_line,"",%progbits
 221              	.Ldebug_line0:
 222 0000 3D000000 		.section	.debug_str,"MS",%progbits,1
 222      02002700 
 222      00000201 
 222      FB0E0D00 
 222      01010101 
 223              	.LASF6:
 224 0000 6C6F6E67 		.ascii	"long long int\000"
 224      206C6F6E 
 224      6720696E 
 224      7400
 225              	.LASF8:
 226 000e 756E7369 		.ascii	"unsigned int\000"
 226      676E6564 
 226      20696E74 
 226      00
 227              	.LASF15:
 228 001b 48616E64 		.ascii	"HandleLowPower.c\000"
 228      6C654C6F 
 228      77506F77 
 228      65722E63 
 228      00
 229              	.LASF16:
 230 002c 433A5C55 		.ascii	"C:\\Users\\cnpan\\Documents\\PSoC Creator\\Project "
 230      73657273 
 230      5C636E70 
 230      616E5C44 
 230      6F63756D 
 231 005a 446F6F72 		.ascii	"Door Opener\\PSoC_4_BLE_Central_IAS_with_Custom_Pro"
 231      204F7065 
 231      6E65725C 
 231      50536F43 
 231      5F345F42 
 232 008c 66696C65 		.ascii	"file\\PSoC_4_BLE_Central_IAS.cydsn\000"
 232      5C50536F 
 232      435F345F 
 232      424C455F 
 232      43656E74 
 233              	.LASF5:
 234 00ae 6C6F6E67 		.ascii	"long unsigned int\000"
 234      20756E73 
 234      69676E65 
 234      6420696E 
 234      7400
 235              	.LASF7:
 236 00c0 6C6F6E67 		.ascii	"long long unsigned int\000"
 236      206C6F6E 
 236      6720756E 
 236      7369676E 
 236      65642069 
 237              	.LASF17:
 238 00d7 4D794953 		.ascii	"MyISR\000"
ARM GAS  C:\Users\cnpan\AppData\Local\Temp\ccZIcYbo.s 			page 6


 238      5200
 239              	.LASF1:
 240 00dd 756E7369 		.ascii	"unsigned char\000"
 240      676E6564 
 240      20636861 
 240      7200
 241              	.LASF11:
 242 00eb 63686172 		.ascii	"char\000"
 242      00
 243              	.LASF4:
 244 00f0 6C6F6E67 		.ascii	"long int\000"
 244      20696E74 
 244      00
 245              	.LASF10:
 246 00f9 646F7562 		.ascii	"double\000"
 246      6C6500
 247              	.LASF3:
 248 0100 73686F72 		.ascii	"short unsigned int\000"
 248      7420756E 
 248      7369676E 
 248      65642069 
 248      6E7400
 249              	.LASF0:
 250 0113 7369676E 		.ascii	"signed char\000"
 250      65642063 
 250      68617200 
 251              	.LASF12:
 252 011f 6C6F6E67 		.ascii	"long double\000"
 252      20646F75 
 252      626C6500 
 253              	.LASF9:
 254 012b 666C6F61 		.ascii	"float\000"
 254      7400
 255              	.LASF2:
 256 0131 73686F72 		.ascii	"short int\000"
 256      7420696E 
 256      7400
 257              	.LASF14:
 258 013b 474E5520 		.ascii	"GNU C11 5.4.1 20160609 (release) [ARM/embedded-5-br"
 258      43313120 
 258      352E342E 
 258      31203230 
 258      31363036 
 259 016e 616E6368 		.ascii	"anch revision 237715] -mcpu=cortex-m0 -mthumb -g -O"
 259      20726576 
 259      6973696F 
 259      6E203233 
 259      37373135 
 260 01a1 30202D66 		.ascii	"0 -ffunction-sections -ffat-lto-objects\000"
 260      66756E63 
 260      74696F6E 
 260      2D736563 
 260      74696F6E 
 261              	.LASF13:
 262 01c9 73697A65 		.ascii	"sizetype\000"
 262      74797065 
 262      00
ARM GAS  C:\Users\cnpan\AppData\Local\Temp\ccZIcYbo.s 			page 7


 263              		.ident	"GCC: (GNU Tools for ARM Embedded Processors) 5.4.1 20160609 (release) [ARM/embedded-5-bran
