ARM GAS  C:\Users\cnpan\AppData\Local\Temp\cc4ENFOm.s 			page 1


   1              		.syntax unified
   2              		.cpu cortex-m0
   3              		.fpu softvfp
   4              		.eabi_attribute 20, 1
   5              		.eabi_attribute 21, 1
   6              		.eabi_attribute 23, 3
   7              		.eabi_attribute 24, 1
   8              		.eabi_attribute 25, 1
   9              		.eabi_attribute 26, 1
  10              		.eabi_attribute 30, 6
  11              		.eabi_attribute 34, 0
  12              		.eabi_attribute 18, 4
  13              		.thumb
  14              		.syntax unified
  15              		.file	"main.c"
  16              		.text
  17              	.Ltext0:
  18              		.cfi_sections	.debug_frame
  19              		.section	.rodata
  20              		.align	2
  21              	.LC4:
  22 0000 2573200D 		.ascii	"%s \015\012\000"
  22      0A00
  23              		.section	.text.main,"ax",%progbits
  24              		.align	2
  25              		.global	main
  26              		.code	16
  27              		.thumb_func
  28              		.type	main, %function
  29              	main:
  30              	.LFB38:
  31              		.file 1 "main.c"
   1:main.c        **** #include <main.h>
   2:main.c        **** 
   3:main.c        **** #include <debug.h>
   4:main.c        **** /* 'CYBLE_BUTTONPRESS_BUTTONPRESS_CHAR_HANDLE' is the characteristic handle UUID 
   5:main.c        **** which  writes the changed value from the Server/Dongle copied from 
   6:main.c        **** PSoC_4_BLE_Central_IAS_with_Custom_Profile\BLE_Dongle_Peripheral_IAS.cydsn\Generated_Source\PSoC4\B
   7:main.c        **** #define CYBLE_BUTTONPRESS_BUTTONPRESS_CHAR_HANDLE   (0x0011u)
   8:main.c        **** 
   9:main.c        **** extern uint8 ble_state;
  10:main.c        **** extern uint8 deviceConnected;
  11:main.c        **** extern uint8 peripheralFound;
  12:main.c        **** extern uint8 restartScanning;
  13:main.c        **** 
  14:main.c        **** /* 'connectPeriphDevice' is a variable of type 'CYBLE_GAP_BD_ADDR_T' (defined in 
  15:main.c        **** * BLE_StackGap.h) and is used to store address of the connected device. */
  16:main.c        **** extern CYBLE_GAP_BD_ADDR_T connectPeriphDevice;
  17:main.c        **** extern CYBLE_CONN_HANDLE_T connHandle;
  18:main.c        **** extern char deviceName[15];
  19:main.c        **** 
  20:main.c        **** int main()
  21:main.c        **** {
  32              		.loc 1 21 0
  33              		.cfi_startproc
  34              		@ args = 0, pretend = 0, frame = 0
  35              		@ frame_needed = 1, uses_anonymous_args = 0
ARM GAS  C:\Users\cnpan\AppData\Local\Temp\cc4ENFOm.s 			page 2


  36 0000 80B5     		push	{r7, lr}
  37              		.cfi_def_cfa_offset 8
  38              		.cfi_offset 7, -8
  39              		.cfi_offset 14, -4
  40 0002 00AF     		add	r7, sp, #0
  41              		.cfi_def_cfa_register 7
  22:main.c        ****     /* Initialize the system */
  23:main.c        **** 	InitializeSystem();
  42              		.loc 1 23 0
  43 0004 FFF7FEFF 		bl	InitializeSystem
  44              	.L5:
  24:main.c        **** 	
  25:main.c        ****     for(;;)
  26:main.c        ****     {
  27:main.c        ****         /*Process Event callback to handle BLE events. The events generated and 
  28:main.c        **** 		* used for this application are inside the 'ApplicationEventHandler' routine */
  29:main.c        **** 		CyBle_ProcessEvents();
  45              		.loc 1 29 0
  46 0008 FFF7FEFF 		bl	CyBle_ProcessEvents
  30:main.c        **** 
  31:main.c        **** 		/* Handle BLE Status LED */
  32:main.c        **** 		HandleLEDs(ble_state);
  47              		.loc 1 32 0
  48 000c 1B4B     		ldr	r3, .L6
  49 000e 1B78     		ldrb	r3, [r3]
  50 0010 1800     		movs	r0, r3
  51 0012 FFF7FEFF 		bl	HandleLEDs
  33:main.c        **** 		
  34:main.c        **** 		if(peripheralFound)
  52              		.loc 1 34 0
  53 0016 1A4B     		ldr	r3, .L6+4
  54 0018 1B78     		ldrb	r3, [r3]
  55 001a 002B     		cmp	r3, #0
  56 001c 0ED0     		beq	.L2
  35:main.c        **** 		{
  36:main.c        **** 			/* If the desired peripheral is found, then connect to that peripheral */
  37:main.c        **** 			CyBle_GapcConnectDevice(&connectPeriphDevice);
  57              		.loc 1 37 0
  58 001e 194B     		ldr	r3, .L6+8
  59 0020 1800     		movs	r0, r3
  60 0022 FFF7FEFF 		bl	CyBle_GapcConnectDevice
  38:main.c        ****             printf("%s \r\n", deviceName);
  61              		.loc 1 38 0
  62 0026 184A     		ldr	r2, .L6+12
  63 0028 184B     		ldr	r3, .L6+16
  64 002a 1100     		movs	r1, r2
  65 002c 1800     		movs	r0, r3
  66 002e FFF7FEFF 		bl	printf
  39:main.c        **** 
  40:main.c        **** 			/* Call CyBle_ProcessEvents() once to process the Connect request sent above. */
  41:main.c        **** 			CyBle_ProcessEvents();
  67              		.loc 1 41 0
  68 0032 FFF7FEFF 		bl	CyBle_ProcessEvents
  42:main.c        **** 		
  43:main.c        **** 			/* Reset flag to prevent resending the Connect command */
  44:main.c        **** 			peripheralFound = FALSE;
  69              		.loc 1 44 0
ARM GAS  C:\Users\cnpan\AppData\Local\Temp\cc4ENFOm.s 			page 3


  70 0036 124B     		ldr	r3, .L6+4
  71 0038 0022     		movs	r2, #0
  72 003a 1A70     		strb	r2, [r3]
  73              	.L2:
  45:main.c        **** 		}
  46:main.c        **** 		if(deviceConnected)
  74              		.loc 1 46 0
  75 003c 144B     		ldr	r3, .L6+20
  76 003e 1B78     		ldrb	r3, [r3]
  77 0040 002B     		cmp	r3, #0
  78 0042 10D0     		beq	.L3
  47:main.c        **** 		{
  48:main.c        **** 			/* Check if the button was pressed and update the Alert Level Accordingly.*/
  49:main.c        **** 			CheckSwitchStatus();
  79              		.loc 1 49 0
  80 0044 FFF7FEFF 		bl	CheckSwitchStatus
  50:main.c        ****             CyBle_GattcReadCharacteristicValue(connHandle, CYBLE_BUTTONPRESS_BUTTONPRESS_CHAR_HANDL
  81              		.loc 1 50 0
  82 0048 124B     		ldr	r3, .L6+24
  83 004a 1A78     		ldrb	r2, [r3]
  84 004c 5B78     		ldrb	r3, [r3, #1]
  85 004e 1B02     		lsls	r3, r3, #8
  86 0050 1A43     		orrs	r2, r3
  87 0052 0023     		movs	r3, #0
  88 0054 1204     		lsls	r2, r2, #16
  89 0056 120C     		lsrs	r2, r2, #16
  90 0058 1B0C     		lsrs	r3, r3, #16
  91 005a 1B04     		lsls	r3, r3, #16
  92 005c 1343     		orrs	r3, r2
  93 005e 1121     		movs	r1, #17
  94 0060 1800     		movs	r0, r3
  95 0062 FFF7FEFF 		bl	CyBle_GattcReadCharacteristicValue
  96              	.L3:
  51:main.c        **** 		}
  52:main.c        **** 		/* If rescanning flag is TRUE, the restart the scan */
  53:main.c        **** 		if(restartScanning)
  97              		.loc 1 53 0
  98 0066 0C4B     		ldr	r3, .L6+28
  99 0068 1B78     		ldrb	r3, [r3]
 100 006a 002B     		cmp	r3, #0
 101 006c CCD0     		beq	.L5
  54:main.c        **** 		{
  55:main.c        **** 			/* Reset flag to prevent calling multiple Start Scan commands */
  56:main.c        **** 			restartScanning = FALSE;
 102              		.loc 1 56 0
 103 006e 0A4B     		ldr	r3, .L6+28
 104 0070 0022     		movs	r2, #0
 105 0072 1A70     		strb	r2, [r3]
  57:main.c        **** 			
  58:main.c        **** 			/* Start Fast BLE Scanning. This API will only take effect after calling
  59:main.c        **** 			* CyBle_ProcessEvents()*/
  60:main.c        **** 			CyBle_GapcStartScan(CYBLE_SCANNING_FAST);
 106              		.loc 1 60 0
 107 0074 0020     		movs	r0, #0
 108 0076 FFF7FEFF 		bl	CyBle_GapcStartScan
  61:main.c        **** 		}
  62:main.c        **** 	}
ARM GAS  C:\Users\cnpan\AppData\Local\Temp\cc4ENFOm.s 			page 4


 109              		.loc 1 62 0
 110 007a C5E7     		b	.L5
 111              	.L7:
 112              		.align	2
 113              	.L6:
 114 007c 00000000 		.word	ble_state
 115 0080 00000000 		.word	peripheralFound
 116 0084 00000000 		.word	connectPeriphDevice
 117 0088 00000000 		.word	deviceName
 118 008c 00000000 		.word	.LC4
 119 0090 00000000 		.word	deviceConnected
 120 0094 00000000 		.word	connHandle
 121 0098 00000000 		.word	restartScanning
 122              		.cfi_endproc
 123              	.LFE38:
 124              		.size	main, .-main
 125              		.section	.text.InitializeSystem,"ax",%progbits
 126              		.align	2
 127              		.global	InitializeSystem
 128              		.code	16
 129              		.thumb_func
 130              		.type	InitializeSystem, %function
 131              	InitializeSystem:
 132              	.LFB39:
  63:main.c        **** }
  64:main.c        **** 
  65:main.c        **** void InitializeSystem(void)
  66:main.c        **** {
 133              		.loc 1 66 0
 134              		.cfi_startproc
 135              		@ args = 0, pretend = 0, frame = 0
 136              		@ frame_needed = 1, uses_anonymous_args = 0
 137 0000 80B5     		push	{r7, lr}
 138              		.cfi_def_cfa_offset 8
 139              		.cfi_offset 7, -8
 140              		.cfi_offset 14, -4
 141 0002 00AF     		add	r7, sp, #0
 142              		.cfi_def_cfa_register 7
  67:main.c        **** 	/* Enable global interrupts. */
  68:main.c        **** 	CyGlobalIntEnable; 
 143              		.loc 1 68 0
 144              		.syntax divided
 145              	@ 68 "main.c" 1
 146 0004 62B6     		CPSIE   i
 147              	@ 0 "" 2
  69:main.c        **** 	
  70:main.c        **** 	/* Start BLE component with appropriate Event handler function */
  71:main.c        **** 	CyBle_Start(ApplicationEventHandler);
 148              		.loc 1 71 0
 149              		.thumb
 150              		.syntax unified
 151 0006 084B     		ldr	r3, .L9
 152 0008 1800     		movs	r0, r3
 153 000a FFF7FEFF 		bl	CyBle_Start
  72:main.c        **** 
  73:main.c        ****     UART_Start();
 154              		.loc 1 73 0
ARM GAS  C:\Users\cnpan\AppData\Local\Temp\cc4ENFOm.s 			page 5


 155 000e FFF7FEFF 		bl	UART_Start
  74:main.c        ****     UART_SpiUartClearTxBuffer();
 156              		.loc 1 74 0
 157 0012 FFF7FEFF 		bl	UART_SpiUartClearTxBuffer
  75:main.c        **** 	/* Load the BD address of peripheral device to which we have to connect */
  76:main.c        **** 	LoadPeripheralDeviceData(); 
 158              		.loc 1 76 0
 159 0016 FFF7FEFF 		bl	LoadPeripheralDeviceData
  77:main.c        **** 
  78:main.c        **** 	/* Start the Button ISR and indicate the ISR routine */
  79:main.c        **** 	isr_button_StartEx(MyISR);
 160              		.loc 1 79 0
 161 001a 044B     		ldr	r3, .L9+4
 162 001c 1800     		movs	r0, r3
 163 001e FFF7FEFF 		bl	isr_button_StartEx
  80:main.c        **** }
 164              		.loc 1 80 0
 165 0022 C046     		nop
 166 0024 BD46     		mov	sp, r7
 167              		@ sp needed
 168 0026 80BD     		pop	{r7, pc}
 169              	.L10:
 170              		.align	2
 171              	.L9:
 172 0028 00000000 		.word	ApplicationEventHandler
 173 002c 00000000 		.word	MyISR
 174              		.cfi_endproc
 175              	.LFE39:
 176              		.size	InitializeSystem, .-InitializeSystem
 177              		.text
 178              	.Letext0:
 179              		.file 2 "Generated_Source\\PSoC4/BLE_Stack.h"
 180              		.file 3 "Generated_Source\\PSoC4/cytypes.h"
 181              		.file 4 "Generated_Source\\PSoC4/BLE_StackGatt.h"
 182              		.section	.debug_info,"",%progbits
 183              	.Ldebug_info0:
 184 0000 8A010000 		.4byte	0x18a
 185 0004 0400     		.2byte	0x4
 186 0006 00000000 		.4byte	.Ldebug_abbrev0
 187 000a 04       		.byte	0x4
 188 000b 01       		.uleb128 0x1
 189 000c 8F000000 		.4byte	.LASF30
 190 0010 0C       		.byte	0xc
 191 0011 99010000 		.4byte	.LASF31
 192 0015 03020000 		.4byte	.LASF32
 193 0019 00000000 		.4byte	.Ldebug_ranges0+0
 194 001d 00000000 		.4byte	0
 195 0021 00000000 		.4byte	.Ldebug_line0
 196 0025 02       		.uleb128 0x2
 197 0026 01       		.byte	0x1
 198 0027 06       		.byte	0x6
 199 0028 F7010000 		.4byte	.LASF0
 200 002c 02       		.uleb128 0x2
 201 002d 01       		.byte	0x1
 202 002e 08       		.byte	0x8
 203 002f 55000000 		.4byte	.LASF1
 204 0033 02       		.uleb128 0x2
ARM GAS  C:\Users\cnpan\AppData\Local\Temp\cc4ENFOm.s 			page 6


 205 0034 02       		.byte	0x2
 206 0035 05       		.byte	0x5
 207 0036 A5010000 		.4byte	.LASF2
 208 003a 02       		.uleb128 0x2
 209 003b 02       		.byte	0x2
 210 003c 07       		.byte	0x7
 211 003d 14000000 		.4byte	.LASF3
 212 0041 02       		.uleb128 0x2
 213 0042 04       		.byte	0x4
 214 0043 05       		.byte	0x5
 215 0044 C3010000 		.4byte	.LASF4
 216 0048 02       		.uleb128 0x2
 217 0049 04       		.byte	0x4
 218 004a 07       		.byte	0x7
 219 004b 77000000 		.4byte	.LASF5
 220 004f 02       		.uleb128 0x2
 221 0050 08       		.byte	0x8
 222 0051 05       		.byte	0x5
 223 0052 8B010000 		.4byte	.LASF6
 224 0056 02       		.uleb128 0x2
 225 0057 08       		.byte	0x8
 226 0058 07       		.byte	0x7
 227 0059 3E000000 		.4byte	.LASF7
 228 005d 03       		.uleb128 0x3
 229 005e 04       		.byte	0x4
 230 005f 05       		.byte	0x5
 231 0060 696E7400 		.ascii	"int\000"
 232 0064 02       		.uleb128 0x2
 233 0065 04       		.byte	0x4
 234 0066 07       		.byte	0x7
 235 0067 59010000 		.4byte	.LASF8
 236 006b 04       		.uleb128 0x4
 237 006c 89000000 		.4byte	.LASF16
 238 0070 03       		.byte	0x3
 239 0071 B901     		.2byte	0x1b9
 240 0073 2C000000 		.4byte	0x2c
 241 0077 02       		.uleb128 0x2
 242 0078 04       		.byte	0x4
 243 0079 04       		.byte	0x4
 244 007a 38000000 		.4byte	.LASF9
 245 007e 02       		.uleb128 0x2
 246 007f 08       		.byte	0x8
 247 0080 04       		.byte	0x4
 248 0081 1D010000 		.4byte	.LASF10
 249 0085 02       		.uleb128 0x2
 250 0086 01       		.byte	0x1
 251 0087 08       		.byte	0x8
 252 0088 6D010000 		.4byte	.LASF11
 253 008c 02       		.uleb128 0x2
 254 008d 08       		.byte	0x8
 255 008e 04       		.byte	0x4
 256 008f D7010000 		.4byte	.LASF12
 257 0093 02       		.uleb128 0x2
 258 0094 04       		.byte	0x4
 259 0095 07       		.byte	0x7
 260 0096 82010000 		.4byte	.LASF13
 261 009a 05       		.uleb128 0x5
ARM GAS  C:\Users\cnpan\AppData\Local\Temp\cc4ENFOm.s 			page 7


 262 009b 07       		.byte	0x7
 263 009c 02       		.byte	0x2
 264 009d 3F05     		.2byte	0x53f
 265 009f BE000000 		.4byte	0xbe
 266 00a3 06       		.uleb128 0x6
 267 00a4 66010000 		.4byte	.LASF14
 268 00a8 02       		.byte	0x2
 269 00a9 4205     		.2byte	0x542
 270 00ab BE000000 		.4byte	0xbe
 271 00af 00       		.byte	0
 272 00b0 06       		.uleb128 0x6
 273 00b1 A0010000 		.4byte	.LASF15
 274 00b5 02       		.byte	0x2
 275 00b6 4405     		.2byte	0x544
 276 00b8 6B000000 		.4byte	0x6b
 277 00bc 06       		.byte	0x6
 278 00bd 00       		.byte	0
 279 00be 07       		.uleb128 0x7
 280 00bf 6B000000 		.4byte	0x6b
 281 00c3 CE000000 		.4byte	0xce
 282 00c7 08       		.uleb128 0x8
 283 00c8 93000000 		.4byte	0x93
 284 00cc 05       		.byte	0x5
 285 00cd 00       		.byte	0
 286 00ce 04       		.uleb128 0x4
 287 00cf 63000000 		.4byte	.LASF17
 288 00d3 02       		.byte	0x2
 289 00d4 4505     		.2byte	0x545
 290 00d6 9A000000 		.4byte	0x9a
 291 00da 05       		.uleb128 0x5
 292 00db 02       		.byte	0x2
 293 00dc 04       		.byte	0x4
 294 00dd 9301     		.2byte	0x193
 295 00df FE000000 		.4byte	0xfe
 296 00e3 06       		.uleb128 0x6
 297 00e4 00000000 		.4byte	.LASF18
 298 00e8 04       		.byte	0x4
 299 00e9 9A01     		.2byte	0x19a
 300 00eb 6B000000 		.4byte	0x6b
 301 00ef 00       		.byte	0
 302 00f0 06       		.uleb128 0x6
 303 00f1 24010000 		.4byte	.LASF19
 304 00f5 04       		.byte	0x4
 305 00f6 A001     		.2byte	0x1a0
 306 00f8 6B000000 		.4byte	0x6b
 307 00fc 01       		.byte	0x1
 308 00fd 00       		.byte	0
 309 00fe 04       		.uleb128 0x4
 310 00ff AF010000 		.4byte	.LASF20
 311 0103 04       		.byte	0x4
 312 0104 A201     		.2byte	0x1a2
 313 0106 DA000000 		.4byte	0xda
 314 010a 09       		.uleb128 0x9
 315 010b 3A010000 		.4byte	.LASF21
 316 010f 01       		.byte	0x1
 317 0110 14       		.byte	0x14
 318 0111 5D000000 		.4byte	0x5d
ARM GAS  C:\Users\cnpan\AppData\Local\Temp\cc4ENFOm.s 			page 8


 319 0115 00000000 		.4byte	.LFB38
 320 0119 9C000000 		.4byte	.LFE38-.LFB38
 321 011d 01       		.uleb128 0x1
 322 011e 9C       		.byte	0x9c
 323 011f 0A       		.uleb128 0xa
 324 0120 27000000 		.4byte	.LASF22
 325 0124 01       		.byte	0x1
 326 0125 41       		.byte	0x41
 327 0126 00000000 		.4byte	.LFB39
 328 012a 30000000 		.4byte	.LFE39-.LFB39
 329 012e 01       		.uleb128 0x1
 330 012f 9C       		.byte	0x9c
 331 0130 0B       		.uleb128 0xb
 332 0131 3F010000 		.4byte	.LASF23
 333 0135 01       		.byte	0x1
 334 0136 09       		.byte	0x9
 335 0137 6B000000 		.4byte	0x6b
 336 013b 0B       		.uleb128 0xb
 337 013c 49010000 		.4byte	.LASF24
 338 0140 01       		.byte	0x1
 339 0141 0A       		.byte	0xa
 340 0142 6B000000 		.4byte	0x6b
 341 0146 0B       		.uleb128 0xb
 342 0147 2A010000 		.4byte	.LASF25
 343 014b 01       		.byte	0x1
 344 014c 0B       		.byte	0xb
 345 014d 6B000000 		.4byte	0x6b
 346 0151 0B       		.uleb128 0xb
 347 0152 72010000 		.4byte	.LASF26
 348 0156 01       		.byte	0x1
 349 0157 0C       		.byte	0xc
 350 0158 6B000000 		.4byte	0x6b
 351 015c 0B       		.uleb128 0xb
 352 015d E3010000 		.4byte	.LASF27
 353 0161 01       		.byte	0x1
 354 0162 10       		.byte	0x10
 355 0163 CE000000 		.4byte	0xce
 356 0167 0B       		.uleb128 0xb
 357 0168 CC010000 		.4byte	.LASF28
 358 016c 01       		.byte	0x1
 359 016d 11       		.byte	0x11
 360 016e FE000000 		.4byte	0xfe
 361 0172 07       		.uleb128 0x7
 362 0173 85000000 		.4byte	0x85
 363 0177 82010000 		.4byte	0x182
 364 017b 08       		.uleb128 0x8
 365 017c 93000000 		.4byte	0x93
 366 0180 0E       		.byte	0xe
 367 0181 00       		.byte	0
 368 0182 0B       		.uleb128 0xb
 369 0183 09000000 		.4byte	.LASF29
 370 0187 01       		.byte	0x1
 371 0188 12       		.byte	0x12
 372 0189 72010000 		.4byte	0x172
 373 018d 00       		.byte	0
 374              		.section	.debug_abbrev,"",%progbits
 375              	.Ldebug_abbrev0:
ARM GAS  C:\Users\cnpan\AppData\Local\Temp\cc4ENFOm.s 			page 9


 376 0000 01       		.uleb128 0x1
 377 0001 11       		.uleb128 0x11
 378 0002 01       		.byte	0x1
 379 0003 25       		.uleb128 0x25
 380 0004 0E       		.uleb128 0xe
 381 0005 13       		.uleb128 0x13
 382 0006 0B       		.uleb128 0xb
 383 0007 03       		.uleb128 0x3
 384 0008 0E       		.uleb128 0xe
 385 0009 1B       		.uleb128 0x1b
 386 000a 0E       		.uleb128 0xe
 387 000b 55       		.uleb128 0x55
 388 000c 17       		.uleb128 0x17
 389 000d 11       		.uleb128 0x11
 390 000e 01       		.uleb128 0x1
 391 000f 10       		.uleb128 0x10
 392 0010 17       		.uleb128 0x17
 393 0011 00       		.byte	0
 394 0012 00       		.byte	0
 395 0013 02       		.uleb128 0x2
 396 0014 24       		.uleb128 0x24
 397 0015 00       		.byte	0
 398 0016 0B       		.uleb128 0xb
 399 0017 0B       		.uleb128 0xb
 400 0018 3E       		.uleb128 0x3e
 401 0019 0B       		.uleb128 0xb
 402 001a 03       		.uleb128 0x3
 403 001b 0E       		.uleb128 0xe
 404 001c 00       		.byte	0
 405 001d 00       		.byte	0
 406 001e 03       		.uleb128 0x3
 407 001f 24       		.uleb128 0x24
 408 0020 00       		.byte	0
 409 0021 0B       		.uleb128 0xb
 410 0022 0B       		.uleb128 0xb
 411 0023 3E       		.uleb128 0x3e
 412 0024 0B       		.uleb128 0xb
 413 0025 03       		.uleb128 0x3
 414 0026 08       		.uleb128 0x8
 415 0027 00       		.byte	0
 416 0028 00       		.byte	0
 417 0029 04       		.uleb128 0x4
 418 002a 16       		.uleb128 0x16
 419 002b 00       		.byte	0
 420 002c 03       		.uleb128 0x3
 421 002d 0E       		.uleb128 0xe
 422 002e 3A       		.uleb128 0x3a
 423 002f 0B       		.uleb128 0xb
 424 0030 3B       		.uleb128 0x3b
 425 0031 05       		.uleb128 0x5
 426 0032 49       		.uleb128 0x49
 427 0033 13       		.uleb128 0x13
 428 0034 00       		.byte	0
 429 0035 00       		.byte	0
 430 0036 05       		.uleb128 0x5
 431 0037 13       		.uleb128 0x13
 432 0038 01       		.byte	0x1
ARM GAS  C:\Users\cnpan\AppData\Local\Temp\cc4ENFOm.s 			page 10


 433 0039 0B       		.uleb128 0xb
 434 003a 0B       		.uleb128 0xb
 435 003b 3A       		.uleb128 0x3a
 436 003c 0B       		.uleb128 0xb
 437 003d 3B       		.uleb128 0x3b
 438 003e 05       		.uleb128 0x5
 439 003f 01       		.uleb128 0x1
 440 0040 13       		.uleb128 0x13
 441 0041 00       		.byte	0
 442 0042 00       		.byte	0
 443 0043 06       		.uleb128 0x6
 444 0044 0D       		.uleb128 0xd
 445 0045 00       		.byte	0
 446 0046 03       		.uleb128 0x3
 447 0047 0E       		.uleb128 0xe
 448 0048 3A       		.uleb128 0x3a
 449 0049 0B       		.uleb128 0xb
 450 004a 3B       		.uleb128 0x3b
 451 004b 05       		.uleb128 0x5
 452 004c 49       		.uleb128 0x49
 453 004d 13       		.uleb128 0x13
 454 004e 38       		.uleb128 0x38
 455 004f 0B       		.uleb128 0xb
 456 0050 00       		.byte	0
 457 0051 00       		.byte	0
 458 0052 07       		.uleb128 0x7
 459 0053 01       		.uleb128 0x1
 460 0054 01       		.byte	0x1
 461 0055 49       		.uleb128 0x49
 462 0056 13       		.uleb128 0x13
 463 0057 01       		.uleb128 0x1
 464 0058 13       		.uleb128 0x13
 465 0059 00       		.byte	0
 466 005a 00       		.byte	0
 467 005b 08       		.uleb128 0x8
 468 005c 21       		.uleb128 0x21
 469 005d 00       		.byte	0
 470 005e 49       		.uleb128 0x49
 471 005f 13       		.uleb128 0x13
 472 0060 2F       		.uleb128 0x2f
 473 0061 0B       		.uleb128 0xb
 474 0062 00       		.byte	0
 475 0063 00       		.byte	0
 476 0064 09       		.uleb128 0x9
 477 0065 2E       		.uleb128 0x2e
 478 0066 00       		.byte	0
 479 0067 3F       		.uleb128 0x3f
 480 0068 19       		.uleb128 0x19
 481 0069 03       		.uleb128 0x3
 482 006a 0E       		.uleb128 0xe
 483 006b 3A       		.uleb128 0x3a
 484 006c 0B       		.uleb128 0xb
 485 006d 3B       		.uleb128 0x3b
 486 006e 0B       		.uleb128 0xb
 487 006f 49       		.uleb128 0x49
 488 0070 13       		.uleb128 0x13
 489 0071 11       		.uleb128 0x11
ARM GAS  C:\Users\cnpan\AppData\Local\Temp\cc4ENFOm.s 			page 11


 490 0072 01       		.uleb128 0x1
 491 0073 12       		.uleb128 0x12
 492 0074 06       		.uleb128 0x6
 493 0075 40       		.uleb128 0x40
 494 0076 18       		.uleb128 0x18
 495 0077 9642     		.uleb128 0x2116
 496 0079 19       		.uleb128 0x19
 497 007a 00       		.byte	0
 498 007b 00       		.byte	0
 499 007c 0A       		.uleb128 0xa
 500 007d 2E       		.uleb128 0x2e
 501 007e 00       		.byte	0
 502 007f 3F       		.uleb128 0x3f
 503 0080 19       		.uleb128 0x19
 504 0081 03       		.uleb128 0x3
 505 0082 0E       		.uleb128 0xe
 506 0083 3A       		.uleb128 0x3a
 507 0084 0B       		.uleb128 0xb
 508 0085 3B       		.uleb128 0x3b
 509 0086 0B       		.uleb128 0xb
 510 0087 27       		.uleb128 0x27
 511 0088 19       		.uleb128 0x19
 512 0089 11       		.uleb128 0x11
 513 008a 01       		.uleb128 0x1
 514 008b 12       		.uleb128 0x12
 515 008c 06       		.uleb128 0x6
 516 008d 40       		.uleb128 0x40
 517 008e 18       		.uleb128 0x18
 518 008f 9642     		.uleb128 0x2116
 519 0091 19       		.uleb128 0x19
 520 0092 00       		.byte	0
 521 0093 00       		.byte	0
 522 0094 0B       		.uleb128 0xb
 523 0095 34       		.uleb128 0x34
 524 0096 00       		.byte	0
 525 0097 03       		.uleb128 0x3
 526 0098 0E       		.uleb128 0xe
 527 0099 3A       		.uleb128 0x3a
 528 009a 0B       		.uleb128 0xb
 529 009b 3B       		.uleb128 0x3b
 530 009c 0B       		.uleb128 0xb
 531 009d 49       		.uleb128 0x49
 532 009e 13       		.uleb128 0x13
 533 009f 3F       		.uleb128 0x3f
 534 00a0 19       		.uleb128 0x19
 535 00a1 3C       		.uleb128 0x3c
 536 00a2 19       		.uleb128 0x19
 537 00a3 00       		.byte	0
 538 00a4 00       		.byte	0
 539 00a5 00       		.byte	0
 540              		.section	.debug_aranges,"",%progbits
 541 0000 24000000 		.4byte	0x24
 542 0004 0200     		.2byte	0x2
 543 0006 00000000 		.4byte	.Ldebug_info0
 544 000a 04       		.byte	0x4
 545 000b 00       		.byte	0
 546 000c 0000     		.2byte	0
ARM GAS  C:\Users\cnpan\AppData\Local\Temp\cc4ENFOm.s 			page 12


 547 000e 0000     		.2byte	0
 548 0010 00000000 		.4byte	.LFB38
 549 0014 9C000000 		.4byte	.LFE38-.LFB38
 550 0018 00000000 		.4byte	.LFB39
 551 001c 30000000 		.4byte	.LFE39-.LFB39
 552 0020 00000000 		.4byte	0
 553 0024 00000000 		.4byte	0
 554              		.section	.debug_ranges,"",%progbits
 555              	.Ldebug_ranges0:
 556 0000 00000000 		.4byte	.LFB38
 557 0004 9C000000 		.4byte	.LFE38
 558 0008 00000000 		.4byte	.LFB39
 559 000c 30000000 		.4byte	.LFE39
 560 0010 00000000 		.4byte	0
 561 0014 00000000 		.4byte	0
 562              		.section	.debug_line,"",%progbits
 563              	.Ldebug_line0:
 564 0000 9D000000 		.section	.debug_str,"MS",%progbits,1
 564      02006300 
 564      00000201 
 564      FB0E0D00 
 564      01010101 
 565              	.LASF18:
 566 0000 62644861 		.ascii	"bdHandle\000"
 566      6E646C65 
 566      00
 567              	.LASF29:
 568 0009 64657669 		.ascii	"deviceName\000"
 568      63654E61 
 568      6D6500
 569              	.LASF3:
 570 0014 73686F72 		.ascii	"short unsigned int\000"
 570      7420756E 
 570      7369676E 
 570      65642069 
 570      6E7400
 571              	.LASF22:
 572 0027 496E6974 		.ascii	"InitializeSystem\000"
 572      69616C69 
 572      7A655379 
 572      7374656D 
 572      00
 573              	.LASF9:
 574 0038 666C6F61 		.ascii	"float\000"
 574      7400
 575              	.LASF7:
 576 003e 6C6F6E67 		.ascii	"long long unsigned int\000"
 576      206C6F6E 
 576      6720756E 
 576      7369676E 
 576      65642069 
 577              	.LASF1:
 578 0055 756E7369 		.ascii	"unsigned char\000"
 578      676E6564 
 578      20636861 
 578      7200
 579              	.LASF17:
ARM GAS  C:\Users\cnpan\AppData\Local\Temp\cc4ENFOm.s 			page 13


 580 0063 4359424C 		.ascii	"CYBLE_GAP_BD_ADDR_T\000"
 580      455F4741 
 580      505F4244 
 580      5F414444 
 580      525F5400 
 581              	.LASF5:
 582 0077 6C6F6E67 		.ascii	"long unsigned int\000"
 582      20756E73 
 582      69676E65 
 582      6420696E 
 582      7400
 583              	.LASF16:
 584 0089 75696E74 		.ascii	"uint8\000"
 584      3800
 585              	.LASF30:
 586 008f 474E5520 		.ascii	"GNU C11 5.4.1 20160609 (release) [ARM/embedded-5-br"
 586      43313120 
 586      352E342E 
 586      31203230 
 586      31363036 
 587 00c2 616E6368 		.ascii	"anch revision 237715] -mcpu=cortex-m0 -mthumb -g -O"
 587      20726576 
 587      6973696F 
 587      6E203233 
 587      37373135 
 588 00f5 30202D66 		.ascii	"0 -ffunction-sections -ffat-lto-objects\000"
 588      66756E63 
 588      74696F6E 
 588      2D736563 
 588      74696F6E 
 589              	.LASF10:
 590 011d 646F7562 		.ascii	"double\000"
 590      6C6500
 591              	.LASF19:
 592 0124 61747449 		.ascii	"attId\000"
 592      6400
 593              	.LASF25:
 594 012a 70657269 		.ascii	"peripheralFound\000"
 594      70686572 
 594      616C466F 
 594      756E6400 
 595              	.LASF21:
 596 013a 6D61696E 		.ascii	"main\000"
 596      00
 597              	.LASF23:
 598 013f 626C655F 		.ascii	"ble_state\000"
 598      73746174 
 598      6500
 599              	.LASF24:
 600 0149 64657669 		.ascii	"deviceConnected\000"
 600      6365436F 
 600      6E6E6563 
 600      74656400 
 601              	.LASF8:
 602 0159 756E7369 		.ascii	"unsigned int\000"
 602      676E6564 
 602      20696E74 
ARM GAS  C:\Users\cnpan\AppData\Local\Temp\cc4ENFOm.s 			page 14


 602      00
 603              	.LASF14:
 604 0166 62644164 		.ascii	"bdAddr\000"
 604      647200
 605              	.LASF11:
 606 016d 63686172 		.ascii	"char\000"
 606      00
 607              	.LASF26:
 608 0172 72657374 		.ascii	"restartScanning\000"
 608      61727453 
 608      63616E6E 
 608      696E6700 
 609              	.LASF13:
 610 0182 73697A65 		.ascii	"sizetype\000"
 610      74797065 
 610      00
 611              	.LASF6:
 612 018b 6C6F6E67 		.ascii	"long long int\000"
 612      206C6F6E 
 612      6720696E 
 612      7400
 613              	.LASF31:
 614 0199 6D61696E 		.ascii	"main.c\000"
 614      2E6300
 615              	.LASF15:
 616 01a0 74797065 		.ascii	"type\000"
 616      00
 617              	.LASF2:
 618 01a5 73686F72 		.ascii	"short int\000"
 618      7420696E 
 618      7400
 619              	.LASF20:
 620 01af 4359424C 		.ascii	"CYBLE_CONN_HANDLE_T\000"
 620      455F434F 
 620      4E4E5F48 
 620      414E444C 
 620      455F5400 
 621              	.LASF4:
 622 01c3 6C6F6E67 		.ascii	"long int\000"
 622      20696E74 
 622      00
 623              	.LASF28:
 624 01cc 636F6E6E 		.ascii	"connHandle\000"
 624      48616E64 
 624      6C6500
 625              	.LASF12:
 626 01d7 6C6F6E67 		.ascii	"long double\000"
 626      20646F75 
 626      626C6500 
 627              	.LASF27:
 628 01e3 636F6E6E 		.ascii	"connectPeriphDevice\000"
 628      65637450 
 628      65726970 
 628      68446576 
 628      69636500 
 629              	.LASF0:
 630 01f7 7369676E 		.ascii	"signed char\000"
ARM GAS  C:\Users\cnpan\AppData\Local\Temp\cc4ENFOm.s 			page 15


 630      65642063 
 630      68617200 
 631              	.LASF32:
 632 0203 433A5C55 		.ascii	"C:\\Users\\cnpan\\Documents\\PSoC Creator\\Project "
 632      73657273 
 632      5C636E70 
 632      616E5C44 
 632      6F63756D 
 633 0231 446F6F72 		.ascii	"Door Opener\\PSoC_4_BLE_Central_IAS_with_Custom_Pro"
 633      204F7065 
 633      6E65725C 
 633      50536F43 
 633      5F345F42 
 634 0263 66696C65 		.ascii	"file\\PSoC_4_BLE_Central_IAS.cydsn\000"
 634      5C50536F 
 634      435F345F 
 634      424C455F 
 634      43656E74 
 635              		.ident	"GCC: (GNU Tools for ARM Embedded Processors) 5.4.1 20160609 (release) [ARM/embedded-5-bran
